ARM GAS  C:\Users\Ryan\AppData\Local\Temp\ccd9eewk.s 			page 1


   1              		.syntax unified
   2              		.cpu cortex-m0plus
   3              		.fpu softvfp
   4              		.eabi_attribute 20, 1
   5              		.eabi_attribute 21, 1
   6              		.eabi_attribute 23, 3
   7              		.eabi_attribute 24, 1
   8              		.eabi_attribute 25, 1
   9              		.eabi_attribute 26, 1
  10              		.eabi_attribute 30, 1
  11              		.eabi_attribute 34, 0
  12              		.eabi_attribute 18, 4
  13              		.thumb
  14              		.syntax unified
  15              		.file	"cyfitter_cfg.c"
  16              		.text
  17              	.Ltext0:
  18              		.cfi_sections	.debug_frame
  19              		.section	.text.AnalogSetDefault,"ax",%progbits
  20              		.align	2
  21              		.code	16
  22              		.thumb_func
  23              		.type	AnalogSetDefault, %function
  24              	AnalogSetDefault:
  25              	.LFB5:
  26              		.file 1 "Generated_Source\\PSoC4\\cyfitter_cfg.c"
   1:Generated_Source\PSoC4/cyfitter_cfg.c **** 
   2:Generated_Source\PSoC4/cyfitter_cfg.c **** /*******************************************************************************
   3:Generated_Source\PSoC4/cyfitter_cfg.c **** * File Name: cyfitter_cfg.c
   4:Generated_Source\PSoC4/cyfitter_cfg.c **** * 
   5:Generated_Source\PSoC4/cyfitter_cfg.c **** * PSoC Creator  4.4
   6:Generated_Source\PSoC4/cyfitter_cfg.c **** *
   7:Generated_Source\PSoC4/cyfitter_cfg.c **** * Description:
   8:Generated_Source\PSoC4/cyfitter_cfg.c **** * This file contains device initialization code.
   9:Generated_Source\PSoC4/cyfitter_cfg.c **** * Except for the user defined sections in CyClockStartupError(), this file should not be modified.
  10:Generated_Source\PSoC4/cyfitter_cfg.c **** * This file is automatically generated by PSoC Creator.
  11:Generated_Source\PSoC4/cyfitter_cfg.c **** *
  12:Generated_Source\PSoC4/cyfitter_cfg.c **** ********************************************************************************
  13:Generated_Source\PSoC4/cyfitter_cfg.c **** * Copyright (c) 2007-2020 Cypress Semiconductor.  All rights reserved.
  14:Generated_Source\PSoC4/cyfitter_cfg.c **** * You may use this file only in accordance with the license, terms, conditions, 
  15:Generated_Source\PSoC4/cyfitter_cfg.c **** * disclaimers, and limitations in the end user license agreement accompanying 
  16:Generated_Source\PSoC4/cyfitter_cfg.c **** * the software package with which this file was provided.
  17:Generated_Source\PSoC4/cyfitter_cfg.c **** ********************************************************************************/
  18:Generated_Source\PSoC4/cyfitter_cfg.c **** 
  19:Generated_Source\PSoC4/cyfitter_cfg.c **** #include <string.h>
  20:Generated_Source\PSoC4/cyfitter_cfg.c **** #include "cytypes.h"
  21:Generated_Source\PSoC4/cyfitter_cfg.c **** #include "cydevice_trm.h"
  22:Generated_Source\PSoC4/cyfitter_cfg.c **** #include "cyfitter.h"
  23:Generated_Source\PSoC4/cyfitter_cfg.c **** #include "CyLib.h"
  24:Generated_Source\PSoC4/cyfitter_cfg.c **** #include "cyfitter_cfg.h"
  25:Generated_Source\PSoC4/cyfitter_cfg.c **** #include "cyapicallbacks.h"
  26:Generated_Source\PSoC4/cyfitter_cfg.c **** 
  27:Generated_Source\PSoC4/cyfitter_cfg.c **** 
  28:Generated_Source\PSoC4/cyfitter_cfg.c **** #if defined(__GNUC__) || defined(__ARMCC_VERSION)
  29:Generated_Source\PSoC4/cyfitter_cfg.c ****     #define CYPACKED 
  30:Generated_Source\PSoC4/cyfitter_cfg.c ****     #define CYPACKED_ATTR __attribute__ ((packed))
  31:Generated_Source\PSoC4/cyfitter_cfg.c ****     #define CYALIGNED __attribute__ ((aligned))
ARM GAS  C:\Users\Ryan\AppData\Local\Temp\ccd9eewk.s 			page 2


  32:Generated_Source\PSoC4/cyfitter_cfg.c ****     #define CY_CFG_UNUSED __attribute__ ((unused))
  33:Generated_Source\PSoC4/cyfitter_cfg.c ****     #ifndef CY_CFG_SECTION
  34:Generated_Source\PSoC4/cyfitter_cfg.c ****         #define CY_CFG_SECTION __attribute__ ((section(".psocinit")))
  35:Generated_Source\PSoC4/cyfitter_cfg.c ****     #endif
  36:Generated_Source\PSoC4/cyfitter_cfg.c ****     
  37:Generated_Source\PSoC4/cyfitter_cfg.c ****     #if defined(__ARMCC_VERSION)
  38:Generated_Source\PSoC4/cyfitter_cfg.c ****         #define CY_CFG_MEMORY_BARRIER() __memory_changed()
  39:Generated_Source\PSoC4/cyfitter_cfg.c ****     #else
  40:Generated_Source\PSoC4/cyfitter_cfg.c ****         #define CY_CFG_MEMORY_BARRIER() __sync_synchronize()
  41:Generated_Source\PSoC4/cyfitter_cfg.c ****     #endif
  42:Generated_Source\PSoC4/cyfitter_cfg.c ****     
  43:Generated_Source\PSoC4/cyfitter_cfg.c **** #elif defined(__ICCARM__)
  44:Generated_Source\PSoC4/cyfitter_cfg.c ****     #include <intrinsics.h>
  45:Generated_Source\PSoC4/cyfitter_cfg.c **** 
  46:Generated_Source\PSoC4/cyfitter_cfg.c ****     #define CYPACKED __packed
  47:Generated_Source\PSoC4/cyfitter_cfg.c ****     #define CYPACKED_ATTR 
  48:Generated_Source\PSoC4/cyfitter_cfg.c ****     #define CYALIGNED _Pragma("data_alignment=4")
  49:Generated_Source\PSoC4/cyfitter_cfg.c ****     #define CY_CFG_UNUSED _Pragma("diag_suppress=Pe177")
  50:Generated_Source\PSoC4/cyfitter_cfg.c ****     #define CY_CFG_SECTION _Pragma("location=\".psocinit\"")
  51:Generated_Source\PSoC4/cyfitter_cfg.c ****     
  52:Generated_Source\PSoC4/cyfitter_cfg.c ****     #define CY_CFG_MEMORY_BARRIER() __DMB()
  53:Generated_Source\PSoC4/cyfitter_cfg.c ****     
  54:Generated_Source\PSoC4/cyfitter_cfg.c **** #else
  55:Generated_Source\PSoC4/cyfitter_cfg.c ****     #error Unsupported toolchain
  56:Generated_Source\PSoC4/cyfitter_cfg.c **** #endif
  57:Generated_Source\PSoC4/cyfitter_cfg.c **** 
  58:Generated_Source\PSoC4/cyfitter_cfg.c **** #ifndef CYCODE
  59:Generated_Source\PSoC4/cyfitter_cfg.c ****     #define CYCODE
  60:Generated_Source\PSoC4/cyfitter_cfg.c **** #endif
  61:Generated_Source\PSoC4/cyfitter_cfg.c **** #ifndef CYDATA
  62:Generated_Source\PSoC4/cyfitter_cfg.c ****     #define CYDATA
  63:Generated_Source\PSoC4/cyfitter_cfg.c **** #endif
  64:Generated_Source\PSoC4/cyfitter_cfg.c **** #ifndef CYFAR
  65:Generated_Source\PSoC4/cyfitter_cfg.c ****     #define CYFAR
  66:Generated_Source\PSoC4/cyfitter_cfg.c **** #endif
  67:Generated_Source\PSoC4/cyfitter_cfg.c **** #ifndef CYXDATA
  68:Generated_Source\PSoC4/cyfitter_cfg.c ****     #define CYXDATA
  69:Generated_Source\PSoC4/cyfitter_cfg.c **** #endif
  70:Generated_Source\PSoC4/cyfitter_cfg.c **** 
  71:Generated_Source\PSoC4/cyfitter_cfg.c **** 
  72:Generated_Source\PSoC4/cyfitter_cfg.c **** CY_CFG_UNUSED
  73:Generated_Source\PSoC4/cyfitter_cfg.c **** static void CYMEMZERO(void *s, size_t n);
  74:Generated_Source\PSoC4/cyfitter_cfg.c **** CY_CFG_UNUSED
  75:Generated_Source\PSoC4/cyfitter_cfg.c **** static void CYMEMZERO(void *s, size_t n)
  76:Generated_Source\PSoC4/cyfitter_cfg.c **** {
  77:Generated_Source\PSoC4/cyfitter_cfg.c **** 	(void)memset(s, 0, n);
  78:Generated_Source\PSoC4/cyfitter_cfg.c **** }
  79:Generated_Source\PSoC4/cyfitter_cfg.c **** CY_CFG_UNUSED
  80:Generated_Source\PSoC4/cyfitter_cfg.c **** static void CYCONFIGCPY(void *dest, const void *src, size_t n);
  81:Generated_Source\PSoC4/cyfitter_cfg.c **** CY_CFG_UNUSED
  82:Generated_Source\PSoC4/cyfitter_cfg.c **** static void CYCONFIGCPY(void *dest, const void *src, size_t n)
  83:Generated_Source\PSoC4/cyfitter_cfg.c **** {
  84:Generated_Source\PSoC4/cyfitter_cfg.c **** 	(void)memcpy(dest, src, n);
  85:Generated_Source\PSoC4/cyfitter_cfg.c **** }
  86:Generated_Source\PSoC4/cyfitter_cfg.c **** CY_CFG_UNUSED
  87:Generated_Source\PSoC4/cyfitter_cfg.c **** static void CYCONFIGCPYCODE(void *dest, const void *src, size_t n);
  88:Generated_Source\PSoC4/cyfitter_cfg.c **** CY_CFG_UNUSED
ARM GAS  C:\Users\Ryan\AppData\Local\Temp\ccd9eewk.s 			page 3


  89:Generated_Source\PSoC4/cyfitter_cfg.c **** static void CYCONFIGCPYCODE(void *dest, const void *src, size_t n)
  90:Generated_Source\PSoC4/cyfitter_cfg.c **** {
  91:Generated_Source\PSoC4/cyfitter_cfg.c **** 	(void)memcpy(dest, src, n);
  92:Generated_Source\PSoC4/cyfitter_cfg.c **** }
  93:Generated_Source\PSoC4/cyfitter_cfg.c **** 
  94:Generated_Source\PSoC4/cyfitter_cfg.c **** 
  95:Generated_Source\PSoC4/cyfitter_cfg.c **** 
  96:Generated_Source\PSoC4/cyfitter_cfg.c **** 
  97:Generated_Source\PSoC4/cyfitter_cfg.c **** /* Clock startup error codes                                                   */
  98:Generated_Source\PSoC4/cyfitter_cfg.c **** #define CYCLOCKSTART_NO_ERROR    0u
  99:Generated_Source\PSoC4/cyfitter_cfg.c **** #define CYCLOCKSTART_XTAL_ERROR  1u
 100:Generated_Source\PSoC4/cyfitter_cfg.c **** #define CYCLOCKSTART_32KHZ_ERROR 2u
 101:Generated_Source\PSoC4/cyfitter_cfg.c **** #define CYCLOCKSTART_PLL_ERROR   3u
 102:Generated_Source\PSoC4/cyfitter_cfg.c **** #define CYCLOCKSTART_FLL_ERROR   4u
 103:Generated_Source\PSoC4/cyfitter_cfg.c **** #define CYCLOCKSTART_WCO_ERROR   5u
 104:Generated_Source\PSoC4/cyfitter_cfg.c **** 
 105:Generated_Source\PSoC4/cyfitter_cfg.c **** 
 106:Generated_Source\PSoC4/cyfitter_cfg.c **** #ifdef CY_NEED_CYCLOCKSTARTUPERROR
 107:Generated_Source\PSoC4/cyfitter_cfg.c **** /*******************************************************************************
 108:Generated_Source\PSoC4/cyfitter_cfg.c **** * Function Name: CyClockStartupError
 109:Generated_Source\PSoC4/cyfitter_cfg.c **** ********************************************************************************
 110:Generated_Source\PSoC4/cyfitter_cfg.c **** * Summary:
 111:Generated_Source\PSoC4/cyfitter_cfg.c **** *  If an error is encountered during clock configuration (crystal startup error,
 112:Generated_Source\PSoC4/cyfitter_cfg.c **** *  PLL lock error, etc.), the system will end up here.  Unless reimplemented by
 113:Generated_Source\PSoC4/cyfitter_cfg.c **** *  the customer, this function will stop in an infinite loop.
 114:Generated_Source\PSoC4/cyfitter_cfg.c **** *
 115:Generated_Source\PSoC4/cyfitter_cfg.c **** * Parameters:
 116:Generated_Source\PSoC4/cyfitter_cfg.c **** *   void
 117:Generated_Source\PSoC4/cyfitter_cfg.c **** *
 118:Generated_Source\PSoC4/cyfitter_cfg.c **** * Return:
 119:Generated_Source\PSoC4/cyfitter_cfg.c **** *   void
 120:Generated_Source\PSoC4/cyfitter_cfg.c **** *
 121:Generated_Source\PSoC4/cyfitter_cfg.c **** *******************************************************************************/
 122:Generated_Source\PSoC4/cyfitter_cfg.c **** CY_CFG_UNUSED
 123:Generated_Source\PSoC4/cyfitter_cfg.c **** static void CyClockStartupError(uint8 errorCode);
 124:Generated_Source\PSoC4/cyfitter_cfg.c **** CY_CFG_UNUSED
 125:Generated_Source\PSoC4/cyfitter_cfg.c **** static void CyClockStartupError(uint8 errorCode)
 126:Generated_Source\PSoC4/cyfitter_cfg.c **** {
 127:Generated_Source\PSoC4/cyfitter_cfg.c ****     /* To remove the compiler warning if errorCode not used.                */
 128:Generated_Source\PSoC4/cyfitter_cfg.c ****     errorCode = errorCode;
 129:Generated_Source\PSoC4/cyfitter_cfg.c **** 
 130:Generated_Source\PSoC4/cyfitter_cfg.c ****     /* If we have a clock startup error (bad MHz crystal, PLL lock, etc.),  */
 131:Generated_Source\PSoC4/cyfitter_cfg.c ****     /* we will end up here to allow the customer to implement something to  */
 132:Generated_Source\PSoC4/cyfitter_cfg.c ****     /* deal with the clock condition.                                       */
 133:Generated_Source\PSoC4/cyfitter_cfg.c **** 
 134:Generated_Source\PSoC4/cyfitter_cfg.c **** #ifdef CY_CFG_CLOCK_STARTUP_ERROR_CALLBACK
 135:Generated_Source\PSoC4/cyfitter_cfg.c ****     CY_CFG_Clock_Startup_ErrorCallback();
 136:Generated_Source\PSoC4/cyfitter_cfg.c **** #else
 137:Generated_Source\PSoC4/cyfitter_cfg.c ****     /*  If not using CY_CFG_CLOCK_STARTUP_ERROR_CALLBACK, place your clock startup code here. */
 138:Generated_Source\PSoC4/cyfitter_cfg.c ****     /* `#START CyClockStartupError` */
 139:Generated_Source\PSoC4/cyfitter_cfg.c **** 
 140:Generated_Source\PSoC4/cyfitter_cfg.c **** 
 141:Generated_Source\PSoC4/cyfitter_cfg.c **** 
 142:Generated_Source\PSoC4/cyfitter_cfg.c ****     /* `#END` */
 143:Generated_Source\PSoC4/cyfitter_cfg.c **** 
 144:Generated_Source\PSoC4/cyfitter_cfg.c ****     while(1) {}
 145:Generated_Source\PSoC4/cyfitter_cfg.c **** #endif /* CY_CFG_CLOCK_STARTUP_ERROR_CALLBACK */
ARM GAS  C:\Users\Ryan\AppData\Local\Temp\ccd9eewk.s 			page 4


 146:Generated_Source\PSoC4/cyfitter_cfg.c **** }
 147:Generated_Source\PSoC4/cyfitter_cfg.c **** #endif
 148:Generated_Source\PSoC4/cyfitter_cfg.c **** 
 149:Generated_Source\PSoC4/cyfitter_cfg.c **** 
 150:Generated_Source\PSoC4/cyfitter_cfg.c **** 
 151:Generated_Source\PSoC4/cyfitter_cfg.c **** /*******************************************************************************
 152:Generated_Source\PSoC4/cyfitter_cfg.c **** * Function Name: ClockSetup
 153:Generated_Source\PSoC4/cyfitter_cfg.c **** ********************************************************************************
 154:Generated_Source\PSoC4/cyfitter_cfg.c **** *
 155:Generated_Source\PSoC4/cyfitter_cfg.c **** * Summary:
 156:Generated_Source\PSoC4/cyfitter_cfg.c **** *   Performs the initialization of all of the clocks in the device based on the
 157:Generated_Source\PSoC4/cyfitter_cfg.c **** *   settings in the Clock tab of the DWR.  This includes enabling the requested
 158:Generated_Source\PSoC4/cyfitter_cfg.c **** *   clocks and setting the necessary dividers to produce the desired frequency. 
 159:Generated_Source\PSoC4/cyfitter_cfg.c **** *
 160:Generated_Source\PSoC4/cyfitter_cfg.c **** * Parameters:
 161:Generated_Source\PSoC4/cyfitter_cfg.c **** *   void
 162:Generated_Source\PSoC4/cyfitter_cfg.c **** *
 163:Generated_Source\PSoC4/cyfitter_cfg.c **** * Return:
 164:Generated_Source\PSoC4/cyfitter_cfg.c **** *   void
 165:Generated_Source\PSoC4/cyfitter_cfg.c **** *
 166:Generated_Source\PSoC4/cyfitter_cfg.c **** *******************************************************************************/
 167:Generated_Source\PSoC4/cyfitter_cfg.c **** static void ClockSetup(void);
 168:Generated_Source\PSoC4/cyfitter_cfg.c **** CY_CFG_SECTION
 169:Generated_Source\PSoC4/cyfitter_cfg.c **** static void ClockSetup(void)
 170:Generated_Source\PSoC4/cyfitter_cfg.c **** {
 171:Generated_Source\PSoC4/cyfitter_cfg.c **** 
 172:Generated_Source\PSoC4/cyfitter_cfg.c **** 	/* Set Flash Cycles based on max possible frequency in case a glitch occurs during ClockSetup(). *
 173:Generated_Source\PSoC4/cyfitter_cfg.c **** 	CY_SET_REG32((void CYXDATA *)(CYREG_CPUSS_FLASH_CTL), (0x0012u));
 174:Generated_Source\PSoC4/cyfitter_cfg.c **** 	/* Update IMO to new clock speed. */
 175:Generated_Source\PSoC4/cyfitter_cfg.c **** 	CySysClkWriteImoFreq(24u);
 176:Generated_Source\PSoC4/cyfitter_cfg.c **** 
 177:Generated_Source\PSoC4/cyfitter_cfg.c **** 	/* Setup phase aligned clocks */
 178:Generated_Source\PSoC4/cyfitter_cfg.c **** 	CY_SET_REG32((void *)CYREG_PERI_DIV_16_CTL1, 0x00000000u);
 179:Generated_Source\PSoC4/cyfitter_cfg.c **** 	CY_SET_REG32((void *)CYREG_PERI_DIV_CMD, 0x8000FF41u);
 180:Generated_Source\PSoC4/cyfitter_cfg.c **** 	CY_SET_REG32((void *)CYREG_PERI_DIV_16_CTL2, 0x00000100u);
 181:Generated_Source\PSoC4/cyfitter_cfg.c **** 	CY_SET_REG32((void *)CYREG_PERI_DIV_CMD, 0x8000FF42u);
 182:Generated_Source\PSoC4/cyfitter_cfg.c **** 	CY_SET_REG32((void *)CYREG_PERI_DIV_16_CTL0, 0x0000FE00u);
 183:Generated_Source\PSoC4/cyfitter_cfg.c **** 	CY_SET_REG32((void *)CYREG_PERI_DIV_CMD, 0x8000FF40u);
 184:Generated_Source\PSoC4/cyfitter_cfg.c **** 	CY_SET_REG32((void *)CYREG_PERI_DIV_16_CTL3, 0x00002600u);
 185:Generated_Source\PSoC4/cyfitter_cfg.c **** 	CY_SET_REG32((void *)CYREG_PERI_DIV_CMD, 0x8000FF43u);
 186:Generated_Source\PSoC4/cyfitter_cfg.c **** 
 187:Generated_Source\PSoC4/cyfitter_cfg.c **** 	/* CYDEV_CLK_SELECT Starting address: CYDEV_CLK_SELECT */
 188:Generated_Source\PSoC4/cyfitter_cfg.c **** 	CY_SET_REG32((void *)(CYREG_CLK_SELECT), 0x00000000u);
 189:Generated_Source\PSoC4/cyfitter_cfg.c **** 
 190:Generated_Source\PSoC4/cyfitter_cfg.c **** 	/* CYDEV_PERI_PCLK_CTL6 Starting address: CYDEV_PERI_PCLK_CTL6 */
 191:Generated_Source\PSoC4/cyfitter_cfg.c **** 	CY_SET_REG32((void *)(CYREG_PERI_PCLK_CTL6), 0x00000041u);
 192:Generated_Source\PSoC4/cyfitter_cfg.c **** 
 193:Generated_Source\PSoC4/cyfitter_cfg.c **** 	/* CYDEV_PERI_PCLK_CTL5 Starting address: CYDEV_PERI_PCLK_CTL5 */
 194:Generated_Source\PSoC4/cyfitter_cfg.c **** 	CY_SET_REG32((void *)(CYREG_PERI_PCLK_CTL5), 0x00000041u);
 195:Generated_Source\PSoC4/cyfitter_cfg.c **** 
 196:Generated_Source\PSoC4/cyfitter_cfg.c **** 	/* CYDEV_PERI_PCLK_CTL4 Starting address: CYDEV_PERI_PCLK_CTL4 */
 197:Generated_Source\PSoC4/cyfitter_cfg.c **** 	CY_SET_REG32((void *)(CYREG_PERI_PCLK_CTL4), 0x00000042u);
 198:Generated_Source\PSoC4/cyfitter_cfg.c **** 
 199:Generated_Source\PSoC4/cyfitter_cfg.c **** 	/* CYDEV_PERI_PCLK_CTL3 Starting address: CYDEV_PERI_PCLK_CTL3 */
 200:Generated_Source\PSoC4/cyfitter_cfg.c **** 	CY_SET_REG32((void *)(CYREG_PERI_PCLK_CTL3), 0x00000042u);
 201:Generated_Source\PSoC4/cyfitter_cfg.c **** 
 202:Generated_Source\PSoC4/cyfitter_cfg.c **** 	/* CYDEV_PERI_PCLK_CTL2 Starting address: CYDEV_PERI_PCLK_CTL2 */
ARM GAS  C:\Users\Ryan\AppData\Local\Temp\ccd9eewk.s 			page 5


 203:Generated_Source\PSoC4/cyfitter_cfg.c **** 	CY_SET_REG32((void *)(CYREG_PERI_PCLK_CTL2), 0x00000040u);
 204:Generated_Source\PSoC4/cyfitter_cfg.c **** 
 205:Generated_Source\PSoC4/cyfitter_cfg.c **** 	/* CYDEV_PERI_PCLK_CTL0 Starting address: CYDEV_PERI_PCLK_CTL0 */
 206:Generated_Source\PSoC4/cyfitter_cfg.c **** 	CY_SET_REG32((void *)(CYREG_PERI_PCLK_CTL0), 0x00000043u);
 207:Generated_Source\PSoC4/cyfitter_cfg.c **** 
 208:Generated_Source\PSoC4/cyfitter_cfg.c **** 	/* Set Flash Cycles based on newly configured 24.00MHz HFCLK. */
 209:Generated_Source\PSoC4/cyfitter_cfg.c **** 	CY_SET_REG32((void CYXDATA *)(CYREG_CPUSS_FLASH_CTL), (0x0011u));
 210:Generated_Source\PSoC4/cyfitter_cfg.c **** }
 211:Generated_Source\PSoC4/cyfitter_cfg.c **** 
 212:Generated_Source\PSoC4/cyfitter_cfg.c **** 
 213:Generated_Source\PSoC4/cyfitter_cfg.c **** /* Analog API Functions */
 214:Generated_Source\PSoC4/cyfitter_cfg.c **** 
 215:Generated_Source\PSoC4/cyfitter_cfg.c **** 
 216:Generated_Source\PSoC4/cyfitter_cfg.c **** /*******************************************************************************
 217:Generated_Source\PSoC4/cyfitter_cfg.c **** * Function Name: AnalogSetDefault
 218:Generated_Source\PSoC4/cyfitter_cfg.c **** ********************************************************************************
 219:Generated_Source\PSoC4/cyfitter_cfg.c **** *
 220:Generated_Source\PSoC4/cyfitter_cfg.c **** * Summary:
 221:Generated_Source\PSoC4/cyfitter_cfg.c **** *  Sets up the analog portions of the chip to default values based on chip
 222:Generated_Source\PSoC4/cyfitter_cfg.c **** *  configuration options from the project.
 223:Generated_Source\PSoC4/cyfitter_cfg.c **** *
 224:Generated_Source\PSoC4/cyfitter_cfg.c **** * Parameters:
 225:Generated_Source\PSoC4/cyfitter_cfg.c **** *  void
 226:Generated_Source\PSoC4/cyfitter_cfg.c **** *
 227:Generated_Source\PSoC4/cyfitter_cfg.c **** * Return:
 228:Generated_Source\PSoC4/cyfitter_cfg.c **** *  void
 229:Generated_Source\PSoC4/cyfitter_cfg.c **** *
 230:Generated_Source\PSoC4/cyfitter_cfg.c **** *******************************************************************************/
 231:Generated_Source\PSoC4/cyfitter_cfg.c **** static void AnalogSetDefault(void);
 232:Generated_Source\PSoC4/cyfitter_cfg.c **** static void AnalogSetDefault(void)
 233:Generated_Source\PSoC4/cyfitter_cfg.c **** {
  27              		.loc 1 233 0
  28              		.cfi_startproc
  29              		@ args = 0, pretend = 0, frame = 0
  30              		@ frame_needed = 0, uses_anonymous_args = 0
  31              		@ link register save eliminated.
 234:Generated_Source\PSoC4/cyfitter_cfg.c **** 	CY_SET_XTND_REG32((void CYFAR *)CYREG_CSD_SW_REFGEN_SEL, 0x00000010u);
  32              		.loc 1 234 0
  33 0000 1022     		movs	r2, #16
  34 0002 014B     		ldr	r3, .L2
  35 0004 1A60     		str	r2, [r3]
 235:Generated_Source\PSoC4/cyfitter_cfg.c **** 	/* Variable VDDA is selected; no pumps are enabled by default */
 236:Generated_Source\PSoC4/cyfitter_cfg.c **** }
  36              		.loc 1 236 0
  37              		@ sp needed
  38 0006 7047     		bx	lr
  39              	.L3:
  40              		.align	2
  41              	.L2:
  42 0008 A8020B40 		.word	1074463400
  43              		.cfi_endproc
  44              	.LFE5:
  45              		.size	AnalogSetDefault, .-AnalogSetDefault
  46              		.section	.psocinit,"ax",%progbits
  47              		.align	2
  48              		.code	16
  49              		.thumb_func
ARM GAS  C:\Users\Ryan\AppData\Local\Temp\ccd9eewk.s 			page 6


  50              		.type	ClockSetup, %function
  51              	ClockSetup:
  52              	.LFB4:
 170:Generated_Source\PSoC4/cyfitter_cfg.c **** 
  53              		.loc 1 170 0
  54              		.cfi_startproc
  55              		@ args = 0, pretend = 0, frame = 0
  56              		@ frame_needed = 0, uses_anonymous_args = 0
  57 0000 10B5     		push	{r4, lr}
  58              		.cfi_def_cfa_offset 8
  59              		.cfi_offset 4, -8
  60              		.cfi_offset 14, -4
 173:Generated_Source\PSoC4/cyfitter_cfg.c **** 	/* Update IMO to new clock speed. */
  61              		.loc 1 173 0
  62 0002 194C     		ldr	r4, .L5
  63 0004 1223     		movs	r3, #18
  64 0006 2360     		str	r3, [r4]
 175:Generated_Source\PSoC4/cyfitter_cfg.c **** 
  65              		.loc 1 175 0
  66 0008 1820     		movs	r0, #24
  67 000a FFF7FEFF 		bl	CySysClkWriteImoFreq
  68              	.LVL0:
 178:Generated_Source\PSoC4/cyfitter_cfg.c **** 	CY_SET_REG32((void *)CYREG_PERI_DIV_CMD, 0x8000FF41u);
  69              		.loc 1 178 0
  70 000e 0022     		movs	r2, #0
  71 0010 164B     		ldr	r3, .L5+4
  72 0012 1A60     		str	r2, [r3]
 179:Generated_Source\PSoC4/cyfitter_cfg.c **** 	CY_SET_REG32((void *)CYREG_PERI_DIV_16_CTL2, 0x00000100u);
  73              		.loc 1 179 0
  74 0014 164B     		ldr	r3, .L5+8
  75 0016 1749     		ldr	r1, .L5+12
  76 0018 1960     		str	r1, [r3]
 180:Generated_Source\PSoC4/cyfitter_cfg.c **** 	CY_SET_REG32((void *)CYREG_PERI_DIV_CMD, 0x8000FF42u);
  77              		.loc 1 180 0
  78 001a 8020     		movs	r0, #128
  79 001c 4000     		lsls	r0, r0, #1
  80 001e 1649     		ldr	r1, .L5+16
  81 0020 0860     		str	r0, [r1]
 181:Generated_Source\PSoC4/cyfitter_cfg.c **** 	CY_SET_REG32((void *)CYREG_PERI_DIV_16_CTL0, 0x0000FE00u);
  82              		.loc 1 181 0
  83 0022 1649     		ldr	r1, .L5+20
  84 0024 1960     		str	r1, [r3]
 182:Generated_Source\PSoC4/cyfitter_cfg.c **** 	CY_SET_REG32((void *)CYREG_PERI_DIV_CMD, 0x8000FF40u);
  85              		.loc 1 182 0
  86 0026 FE20     		movs	r0, #254
  87 0028 0002     		lsls	r0, r0, #8
  88 002a 1549     		ldr	r1, .L5+24
  89 002c 0860     		str	r0, [r1]
 183:Generated_Source\PSoC4/cyfitter_cfg.c **** 	CY_SET_REG32((void *)CYREG_PERI_DIV_16_CTL3, 0x00002600u);
  90              		.loc 1 183 0
  91 002e 1549     		ldr	r1, .L5+28
  92 0030 1960     		str	r1, [r3]
 184:Generated_Source\PSoC4/cyfitter_cfg.c **** 	CY_SET_REG32((void *)CYREG_PERI_DIV_CMD, 0x8000FF43u);
  93              		.loc 1 184 0
  94 0032 9820     		movs	r0, #152
  95 0034 8001     		lsls	r0, r0, #6
  96 0036 1449     		ldr	r1, .L5+32
ARM GAS  C:\Users\Ryan\AppData\Local\Temp\ccd9eewk.s 			page 7


  97 0038 0860     		str	r0, [r1]
 185:Generated_Source\PSoC4/cyfitter_cfg.c **** 
  98              		.loc 1 185 0
  99 003a 1449     		ldr	r1, .L5+36
 100 003c 1960     		str	r1, [r3]
 188:Generated_Source\PSoC4/cyfitter_cfg.c **** 
 101              		.loc 1 188 0
 102 003e 144B     		ldr	r3, .L5+40
 103 0040 1A60     		str	r2, [r3]
 191:Generated_Source\PSoC4/cyfitter_cfg.c **** 
 104              		.loc 1 191 0
 105 0042 4123     		movs	r3, #65
 106 0044 134A     		ldr	r2, .L5+44
 107 0046 1360     		str	r3, [r2]
 194:Generated_Source\PSoC4/cyfitter_cfg.c **** 
 108              		.loc 1 194 0
 109 0048 134A     		ldr	r2, .L5+48
 110 004a 1360     		str	r3, [r2]
 197:Generated_Source\PSoC4/cyfitter_cfg.c **** 
 111              		.loc 1 197 0
 112 004c 0133     		adds	r3, r3, #1
 113 004e 134A     		ldr	r2, .L5+52
 114 0050 1360     		str	r3, [r2]
 200:Generated_Source\PSoC4/cyfitter_cfg.c **** 
 115              		.loc 1 200 0
 116 0052 134A     		ldr	r2, .L5+56
 117 0054 1360     		str	r3, [r2]
 203:Generated_Source\PSoC4/cyfitter_cfg.c **** 
 118              		.loc 1 203 0
 119 0056 4022     		movs	r2, #64
 120 0058 124B     		ldr	r3, .L5+60
 121 005a 1A60     		str	r2, [r3]
 206:Generated_Source\PSoC4/cyfitter_cfg.c **** 
 122              		.loc 1 206 0
 123 005c 0332     		adds	r2, r2, #3
 124 005e 124B     		ldr	r3, .L5+64
 125 0060 1A60     		str	r2, [r3]
 209:Generated_Source\PSoC4/cyfitter_cfg.c **** }
 126              		.loc 1 209 0
 127 0062 1123     		movs	r3, #17
 128 0064 2360     		str	r3, [r4]
 210:Generated_Source\PSoC4/cyfitter_cfg.c **** 
 129              		.loc 1 210 0
 130              		@ sp needed
 131 0066 10BD     		pop	{r4, pc}
 132              	.L6:
 133              		.align	2
 134              	.L5:
 135 0068 30001040 		.word	1074790448
 136 006c 04030140 		.word	1073808132
 137 0070 00000140 		.word	1073807360
 138 0074 41FF0080 		.word	-2147418303
 139 0078 08030140 		.word	1073808136
 140 007c 42FF0080 		.word	-2147418302
 141 0080 00030140 		.word	1073808128
 142 0084 40FF0080 		.word	-2147418304
 143 0088 0C030140 		.word	1073808140
ARM GAS  C:\Users\Ryan\AppData\Local\Temp\ccd9eewk.s 			page 8


 144 008c 43FF0080 		.word	-2147418301
 145 0090 28000340 		.word	1073938472
 146 0094 18010140 		.word	1073807640
 147 0098 14010140 		.word	1073807636
 148 009c 10010140 		.word	1073807632
 149 00a0 0C010140 		.word	1073807628
 150 00a4 08010140 		.word	1073807624
 151 00a8 00010140 		.word	1073807616
 152              		.cfi_endproc
 153              	.LFE4:
 154              		.size	ClockSetup, .-ClockSetup
 155              		.section	.text.SetAnalogRoutingPumps,"ax",%progbits
 156              		.align	2
 157              		.global	SetAnalogRoutingPumps
 158              		.code	16
 159              		.thumb_func
 160              		.type	SetAnalogRoutingPumps, %function
 161              	SetAnalogRoutingPumps:
 162              	.LFB6:
 237:Generated_Source\PSoC4/cyfitter_cfg.c **** 
 238:Generated_Source\PSoC4/cyfitter_cfg.c **** 
 239:Generated_Source\PSoC4/cyfitter_cfg.c **** /*******************************************************************************
 240:Generated_Source\PSoC4/cyfitter_cfg.c **** * Function Name: SetAnalogRoutingPumps
 241:Generated_Source\PSoC4/cyfitter_cfg.c **** ********************************************************************************
 242:Generated_Source\PSoC4/cyfitter_cfg.c **** *
 243:Generated_Source\PSoC4/cyfitter_cfg.c **** * Summary:
 244:Generated_Source\PSoC4/cyfitter_cfg.c **** * Enables or disables the analog pumps feeding analog routing switches.
 245:Generated_Source\PSoC4/cyfitter_cfg.c **** * Intended to be called at startup, based on the Vdda system configuration;
 246:Generated_Source\PSoC4/cyfitter_cfg.c **** * may be called during operation when the user informs us that the Vdda voltage crossed the pump th
 247:Generated_Source\PSoC4/cyfitter_cfg.c **** *
 248:Generated_Source\PSoC4/cyfitter_cfg.c **** * Parameters:
 249:Generated_Source\PSoC4/cyfitter_cfg.c **** *  enabled - 1 to enable the pumps, 0 to disable the pumps
 250:Generated_Source\PSoC4/cyfitter_cfg.c **** *
 251:Generated_Source\PSoC4/cyfitter_cfg.c **** * Return:
 252:Generated_Source\PSoC4/cyfitter_cfg.c **** *  void
 253:Generated_Source\PSoC4/cyfitter_cfg.c **** *
 254:Generated_Source\PSoC4/cyfitter_cfg.c **** *******************************************************************************/
 255:Generated_Source\PSoC4/cyfitter_cfg.c **** void SetAnalogRoutingPumps(uint8 enabled)
 256:Generated_Source\PSoC4/cyfitter_cfg.c **** {
 163              		.loc 1 256 0
 164              		.cfi_startproc
 165              		@ args = 0, pretend = 0, frame = 0
 166              		@ frame_needed = 0, uses_anonymous_args = 0
 167              		@ link register save eliminated.
 168              	.LVL1:
 257:Generated_Source\PSoC4/cyfitter_cfg.c **** 	uint32 regValue = CY_GET_XTND_REG32((void *)(CYREG_HSIOM_PUMP_CTL));
 169              		.loc 1 257 0
 170 0000 0B4B     		ldr	r3, .L12
 171 0002 1B68     		ldr	r3, [r3]
 172              	.LVL2:
 258:Generated_Source\PSoC4/cyfitter_cfg.c **** 	if (enabled != 0u)
 173              		.loc 1 258 0
 174 0004 0028     		cmp	r0, #0
 175 0006 03D0     		beq	.L8
 259:Generated_Source\PSoC4/cyfitter_cfg.c **** 	{
 260:Generated_Source\PSoC4/cyfitter_cfg.c **** 		regValue |= 0x80000000u;
 176              		.loc 1 260 0
ARM GAS  C:\Users\Ryan\AppData\Local\Temp\ccd9eewk.s 			page 9


 177 0008 8022     		movs	r2, #128
 178 000a 1206     		lsls	r2, r2, #24
 179 000c 1343     		orrs	r3, r2
 180              	.LVL3:
 181 000e 01E0     		b	.L9
 182              	.L8:
 261:Generated_Source\PSoC4/cyfitter_cfg.c **** 	}
 262:Generated_Source\PSoC4/cyfitter_cfg.c **** 	else
 263:Generated_Source\PSoC4/cyfitter_cfg.c **** 	{
 264:Generated_Source\PSoC4/cyfitter_cfg.c **** 		regValue &= ~0x80000000u;
 183              		.loc 1 264 0
 184 0010 5B00     		lsls	r3, r3, #1
 185              	.LVL4:
 186 0012 5B08     		lsrs	r3, r3, #1
 187              	.LVL5:
 188              	.L9:
 265:Generated_Source\PSoC4/cyfitter_cfg.c **** 	}
 266:Generated_Source\PSoC4/cyfitter_cfg.c **** 	CY_SET_XTND_REG32((void *)(CYREG_HSIOM_PUMP_CTL), regValue);
 189              		.loc 1 266 0
 190 0014 064A     		ldr	r2, .L12
 191 0016 1360     		str	r3, [r2]
 267:Generated_Source\PSoC4/cyfitter_cfg.c **** 	regValue = CY_GET_XTND_REG32((void *)(CYREG_CLK_SELECT));
 192              		.loc 1 267 0
 193 0018 064B     		ldr	r3, .L12+4
 194              	.LVL6:
 195 001a 1B68     		ldr	r3, [r3]
 196              	.LVL7:
 268:Generated_Source\PSoC4/cyfitter_cfg.c **** 	if (enabled != 0u)
 197              		.loc 1 268 0
 198 001c 0028     		cmp	r0, #0
 199 001e 02D0     		beq	.L10
 269:Generated_Source\PSoC4/cyfitter_cfg.c **** 	{
 270:Generated_Source\PSoC4/cyfitter_cfg.c **** 		regValue |= 0x00000020u;
 200              		.loc 1 270 0
 201 0020 2022     		movs	r2, #32
 202 0022 1343     		orrs	r3, r2
 203              	.LVL8:
 204 0024 01E0     		b	.L11
 205              	.L10:
 271:Generated_Source\PSoC4/cyfitter_cfg.c **** 	}
 272:Generated_Source\PSoC4/cyfitter_cfg.c **** 	else
 273:Generated_Source\PSoC4/cyfitter_cfg.c **** 	{
 274:Generated_Source\PSoC4/cyfitter_cfg.c **** 		regValue &= ~0x00000020u;
 206              		.loc 1 274 0
 207 0026 2022     		movs	r2, #32
 208 0028 9343     		bics	r3, r2
 209              	.LVL9:
 210              	.L11:
 275:Generated_Source\PSoC4/cyfitter_cfg.c **** 	}
 276:Generated_Source\PSoC4/cyfitter_cfg.c **** 	CY_SET_XTND_REG32((void *)(CYREG_CLK_SELECT), regValue);
 211              		.loc 1 276 0
 212 002a 024A     		ldr	r2, .L12+4
 213 002c 1360     		str	r3, [r2]
 277:Generated_Source\PSoC4/cyfitter_cfg.c **** }
 214              		.loc 1 277 0
 215              		@ sp needed
 216 002e 7047     		bx	lr
ARM GAS  C:\Users\Ryan\AppData\Local\Temp\ccd9eewk.s 			page 10


 217              	.L13:
 218              		.align	2
 219              	.L12:
 220 0030 00200240 		.word	1073881088
 221 0034 28000340 		.word	1073938472
 222              		.cfi_endproc
 223              	.LFE6:
 224              		.size	SetAnalogRoutingPumps, .-SetAnalogRoutingPumps
 225              		.section	.psocinit
 226              		.align	2
 227              		.global	cyfitter_cfg
 228              		.code	16
 229              		.thumb_func
 230              		.type	cyfitter_cfg, %function
 231              	cyfitter_cfg:
 232              	.LFB7:
 278:Generated_Source\PSoC4/cyfitter_cfg.c **** 
 279:Generated_Source\PSoC4/cyfitter_cfg.c **** 
 280:Generated_Source\PSoC4/cyfitter_cfg.c **** 
 281:Generated_Source\PSoC4/cyfitter_cfg.c **** 
 282:Generated_Source\PSoC4/cyfitter_cfg.c **** /*******************************************************************************
 283:Generated_Source\PSoC4/cyfitter_cfg.c **** * Function Name: cyfitter_cfg
 284:Generated_Source\PSoC4/cyfitter_cfg.c **** ********************************************************************************
 285:Generated_Source\PSoC4/cyfitter_cfg.c **** * Summary:
 286:Generated_Source\PSoC4/cyfitter_cfg.c **** *  This function is called by the start-up code for the selected device. It
 287:Generated_Source\PSoC4/cyfitter_cfg.c **** *  performs all of the necessary device configuration based on the design
 288:Generated_Source\PSoC4/cyfitter_cfg.c **** *  settings.  This includes settings from the Design Wide Resources (DWR) such
 289:Generated_Source\PSoC4/cyfitter_cfg.c **** *  as Clocks and Pins as well as any component configuration that is necessary.
 290:Generated_Source\PSoC4/cyfitter_cfg.c **** *
 291:Generated_Source\PSoC4/cyfitter_cfg.c **** * Parameters:
 292:Generated_Source\PSoC4/cyfitter_cfg.c **** *   void
 293:Generated_Source\PSoC4/cyfitter_cfg.c **** *
 294:Generated_Source\PSoC4/cyfitter_cfg.c **** * Return:
 295:Generated_Source\PSoC4/cyfitter_cfg.c **** *   void
 296:Generated_Source\PSoC4/cyfitter_cfg.c **** *
 297:Generated_Source\PSoC4/cyfitter_cfg.c **** *******************************************************************************/
 298:Generated_Source\PSoC4/cyfitter_cfg.c **** CY_CFG_SECTION
 299:Generated_Source\PSoC4/cyfitter_cfg.c **** void cyfitter_cfg(void)
 300:Generated_Source\PSoC4/cyfitter_cfg.c **** {
 233              		.loc 1 300 0
 234              		.cfi_startproc
 235              		@ args = 0, pretend = 0, frame = 0
 236              		@ frame_needed = 0, uses_anonymous_args = 0
 237 00ac 10B5     		push	{r4, lr}
 238              		.cfi_def_cfa_offset 8
 239              		.cfi_offset 4, -8
 240              		.cfi_offset 14, -4
 301:Generated_Source\PSoC4/cyfitter_cfg.c **** 	/* Disable interrupts by default. Let user enable if/when they want. */
 302:Generated_Source\PSoC4/cyfitter_cfg.c **** 	CyGlobalIntDisable;
 241              		.loc 1 302 0
 242              		.syntax divided
 243              	@ 302 "Generated_Source\PSoC4\cyfitter_cfg.c" 1
 244 00ae 72B6     		CPSID   i
 245              	@ 0 "" 2
 303:Generated_Source\PSoC4/cyfitter_cfg.c **** 
 304:Generated_Source\PSoC4/cyfitter_cfg.c **** 	{
 305:Generated_Source\PSoC4/cyfitter_cfg.c **** 		/* HSIOM Starting address: CYDEV_HSIOM_BASE */
ARM GAS  C:\Users\Ryan\AppData\Local\Temp\ccd9eewk.s 			page 11


 306:Generated_Source\PSoC4/cyfitter_cfg.c **** 		CY_SET_REG32((void *)(CYDEV_HSIOM_BASE), 0x000000BBu);
 246              		.loc 1 306 0
 247              		.thumb
 248              		.syntax unified
 249 00b0 BB22     		movs	r2, #187
 250 00b2 164B     		ldr	r3, .L15
 251 00b4 1A60     		str	r2, [r3]
 307:Generated_Source\PSoC4/cyfitter_cfg.c **** 		CY_SET_REG32((void *)(CYREG_HSIOM_PORT_SEL1), 0x00000099u);
 252              		.loc 1 307 0
 253 00b6 223A     		subs	r2, r2, #34
 254 00b8 154B     		ldr	r3, .L15+4
 255 00ba 1A60     		str	r2, [r3]
 308:Generated_Source\PSoC4/cyfitter_cfg.c **** 		CY_SET_REG32((void *)(CYREG_HSIOM_PORT_SEL3), 0x0808EE00u);
 256              		.loc 1 308 0
 257 00bc 154A     		ldr	r2, .L15+8
 258 00be 164B     		ldr	r3, .L15+12
 259 00c0 1A60     		str	r2, [r3]
 309:Generated_Source\PSoC4/cyfitter_cfg.c **** 
 310:Generated_Source\PSoC4/cyfitter_cfg.c **** 		/* TCPWM_CNT1 Starting address: CYDEV_TCPWM_CNT1_TR_CTRL0 */
 311:Generated_Source\PSoC4/cyfitter_cfg.c **** 		CY_SET_REG32((void *)(CYREG_TCPWM_CNT1_TR_CTRL0), 0x00030020u);
 260              		.loc 1 311 0
 261 00c2 164A     		ldr	r2, .L15+16
 262 00c4 164B     		ldr	r3, .L15+20
 263 00c6 1A60     		str	r2, [r3]
 312:Generated_Source\PSoC4/cyfitter_cfg.c **** 
 313:Generated_Source\PSoC4/cyfitter_cfg.c **** 	}
 314:Generated_Source\PSoC4/cyfitter_cfg.c **** 
 315:Generated_Source\PSoC4/cyfitter_cfg.c **** 	/* Perform second pass device configuration. These items must be configured in specific order afte
 316:Generated_Source\PSoC4/cyfitter_cfg.c **** 	/* IOPINS0_0 Starting address: CYDEV_GPIO_PRT0_BASE */
 317:Generated_Source\PSoC4/cyfitter_cfg.c **** 	CY_SET_REG32((void *)(CYDEV_GPIO_PRT0_BASE), 0x00000060u);
 264              		.loc 1 317 0
 265 00c8 6022     		movs	r2, #96
 266 00ca 164B     		ldr	r3, .L15+24
 267 00cc 1A60     		str	r2, [r3]
 318:Generated_Source\PSoC4/cyfitter_cfg.c **** 	CY_SET_REG32((void *)(CYREG_GPIO_PRT0_PC), 0x00000009u);
 268              		.loc 1 318 0
 269 00ce 573A     		subs	r2, r2, #87
 270 00d0 154B     		ldr	r3, .L15+28
 271 00d2 1A60     		str	r2, [r3]
 319:Generated_Source\PSoC4/cyfitter_cfg.c **** 	CY_SET_REG32((void *)(CYREG_GPIO_PRT0_PC2), 0x000000E0u);
 272              		.loc 1 319 0
 273 00d4 D732     		adds	r2, r2, #215
 274 00d6 154B     		ldr	r3, .L15+32
 275 00d8 1A60     		str	r2, [r3]
 320:Generated_Source\PSoC4/cyfitter_cfg.c **** 
 321:Generated_Source\PSoC4/cyfitter_cfg.c **** 	/* IOPINS0_1 Starting address: CYDEV_GPIO_PRT1_BASE */
 322:Generated_Source\PSoC4/cyfitter_cfg.c **** 	CY_SET_REG32((void *)(CYDEV_GPIO_PRT1_BASE), 0x00000002u);
 276              		.loc 1 322 0
 277 00da 0223     		movs	r3, #2
 278 00dc 144A     		ldr	r2, .L15+36
 279 00de 1360     		str	r3, [r2]
 323:Generated_Source\PSoC4/cyfitter_cfg.c **** 	CY_SET_REG32((void *)(CYREG_GPIO_PRT1_PC), 0x000001B1u);
 280              		.loc 1 323 0
 281 00e0 B221     		movs	r1, #178
 282 00e2 FF31     		adds	r1, r1, #255
 283 00e4 134A     		ldr	r2, .L15+40
 284 00e6 1160     		str	r1, [r2]
ARM GAS  C:\Users\Ryan\AppData\Local\Temp\ccd9eewk.s 			page 12


 324:Generated_Source\PSoC4/cyfitter_cfg.c **** 	CY_SET_REG32((void *)(CYREG_GPIO_PRT1_PC2), 0x00000002u);
 285              		.loc 1 324 0
 286 00e8 134A     		ldr	r2, .L15+44
 287 00ea 1360     		str	r3, [r2]
 325:Generated_Source\PSoC4/cyfitter_cfg.c **** 
 326:Generated_Source\PSoC4/cyfitter_cfg.c **** 	/* IOPINS0_2 Starting address: CYDEV_GPIO_PRT2_BASE */
 327:Generated_Source\PSoC4/cyfitter_cfg.c **** 	CY_SET_REG32((void *)(CYREG_GPIO_PRT2_PC), 0x00000180u);
 288              		.loc 1 327 0
 289 00ec C022     		movs	r2, #192
 290 00ee 5200     		lsls	r2, r2, #1
 291 00f0 124B     		ldr	r3, .L15+48
 292 00f2 1A60     		str	r2, [r3]
 328:Generated_Source\PSoC4/cyfitter_cfg.c **** 
 329:Generated_Source\PSoC4/cyfitter_cfg.c **** 	/* IOPINS0_3 Starting address: CYDEV_GPIO_PRT3_BASE */
 330:Generated_Source\PSoC4/cyfitter_cfg.c **** 	CY_SET_REG32((void *)(CYDEV_GPIO_PRT3_BASE), 0x00000050u);
 293              		.loc 1 330 0
 294 00f4 313A     		subs	r2, r2, #49
 295 00f6 FF3A     		subs	r2, r2, #255
 296 00f8 114B     		ldr	r3, .L15+52
 297 00fa 1A60     		str	r2, [r3]
 331:Generated_Source\PSoC4/cyfitter_cfg.c **** 	CY_SET_REG32((void *)(CYREG_GPIO_PRT3_PC), 0x00186D80u);
 298              		.loc 1 331 0
 299 00fc 114A     		ldr	r2, .L15+56
 300 00fe 124B     		ldr	r3, .L15+60
 301 0100 1A60     		str	r2, [r3]
 332:Generated_Source\PSoC4/cyfitter_cfg.c **** 
 333:Generated_Source\PSoC4/cyfitter_cfg.c **** 
 334:Generated_Source\PSoC4/cyfitter_cfg.c **** 	/* Setup clocks based on selections from Clock DWR */
 335:Generated_Source\PSoC4/cyfitter_cfg.c **** 	ClockSetup();
 302              		.loc 1 335 0
 303 0102 FFF77DFF 		bl	ClockSetup
 304              	.LVL10:
 336:Generated_Source\PSoC4/cyfitter_cfg.c **** 
 337:Generated_Source\PSoC4/cyfitter_cfg.c **** 	/* Perform basic analog initialization to defaults */
 338:Generated_Source\PSoC4/cyfitter_cfg.c **** 	AnalogSetDefault();
 305              		.loc 1 338 0
 306 0106 FFF7FEFF 		bl	AnalogSetDefault
 307              	.LVL11:
 339:Generated_Source\PSoC4/cyfitter_cfg.c **** 
 340:Generated_Source\PSoC4/cyfitter_cfg.c **** }
 308              		.loc 1 340 0
 309              		@ sp needed
 310 010a 10BD     		pop	{r4, pc}
 311              	.L16:
 312              		.align	2
 313              	.L15:
 314 010c 00000240 		.word	1073872896
 315 0110 00010240 		.word	1073873152
 316 0114 00EE0808 		.word	134802944
 317 0118 00030240 		.word	1073873664
 318 011c 20000300 		.word	196640
 319 0120 60010640 		.word	1074135392
 320 0124 00000440 		.word	1074003968
 321 0128 08000440 		.word	1074003976
 322 012c 18000440 		.word	1074003992
 323 0130 00010440 		.word	1074004224
 324 0134 08010440 		.word	1074004232
ARM GAS  C:\Users\Ryan\AppData\Local\Temp\ccd9eewk.s 			page 13


 325 0138 18010440 		.word	1074004248
 326 013c 08020440 		.word	1074004488
 327 0140 00030440 		.word	1074004736
 328 0144 806D1800 		.word	1600896
 329 0148 08030440 		.word	1074004744
 330              		.cfi_endproc
 331              	.LFE7:
 332              		.size	cyfitter_cfg, .-cyfitter_cfg
 333              		.text
 334              	.Letext0:
 335              		.file 2 "Generated_Source\\PSoC4\\cytypes.h"
 336              		.file 3 "Generated_Source\\PSoC4\\CyLib.h"
 337              		.section	.debug_info,"",%progbits
 338              	.Ldebug_info0:
 339 0000 51010000 		.4byte	0x151
 340 0004 0400     		.2byte	0x4
 341 0006 00000000 		.4byte	.Ldebug_abbrev0
 342 000a 04       		.byte	0x4
 343 000b 01       		.uleb128 0x1
 344 000c A4010000 		.4byte	.LASF19
 345 0010 0C       		.byte	0xc
 346 0011 15000000 		.4byte	.LASF20
 347 0015 8A000000 		.4byte	.LASF21
 348 0019 00000000 		.4byte	.Ldebug_ranges0+0
 349 001d 00000000 		.4byte	0
 350 0021 00000000 		.4byte	.Ldebug_line0
 351 0025 02       		.uleb128 0x2
 352 0026 04       		.byte	0x4
 353 0027 05       		.byte	0x5
 354 0028 696E7400 		.ascii	"int\000"
 355 002c 03       		.uleb128 0x3
 356 002d 04       		.byte	0x4
 357 002e 07       		.byte	0x7
 358 002f 3B000000 		.4byte	.LASF0
 359 0033 03       		.uleb128 0x3
 360 0034 08       		.byte	0x8
 361 0035 05       		.byte	0x5
 362 0036 00000000 		.4byte	.LASF1
 363 003a 03       		.uleb128 0x3
 364 003b 08       		.byte	0x8
 365 003c 04       		.byte	0x4
 366 003d 7D010000 		.4byte	.LASF2
 367 0041 03       		.uleb128 0x3
 368 0042 01       		.byte	0x1
 369 0043 06       		.byte	0x6
 370 0044 71010000 		.4byte	.LASF3
 371 0048 03       		.uleb128 0x3
 372 0049 01       		.byte	0x1
 373 004a 08       		.byte	0x8
 374 004b 19010000 		.4byte	.LASF4
 375 004f 03       		.uleb128 0x3
 376 0050 02       		.byte	0x2
 377 0051 05       		.byte	0x5
 378 0052 9A010000 		.4byte	.LASF5
 379 0056 03       		.uleb128 0x3
 380 0057 02       		.byte	0x2
 381 0058 07       		.byte	0x7
ARM GAS  C:\Users\Ryan\AppData\Local\Temp\ccd9eewk.s 			page 14


 382 0059 5E010000 		.4byte	.LASF6
 383 005d 03       		.uleb128 0x3
 384 005e 04       		.byte	0x4
 385 005f 05       		.byte	0x5
 386 0060 2C010000 		.4byte	.LASF7
 387 0064 03       		.uleb128 0x3
 388 0065 04       		.byte	0x4
 389 0066 07       		.byte	0x7
 390 0067 4E000000 		.4byte	.LASF8
 391 006b 03       		.uleb128 0x3
 392 006c 08       		.byte	0x8
 393 006d 07       		.byte	0x7
 394 006e 6D000000 		.4byte	.LASF9
 395 0072 03       		.uleb128 0x3
 396 0073 04       		.byte	0x4
 397 0074 07       		.byte	0x7
 398 0075 36020000 		.4byte	.LASF10
 399 0079 03       		.uleb128 0x3
 400 007a 01       		.byte	0x1
 401 007b 08       		.byte	0x8
 402 007c 27010000 		.4byte	.LASF11
 403 0080 04       		.uleb128 0x4
 404 0081 48000000 		.4byte	.LASF12
 405 0085 02       		.byte	0x2
 406 0086 FB01     		.2byte	0x1fb
 407 0088 48000000 		.4byte	0x48
 408 008c 04       		.uleb128 0x4
 409 008d 0E000000 		.4byte	.LASF13
 410 0091 02       		.byte	0x2
 411 0092 FD01     		.2byte	0x1fd
 412 0094 64000000 		.4byte	0x64
 413 0098 03       		.uleb128 0x3
 414 0099 04       		.byte	0x4
 415 009a 04       		.byte	0x4
 416 009b 84000000 		.4byte	.LASF14
 417 009f 03       		.uleb128 0x3
 418 00a0 08       		.byte	0x8
 419 00a1 04       		.byte	0x4
 420 00a2 51010000 		.4byte	.LASF15
 421 00a6 04       		.uleb128 0x4
 422 00a7 58010000 		.4byte	.LASF16
 423 00ab 02       		.byte	0x2
 424 00ac A702     		.2byte	0x2a7
 425 00ae B2000000 		.4byte	0xb2
 426 00b2 05       		.uleb128 0x5
 427 00b3 8C000000 		.4byte	0x8c
 428 00b7 06       		.uleb128 0x6
 429 00b8 35010000 		.4byte	.LASF22
 430 00bc 01       		.byte	0x1
 431 00bd E8       		.byte	0xe8
 432 00be 00000000 		.4byte	.LFB5
 433 00c2 0C000000 		.4byte	.LFE5-.LFB5
 434 00c6 01       		.uleb128 0x1
 435 00c7 9C       		.byte	0x9c
 436 00c8 07       		.uleb128 0x7
 437 00c9 46010000 		.4byte	.LASF23
 438 00cd 01       		.byte	0x1
ARM GAS  C:\Users\Ryan\AppData\Local\Temp\ccd9eewk.s 			page 15


 439 00ce A9       		.byte	0xa9
 440 00cf 00000000 		.4byte	.LFB4
 441 00d3 AC000000 		.4byte	.LFE4-.LFB4
 442 00d7 01       		.uleb128 0x1
 443 00d8 9C       		.byte	0x9c
 444 00d9 ED000000 		.4byte	0xed
 445 00dd 08       		.uleb128 0x8
 446 00de 0E000000 		.4byte	.LVL0
 447 00e2 49010000 		.4byte	0x149
 448 00e6 09       		.uleb128 0x9
 449 00e7 01       		.uleb128 0x1
 450 00e8 50       		.byte	0x50
 451 00e9 01       		.uleb128 0x1
 452 00ea 48       		.byte	0x48
 453 00eb 00       		.byte	0
 454 00ec 00       		.byte	0
 455 00ed 0A       		.uleb128 0xa
 456 00ee EE000000 		.4byte	.LASF17
 457 00f2 01       		.byte	0x1
 458 00f3 FF       		.byte	0xff
 459 00f4 00000000 		.4byte	.LFB6
 460 00f8 38000000 		.4byte	.LFE6-.LFB6
 461 00fc 01       		.uleb128 0x1
 462 00fd 9C       		.byte	0x9c
 463 00fe 20010000 		.4byte	0x120
 464 0102 0B       		.uleb128 0xb
 465 0103 89010000 		.4byte	.LASF24
 466 0107 01       		.byte	0x1
 467 0108 FF       		.byte	0xff
 468 0109 80000000 		.4byte	0x80
 469 010d 01       		.uleb128 0x1
 470 010e 50       		.byte	0x50
 471 010f 0C       		.uleb128 0xc
 472 0110 91010000 		.4byte	.LASF25
 473 0114 01       		.byte	0x1
 474 0115 0101     		.2byte	0x101
 475 0117 8C000000 		.4byte	0x8c
 476 011b 00000000 		.4byte	.LLST0
 477 011f 00       		.byte	0
 478 0120 0D       		.uleb128 0xd
 479 0121 60000000 		.4byte	.LASF18
 480 0125 01       		.byte	0x1
 481 0126 2B01     		.2byte	0x12b
 482 0128 AC000000 		.4byte	.LFB7
 483 012c A0000000 		.4byte	.LFE7-.LFB7
 484 0130 01       		.uleb128 0x1
 485 0131 9C       		.byte	0x9c
 486 0132 49010000 		.4byte	0x149
 487 0136 0E       		.uleb128 0xe
 488 0137 06010000 		.4byte	.LVL10
 489 013b C8000000 		.4byte	0xc8
 490 013f 0E       		.uleb128 0xe
 491 0140 0A010000 		.4byte	.LVL11
 492 0144 B7000000 		.4byte	0xb7
 493 0148 00       		.byte	0
 494 0149 0F       		.uleb128 0xf
 495 014a 04010000 		.4byte	.LASF26
ARM GAS  C:\Users\Ryan\AppData\Local\Temp\ccd9eewk.s 			page 16


 496 014e 04010000 		.4byte	.LASF26
 497 0152 03       		.byte	0x3
 498 0153 6C       		.byte	0x6c
 499 0154 00       		.byte	0
 500              		.section	.debug_abbrev,"",%progbits
 501              	.Ldebug_abbrev0:
 502 0000 01       		.uleb128 0x1
 503 0001 11       		.uleb128 0x11
 504 0002 01       		.byte	0x1
 505 0003 25       		.uleb128 0x25
 506 0004 0E       		.uleb128 0xe
 507 0005 13       		.uleb128 0x13
 508 0006 0B       		.uleb128 0xb
 509 0007 03       		.uleb128 0x3
 510 0008 0E       		.uleb128 0xe
 511 0009 1B       		.uleb128 0x1b
 512 000a 0E       		.uleb128 0xe
 513 000b 55       		.uleb128 0x55
 514 000c 17       		.uleb128 0x17
 515 000d 11       		.uleb128 0x11
 516 000e 01       		.uleb128 0x1
 517 000f 10       		.uleb128 0x10
 518 0010 17       		.uleb128 0x17
 519 0011 00       		.byte	0
 520 0012 00       		.byte	0
 521 0013 02       		.uleb128 0x2
 522 0014 24       		.uleb128 0x24
 523 0015 00       		.byte	0
 524 0016 0B       		.uleb128 0xb
 525 0017 0B       		.uleb128 0xb
 526 0018 3E       		.uleb128 0x3e
 527 0019 0B       		.uleb128 0xb
 528 001a 03       		.uleb128 0x3
 529 001b 08       		.uleb128 0x8
 530 001c 00       		.byte	0
 531 001d 00       		.byte	0
 532 001e 03       		.uleb128 0x3
 533 001f 24       		.uleb128 0x24
 534 0020 00       		.byte	0
 535 0021 0B       		.uleb128 0xb
 536 0022 0B       		.uleb128 0xb
 537 0023 3E       		.uleb128 0x3e
 538 0024 0B       		.uleb128 0xb
 539 0025 03       		.uleb128 0x3
 540 0026 0E       		.uleb128 0xe
 541 0027 00       		.byte	0
 542 0028 00       		.byte	0
 543 0029 04       		.uleb128 0x4
 544 002a 16       		.uleb128 0x16
 545 002b 00       		.byte	0
 546 002c 03       		.uleb128 0x3
 547 002d 0E       		.uleb128 0xe
 548 002e 3A       		.uleb128 0x3a
 549 002f 0B       		.uleb128 0xb
 550 0030 3B       		.uleb128 0x3b
 551 0031 05       		.uleb128 0x5
 552 0032 49       		.uleb128 0x49
ARM GAS  C:\Users\Ryan\AppData\Local\Temp\ccd9eewk.s 			page 17


 553 0033 13       		.uleb128 0x13
 554 0034 00       		.byte	0
 555 0035 00       		.byte	0
 556 0036 05       		.uleb128 0x5
 557 0037 35       		.uleb128 0x35
 558 0038 00       		.byte	0
 559 0039 49       		.uleb128 0x49
 560 003a 13       		.uleb128 0x13
 561 003b 00       		.byte	0
 562 003c 00       		.byte	0
 563 003d 06       		.uleb128 0x6
 564 003e 2E       		.uleb128 0x2e
 565 003f 00       		.byte	0
 566 0040 03       		.uleb128 0x3
 567 0041 0E       		.uleb128 0xe
 568 0042 3A       		.uleb128 0x3a
 569 0043 0B       		.uleb128 0xb
 570 0044 3B       		.uleb128 0x3b
 571 0045 0B       		.uleb128 0xb
 572 0046 27       		.uleb128 0x27
 573 0047 19       		.uleb128 0x19
 574 0048 11       		.uleb128 0x11
 575 0049 01       		.uleb128 0x1
 576 004a 12       		.uleb128 0x12
 577 004b 06       		.uleb128 0x6
 578 004c 40       		.uleb128 0x40
 579 004d 18       		.uleb128 0x18
 580 004e 9742     		.uleb128 0x2117
 581 0050 19       		.uleb128 0x19
 582 0051 00       		.byte	0
 583 0052 00       		.byte	0
 584 0053 07       		.uleb128 0x7
 585 0054 2E       		.uleb128 0x2e
 586 0055 01       		.byte	0x1
 587 0056 03       		.uleb128 0x3
 588 0057 0E       		.uleb128 0xe
 589 0058 3A       		.uleb128 0x3a
 590 0059 0B       		.uleb128 0xb
 591 005a 3B       		.uleb128 0x3b
 592 005b 0B       		.uleb128 0xb
 593 005c 27       		.uleb128 0x27
 594 005d 19       		.uleb128 0x19
 595 005e 11       		.uleb128 0x11
 596 005f 01       		.uleb128 0x1
 597 0060 12       		.uleb128 0x12
 598 0061 06       		.uleb128 0x6
 599 0062 40       		.uleb128 0x40
 600 0063 18       		.uleb128 0x18
 601 0064 9742     		.uleb128 0x2117
 602 0066 19       		.uleb128 0x19
 603 0067 01       		.uleb128 0x1
 604 0068 13       		.uleb128 0x13
 605 0069 00       		.byte	0
 606 006a 00       		.byte	0
 607 006b 08       		.uleb128 0x8
 608 006c 898201   		.uleb128 0x4109
 609 006f 01       		.byte	0x1
ARM GAS  C:\Users\Ryan\AppData\Local\Temp\ccd9eewk.s 			page 18


 610 0070 11       		.uleb128 0x11
 611 0071 01       		.uleb128 0x1
 612 0072 31       		.uleb128 0x31
 613 0073 13       		.uleb128 0x13
 614 0074 00       		.byte	0
 615 0075 00       		.byte	0
 616 0076 09       		.uleb128 0x9
 617 0077 8A8201   		.uleb128 0x410a
 618 007a 00       		.byte	0
 619 007b 02       		.uleb128 0x2
 620 007c 18       		.uleb128 0x18
 621 007d 9142     		.uleb128 0x2111
 622 007f 18       		.uleb128 0x18
 623 0080 00       		.byte	0
 624 0081 00       		.byte	0
 625 0082 0A       		.uleb128 0xa
 626 0083 2E       		.uleb128 0x2e
 627 0084 01       		.byte	0x1
 628 0085 3F       		.uleb128 0x3f
 629 0086 19       		.uleb128 0x19
 630 0087 03       		.uleb128 0x3
 631 0088 0E       		.uleb128 0xe
 632 0089 3A       		.uleb128 0x3a
 633 008a 0B       		.uleb128 0xb
 634 008b 3B       		.uleb128 0x3b
 635 008c 0B       		.uleb128 0xb
 636 008d 27       		.uleb128 0x27
 637 008e 19       		.uleb128 0x19
 638 008f 11       		.uleb128 0x11
 639 0090 01       		.uleb128 0x1
 640 0091 12       		.uleb128 0x12
 641 0092 06       		.uleb128 0x6
 642 0093 40       		.uleb128 0x40
 643 0094 18       		.uleb128 0x18
 644 0095 9742     		.uleb128 0x2117
 645 0097 19       		.uleb128 0x19
 646 0098 01       		.uleb128 0x1
 647 0099 13       		.uleb128 0x13
 648 009a 00       		.byte	0
 649 009b 00       		.byte	0
 650 009c 0B       		.uleb128 0xb
 651 009d 05       		.uleb128 0x5
 652 009e 00       		.byte	0
 653 009f 03       		.uleb128 0x3
 654 00a0 0E       		.uleb128 0xe
 655 00a1 3A       		.uleb128 0x3a
 656 00a2 0B       		.uleb128 0xb
 657 00a3 3B       		.uleb128 0x3b
 658 00a4 0B       		.uleb128 0xb
 659 00a5 49       		.uleb128 0x49
 660 00a6 13       		.uleb128 0x13
 661 00a7 02       		.uleb128 0x2
 662 00a8 18       		.uleb128 0x18
 663 00a9 00       		.byte	0
 664 00aa 00       		.byte	0
 665 00ab 0C       		.uleb128 0xc
 666 00ac 34       		.uleb128 0x34
ARM GAS  C:\Users\Ryan\AppData\Local\Temp\ccd9eewk.s 			page 19


 667 00ad 00       		.byte	0
 668 00ae 03       		.uleb128 0x3
 669 00af 0E       		.uleb128 0xe
 670 00b0 3A       		.uleb128 0x3a
 671 00b1 0B       		.uleb128 0xb
 672 00b2 3B       		.uleb128 0x3b
 673 00b3 05       		.uleb128 0x5
 674 00b4 49       		.uleb128 0x49
 675 00b5 13       		.uleb128 0x13
 676 00b6 02       		.uleb128 0x2
 677 00b7 17       		.uleb128 0x17
 678 00b8 00       		.byte	0
 679 00b9 00       		.byte	0
 680 00ba 0D       		.uleb128 0xd
 681 00bb 2E       		.uleb128 0x2e
 682 00bc 01       		.byte	0x1
 683 00bd 3F       		.uleb128 0x3f
 684 00be 19       		.uleb128 0x19
 685 00bf 03       		.uleb128 0x3
 686 00c0 0E       		.uleb128 0xe
 687 00c1 3A       		.uleb128 0x3a
 688 00c2 0B       		.uleb128 0xb
 689 00c3 3B       		.uleb128 0x3b
 690 00c4 05       		.uleb128 0x5
 691 00c5 27       		.uleb128 0x27
 692 00c6 19       		.uleb128 0x19
 693 00c7 11       		.uleb128 0x11
 694 00c8 01       		.uleb128 0x1
 695 00c9 12       		.uleb128 0x12
 696 00ca 06       		.uleb128 0x6
 697 00cb 40       		.uleb128 0x40
 698 00cc 18       		.uleb128 0x18
 699 00cd 9742     		.uleb128 0x2117
 700 00cf 19       		.uleb128 0x19
 701 00d0 01       		.uleb128 0x1
 702 00d1 13       		.uleb128 0x13
 703 00d2 00       		.byte	0
 704 00d3 00       		.byte	0
 705 00d4 0E       		.uleb128 0xe
 706 00d5 898201   		.uleb128 0x4109
 707 00d8 00       		.byte	0
 708 00d9 11       		.uleb128 0x11
 709 00da 01       		.uleb128 0x1
 710 00db 31       		.uleb128 0x31
 711 00dc 13       		.uleb128 0x13
 712 00dd 00       		.byte	0
 713 00de 00       		.byte	0
 714 00df 0F       		.uleb128 0xf
 715 00e0 2E       		.uleb128 0x2e
 716 00e1 00       		.byte	0
 717 00e2 3F       		.uleb128 0x3f
 718 00e3 19       		.uleb128 0x19
 719 00e4 3C       		.uleb128 0x3c
 720 00e5 19       		.uleb128 0x19
 721 00e6 6E       		.uleb128 0x6e
 722 00e7 0E       		.uleb128 0xe
 723 00e8 03       		.uleb128 0x3
ARM GAS  C:\Users\Ryan\AppData\Local\Temp\ccd9eewk.s 			page 20


 724 00e9 0E       		.uleb128 0xe
 725 00ea 3A       		.uleb128 0x3a
 726 00eb 0B       		.uleb128 0xb
 727 00ec 3B       		.uleb128 0x3b
 728 00ed 0B       		.uleb128 0xb
 729 00ee 00       		.byte	0
 730 00ef 00       		.byte	0
 731 00f0 00       		.byte	0
 732              		.section	.debug_loc,"",%progbits
 733              	.Ldebug_loc0:
 734              	.LLST0:
 735 0000 04000000 		.4byte	.LVL2
 736 0004 12000000 		.4byte	.LVL4
 737 0008 0100     		.2byte	0x1
 738 000a 53       		.byte	0x53
 739 000b 14000000 		.4byte	.LVL5
 740 000f 1A000000 		.4byte	.LVL6
 741 0013 0100     		.2byte	0x1
 742 0015 53       		.byte	0x53
 743 0016 1A000000 		.4byte	.LVL6
 744 001a 1C000000 		.4byte	.LVL7
 745 001e 0200     		.2byte	0x2
 746 0020 72       		.byte	0x72
 747 0021 00       		.sleb128 0
 748 0022 1C000000 		.4byte	.LVL7
 749 0026 38000000 		.4byte	.LFE6
 750 002a 0100     		.2byte	0x1
 751 002c 53       		.byte	0x53
 752 002d 00000000 		.4byte	0
 753 0031 00000000 		.4byte	0
 754              		.section	.debug_aranges,"",%progbits
 755 0000 34000000 		.4byte	0x34
 756 0004 0200     		.2byte	0x2
 757 0006 00000000 		.4byte	.Ldebug_info0
 758 000a 04       		.byte	0x4
 759 000b 00       		.byte	0
 760 000c 0000     		.2byte	0
 761 000e 0000     		.2byte	0
 762 0010 00000000 		.4byte	.LFB5
 763 0014 0C000000 		.4byte	.LFE5-.LFB5
 764 0018 00000000 		.4byte	.LFB4
 765 001c AC000000 		.4byte	.LFE4-.LFB4
 766 0020 00000000 		.4byte	.LFB6
 767 0024 38000000 		.4byte	.LFE6-.LFB6
 768 0028 AC000000 		.4byte	.LFB7
 769 002c A0000000 		.4byte	.LFE7-.LFB7
 770 0030 00000000 		.4byte	0
 771 0034 00000000 		.4byte	0
 772              		.section	.debug_ranges,"",%progbits
 773              	.Ldebug_ranges0:
 774 0000 00000000 		.4byte	.LFB5
 775 0004 0C000000 		.4byte	.LFE5
 776 0008 00000000 		.4byte	.LFB4
 777 000c AC000000 		.4byte	.LFE4
 778 0010 00000000 		.4byte	.LFB6
 779 0014 38000000 		.4byte	.LFE6
 780 0018 AC000000 		.4byte	.LFB7
ARM GAS  C:\Users\Ryan\AppData\Local\Temp\ccd9eewk.s 			page 21


 781 001c 4C010000 		.4byte	.LFE7
 782 0020 00000000 		.4byte	0
 783 0024 00000000 		.4byte	0
 784              		.section	.debug_line,"",%progbits
 785              	.Ldebug_line0:
 786 0000 C1000000 		.section	.debug_str,"MS",%progbits,1
 786      02005400 
 786      00000201 
 786      FB0E0D00 
 786      01010101 
 787              	.LASF1:
 788 0000 6C6F6E67 		.ascii	"long long int\000"
 788      206C6F6E 
 788      6720696E 
 788      7400
 789              	.LASF13:
 790 000e 75696E74 		.ascii	"uint32\000"
 790      333200
 791              	.LASF20:
 792 0015 47656E65 		.ascii	"Generated_Source\\PSoC4\\cyfitter_cfg.c\000"
 792      72617465 
 792      645F536F 
 792      75726365 
 792      5C50536F 
 793              	.LASF0:
 794 003b 756E7369 		.ascii	"unsigned int\000"
 794      676E6564 
 794      20696E74 
 794      00
 795              	.LASF12:
 796 0048 75696E74 		.ascii	"uint8\000"
 796      3800
 797              	.LASF8:
 798 004e 6C6F6E67 		.ascii	"long unsigned int\000"
 798      20756E73 
 798      69676E65 
 798      6420696E 
 798      7400
 799              	.LASF18:
 800 0060 63796669 		.ascii	"cyfitter_cfg\000"
 800      74746572 
 800      5F636667 
 800      00
 801              	.LASF9:
 802 006d 6C6F6E67 		.ascii	"long long unsigned int\000"
 802      206C6F6E 
 802      6720756E 
 802      7369676E 
 802      65642069 
 803              	.LASF14:
 804 0084 666C6F61 		.ascii	"float\000"
 804      7400
 805              	.LASF21:
 806 008a 433A5C55 		.ascii	"C:\\Users\\Ryan\\ownCloud\\Projects\\EEforEveryone\\"
 806      73657273 
 806      5C527961 
 806      6E5C6F77 
ARM GAS  C:\Users\Ryan\AppData\Local\Temp\ccd9eewk.s 			page 22


 806      6E436C6F 
 807 00b8 32303232 		.ascii	"2022\\2201_MOTOR\\sw\\4_PSoC\\2201_Motor\\2201_Moto"
 807      5C323230 
 807      315F4D4F 
 807      544F525C 
 807      73775C34 
 808 00e6 722E6379 		.ascii	"r.cydsn\000"
 808      64736E00 
 809              	.LASF17:
 810 00ee 53657441 		.ascii	"SetAnalogRoutingPumps\000"
 810      6E616C6F 
 810      67526F75 
 810      74696E67 
 810      50756D70 
 811              	.LASF26:
 812 0104 43795379 		.ascii	"CySysClkWriteImoFreq\000"
 812      73436C6B 
 812      57726974 
 812      65496D6F 
 812      46726571 
 813              	.LASF4:
 814 0119 756E7369 		.ascii	"unsigned char\000"
 814      676E6564 
 814      20636861 
 814      7200
 815              	.LASF11:
 816 0127 63686172 		.ascii	"char\000"
 816      00
 817              	.LASF7:
 818 012c 6C6F6E67 		.ascii	"long int\000"
 818      20696E74 
 818      00
 819              	.LASF22:
 820 0135 416E616C 		.ascii	"AnalogSetDefault\000"
 820      6F675365 
 820      74446566 
 820      61756C74 
 820      00
 821              	.LASF23:
 822 0146 436C6F63 		.ascii	"ClockSetup\000"
 822      6B536574 
 822      757000
 823              	.LASF15:
 824 0151 646F7562 		.ascii	"double\000"
 824      6C6500
 825              	.LASF16:
 826 0158 72656733 		.ascii	"reg32\000"
 826      3200
 827              	.LASF6:
 828 015e 73686F72 		.ascii	"short unsigned int\000"
 828      7420756E 
 828      7369676E 
 828      65642069 
 828      6E7400
 829              	.LASF3:
 830 0171 7369676E 		.ascii	"signed char\000"
 830      65642063 
ARM GAS  C:\Users\Ryan\AppData\Local\Temp\ccd9eewk.s 			page 23


 830      68617200 
 831              	.LASF2:
 832 017d 6C6F6E67 		.ascii	"long double\000"
 832      20646F75 
 832      626C6500 
 833              	.LASF24:
 834 0189 656E6162 		.ascii	"enabled\000"
 834      6C656400 
 835              	.LASF25:
 836 0191 72656756 		.ascii	"regValue\000"
 836      616C7565 
 836      00
 837              	.LASF5:
 838 019a 73686F72 		.ascii	"short int\000"
 838      7420696E 
 838      7400
 839              	.LASF19:
 840 01a4 474E5520 		.ascii	"GNU C11 5.4.1 20160609 (release) [ARM/embedded-5-br"
 840      43313120 
 840      352E342E 
 840      31203230 
 840      31363036 
 841 01d7 616E6368 		.ascii	"anch revision 237715] -mcpu=cortex-m0plus -mthumb -"
 841      20726576 
 841      6973696F 
 841      6E203233 
 841      37373135 
 842 020a 67202D4F 		.ascii	"g -Og -ffunction-sections -ffat-lto-objects\000"
 842      67202D66 
 842      66756E63 
 842      74696F6E 
 842      2D736563 
 843              	.LASF10:
 844 0236 73697A65 		.ascii	"sizetype\000"
 844      74797065 
 844      00
 845              		.ident	"GCC: (GNU Tools for ARM Embedded Processors) 5.4.1 20160609 (release) [ARM/embedded-5-bran
