ARM GAS  C:\Users\Ryan\AppData\Local\Temp\cc7T4k6l.s 			page 1


   1              		.syntax unified
   2              		.cpu cortex-m0
   3              		.fpu softvfp
   4              		.eabi_attribute 20, 1
   5              		.eabi_attribute 21, 1
   6              		.eabi_attribute 23, 3
   7              		.eabi_attribute 24, 1
   8              		.eabi_attribute 25, 1
   9              		.eabi_attribute 26, 1
  10              		.eabi_attribute 30, 1
  11              		.eabi_attribute 34, 0
  12              		.eabi_attribute 18, 4
  13              		.thumb
  14              		.syntax unified
  15              		.file	"cyfitter_cfg.c"
  16              		.text
  17              	.Ltext0:
  18              		.cfi_sections	.debug_frame
  19              		.section	.text.cfg_write_bytes32,"ax",%progbits
  20              		.align	2
  21              		.code	16
  22              		.thumb_func
  23              		.type	cfg_write_bytes32, %function
  24              	cfg_write_bytes32:
  25              	.LFB3:
  26              		.file 1 "Generated_Source\\PSoC4\\cyfitter_cfg.c"
   1:Generated_Source\PSoC4/cyfitter_cfg.c **** 
   2:Generated_Source\PSoC4/cyfitter_cfg.c **** /*******************************************************************************
   3:Generated_Source\PSoC4/cyfitter_cfg.c **** * File Name: cyfitter_cfg.c
   4:Generated_Source\PSoC4/cyfitter_cfg.c **** * 
   5:Generated_Source\PSoC4/cyfitter_cfg.c **** * PSoC Creator  4.4
   6:Generated_Source\PSoC4/cyfitter_cfg.c **** *
   7:Generated_Source\PSoC4/cyfitter_cfg.c **** * Description:
   8:Generated_Source\PSoC4/cyfitter_cfg.c **** * This file contains device initialization code.
   9:Generated_Source\PSoC4/cyfitter_cfg.c **** * Except for the user defined sections in CyClockStartupError(), this file should not be modified.
  10:Generated_Source\PSoC4/cyfitter_cfg.c **** * This file is automatically generated by PSoC Creator.
  11:Generated_Source\PSoC4/cyfitter_cfg.c **** *
  12:Generated_Source\PSoC4/cyfitter_cfg.c **** ********************************************************************************
  13:Generated_Source\PSoC4/cyfitter_cfg.c **** * Copyright (c) 2007-2020 Cypress Semiconductor.  All rights reserved.
  14:Generated_Source\PSoC4/cyfitter_cfg.c **** * You may use this file only in accordance with the license, terms, conditions, 
  15:Generated_Source\PSoC4/cyfitter_cfg.c **** * disclaimers, and limitations in the end user license agreement accompanying 
  16:Generated_Source\PSoC4/cyfitter_cfg.c **** * the software package with which this file was provided.
  17:Generated_Source\PSoC4/cyfitter_cfg.c **** ********************************************************************************/
  18:Generated_Source\PSoC4/cyfitter_cfg.c **** 
  19:Generated_Source\PSoC4/cyfitter_cfg.c **** #include <string.h>
  20:Generated_Source\PSoC4/cyfitter_cfg.c **** #include "cytypes.h"
  21:Generated_Source\PSoC4/cyfitter_cfg.c **** #include "cydevice_trm.h"
  22:Generated_Source\PSoC4/cyfitter_cfg.c **** #include "cyfitter.h"
  23:Generated_Source\PSoC4/cyfitter_cfg.c **** #include "CyLib.h"
  24:Generated_Source\PSoC4/cyfitter_cfg.c **** #include "cyfitter_cfg.h"
  25:Generated_Source\PSoC4/cyfitter_cfg.c **** #include "cyapicallbacks.h"
  26:Generated_Source\PSoC4/cyfitter_cfg.c **** 
  27:Generated_Source\PSoC4/cyfitter_cfg.c **** 
  28:Generated_Source\PSoC4/cyfitter_cfg.c **** #if defined(__GNUC__) || defined(__ARMCC_VERSION)
  29:Generated_Source\PSoC4/cyfitter_cfg.c ****     #define CYPACKED 
  30:Generated_Source\PSoC4/cyfitter_cfg.c ****     #define CYPACKED_ATTR __attribute__ ((packed))
  31:Generated_Source\PSoC4/cyfitter_cfg.c ****     #define CYALIGNED __attribute__ ((aligned))
ARM GAS  C:\Users\Ryan\AppData\Local\Temp\cc7T4k6l.s 			page 2


  32:Generated_Source\PSoC4/cyfitter_cfg.c ****     #define CY_CFG_UNUSED __attribute__ ((unused))
  33:Generated_Source\PSoC4/cyfitter_cfg.c ****     #ifndef CY_CFG_SECTION
  34:Generated_Source\PSoC4/cyfitter_cfg.c ****         #define CY_CFG_SECTION __attribute__ ((section(".psocinit")))
  35:Generated_Source\PSoC4/cyfitter_cfg.c ****     #endif
  36:Generated_Source\PSoC4/cyfitter_cfg.c ****     
  37:Generated_Source\PSoC4/cyfitter_cfg.c ****     #if defined(__ARMCC_VERSION)
  38:Generated_Source\PSoC4/cyfitter_cfg.c ****         #define CY_CFG_MEMORY_BARRIER() __memory_changed()
  39:Generated_Source\PSoC4/cyfitter_cfg.c ****     #else
  40:Generated_Source\PSoC4/cyfitter_cfg.c ****         #define CY_CFG_MEMORY_BARRIER() __sync_synchronize()
  41:Generated_Source\PSoC4/cyfitter_cfg.c ****     #endif
  42:Generated_Source\PSoC4/cyfitter_cfg.c ****     
  43:Generated_Source\PSoC4/cyfitter_cfg.c **** #elif defined(__ICCARM__)
  44:Generated_Source\PSoC4/cyfitter_cfg.c ****     #include <intrinsics.h>
  45:Generated_Source\PSoC4/cyfitter_cfg.c **** 
  46:Generated_Source\PSoC4/cyfitter_cfg.c ****     #define CYPACKED __packed
  47:Generated_Source\PSoC4/cyfitter_cfg.c ****     #define CYPACKED_ATTR 
  48:Generated_Source\PSoC4/cyfitter_cfg.c ****     #define CYALIGNED _Pragma("data_alignment=4")
  49:Generated_Source\PSoC4/cyfitter_cfg.c ****     #define CY_CFG_UNUSED _Pragma("diag_suppress=Pe177")
  50:Generated_Source\PSoC4/cyfitter_cfg.c ****     #define CY_CFG_SECTION _Pragma("location=\".psocinit\"")
  51:Generated_Source\PSoC4/cyfitter_cfg.c ****     
  52:Generated_Source\PSoC4/cyfitter_cfg.c ****     #define CY_CFG_MEMORY_BARRIER() __DMB()
  53:Generated_Source\PSoC4/cyfitter_cfg.c ****     
  54:Generated_Source\PSoC4/cyfitter_cfg.c **** #else
  55:Generated_Source\PSoC4/cyfitter_cfg.c ****     #error Unsupported toolchain
  56:Generated_Source\PSoC4/cyfitter_cfg.c **** #endif
  57:Generated_Source\PSoC4/cyfitter_cfg.c **** 
  58:Generated_Source\PSoC4/cyfitter_cfg.c **** #ifndef CYCODE
  59:Generated_Source\PSoC4/cyfitter_cfg.c ****     #define CYCODE
  60:Generated_Source\PSoC4/cyfitter_cfg.c **** #endif
  61:Generated_Source\PSoC4/cyfitter_cfg.c **** #ifndef CYDATA
  62:Generated_Source\PSoC4/cyfitter_cfg.c ****     #define CYDATA
  63:Generated_Source\PSoC4/cyfitter_cfg.c **** #endif
  64:Generated_Source\PSoC4/cyfitter_cfg.c **** #ifndef CYFAR
  65:Generated_Source\PSoC4/cyfitter_cfg.c ****     #define CYFAR
  66:Generated_Source\PSoC4/cyfitter_cfg.c **** #endif
  67:Generated_Source\PSoC4/cyfitter_cfg.c **** #ifndef CYXDATA
  68:Generated_Source\PSoC4/cyfitter_cfg.c ****     #define CYXDATA
  69:Generated_Source\PSoC4/cyfitter_cfg.c **** #endif
  70:Generated_Source\PSoC4/cyfitter_cfg.c **** 
  71:Generated_Source\PSoC4/cyfitter_cfg.c **** 
  72:Generated_Source\PSoC4/cyfitter_cfg.c **** CY_CFG_UNUSED
  73:Generated_Source\PSoC4/cyfitter_cfg.c **** static void CYMEMZERO(void *s, size_t n);
  74:Generated_Source\PSoC4/cyfitter_cfg.c **** CY_CFG_UNUSED
  75:Generated_Source\PSoC4/cyfitter_cfg.c **** static void CYMEMZERO(void *s, size_t n)
  76:Generated_Source\PSoC4/cyfitter_cfg.c **** {
  77:Generated_Source\PSoC4/cyfitter_cfg.c **** 	(void)memset(s, 0, n);
  78:Generated_Source\PSoC4/cyfitter_cfg.c **** }
  79:Generated_Source\PSoC4/cyfitter_cfg.c **** CY_CFG_UNUSED
  80:Generated_Source\PSoC4/cyfitter_cfg.c **** static void CYCONFIGCPY(void *dest, const void *src, size_t n);
  81:Generated_Source\PSoC4/cyfitter_cfg.c **** CY_CFG_UNUSED
  82:Generated_Source\PSoC4/cyfitter_cfg.c **** static void CYCONFIGCPY(void *dest, const void *src, size_t n)
  83:Generated_Source\PSoC4/cyfitter_cfg.c **** {
  84:Generated_Source\PSoC4/cyfitter_cfg.c **** 	(void)memcpy(dest, src, n);
  85:Generated_Source\PSoC4/cyfitter_cfg.c **** }
  86:Generated_Source\PSoC4/cyfitter_cfg.c **** CY_CFG_UNUSED
  87:Generated_Source\PSoC4/cyfitter_cfg.c **** static void CYCONFIGCPYCODE(void *dest, const void *src, size_t n);
  88:Generated_Source\PSoC4/cyfitter_cfg.c **** CY_CFG_UNUSED
ARM GAS  C:\Users\Ryan\AppData\Local\Temp\cc7T4k6l.s 			page 3


  89:Generated_Source\PSoC4/cyfitter_cfg.c **** static void CYCONFIGCPYCODE(void *dest, const void *src, size_t n)
  90:Generated_Source\PSoC4/cyfitter_cfg.c **** {
  91:Generated_Source\PSoC4/cyfitter_cfg.c **** 	(void)memcpy(dest, src, n);
  92:Generated_Source\PSoC4/cyfitter_cfg.c **** }
  93:Generated_Source\PSoC4/cyfitter_cfg.c **** 
  94:Generated_Source\PSoC4/cyfitter_cfg.c **** 
  95:Generated_Source\PSoC4/cyfitter_cfg.c **** 
  96:Generated_Source\PSoC4/cyfitter_cfg.c **** 
  97:Generated_Source\PSoC4/cyfitter_cfg.c **** /* Clock startup error codes                                                   */
  98:Generated_Source\PSoC4/cyfitter_cfg.c **** #define CYCLOCKSTART_NO_ERROR    0u
  99:Generated_Source\PSoC4/cyfitter_cfg.c **** #define CYCLOCKSTART_XTAL_ERROR  1u
 100:Generated_Source\PSoC4/cyfitter_cfg.c **** #define CYCLOCKSTART_32KHZ_ERROR 2u
 101:Generated_Source\PSoC4/cyfitter_cfg.c **** #define CYCLOCKSTART_PLL_ERROR   3u
 102:Generated_Source\PSoC4/cyfitter_cfg.c **** #define CYCLOCKSTART_FLL_ERROR   4u
 103:Generated_Source\PSoC4/cyfitter_cfg.c **** #define CYCLOCKSTART_WCO_ERROR   5u
 104:Generated_Source\PSoC4/cyfitter_cfg.c **** 
 105:Generated_Source\PSoC4/cyfitter_cfg.c **** 
 106:Generated_Source\PSoC4/cyfitter_cfg.c **** #ifdef CY_NEED_CYCLOCKSTARTUPERROR
 107:Generated_Source\PSoC4/cyfitter_cfg.c **** /*******************************************************************************
 108:Generated_Source\PSoC4/cyfitter_cfg.c **** * Function Name: CyClockStartupError
 109:Generated_Source\PSoC4/cyfitter_cfg.c **** ********************************************************************************
 110:Generated_Source\PSoC4/cyfitter_cfg.c **** * Summary:
 111:Generated_Source\PSoC4/cyfitter_cfg.c **** *  If an error is encountered during clock configuration (crystal startup error,
 112:Generated_Source\PSoC4/cyfitter_cfg.c **** *  PLL lock error, etc.), the system will end up here.  Unless reimplemented by
 113:Generated_Source\PSoC4/cyfitter_cfg.c **** *  the customer, this function will stop in an infinite loop.
 114:Generated_Source\PSoC4/cyfitter_cfg.c **** *
 115:Generated_Source\PSoC4/cyfitter_cfg.c **** * Parameters:
 116:Generated_Source\PSoC4/cyfitter_cfg.c **** *   void
 117:Generated_Source\PSoC4/cyfitter_cfg.c **** *
 118:Generated_Source\PSoC4/cyfitter_cfg.c **** * Return:
 119:Generated_Source\PSoC4/cyfitter_cfg.c **** *   void
 120:Generated_Source\PSoC4/cyfitter_cfg.c **** *
 121:Generated_Source\PSoC4/cyfitter_cfg.c **** *******************************************************************************/
 122:Generated_Source\PSoC4/cyfitter_cfg.c **** CY_CFG_UNUSED
 123:Generated_Source\PSoC4/cyfitter_cfg.c **** static void CyClockStartupError(uint8 errorCode);
 124:Generated_Source\PSoC4/cyfitter_cfg.c **** CY_CFG_UNUSED
 125:Generated_Source\PSoC4/cyfitter_cfg.c **** static void CyClockStartupError(uint8 errorCode)
 126:Generated_Source\PSoC4/cyfitter_cfg.c **** {
 127:Generated_Source\PSoC4/cyfitter_cfg.c ****     /* To remove the compiler warning if errorCode not used.                */
 128:Generated_Source\PSoC4/cyfitter_cfg.c ****     errorCode = errorCode;
 129:Generated_Source\PSoC4/cyfitter_cfg.c **** 
 130:Generated_Source\PSoC4/cyfitter_cfg.c ****     /* If we have a clock startup error (bad MHz crystal, PLL lock, etc.),  */
 131:Generated_Source\PSoC4/cyfitter_cfg.c ****     /* we will end up here to allow the customer to implement something to  */
 132:Generated_Source\PSoC4/cyfitter_cfg.c ****     /* deal with the clock condition.                                       */
 133:Generated_Source\PSoC4/cyfitter_cfg.c **** 
 134:Generated_Source\PSoC4/cyfitter_cfg.c **** #ifdef CY_CFG_CLOCK_STARTUP_ERROR_CALLBACK
 135:Generated_Source\PSoC4/cyfitter_cfg.c ****     CY_CFG_Clock_Startup_ErrorCallback();
 136:Generated_Source\PSoC4/cyfitter_cfg.c **** #else
 137:Generated_Source\PSoC4/cyfitter_cfg.c ****     /*  If not using CY_CFG_CLOCK_STARTUP_ERROR_CALLBACK, place your clock startup code here. */
 138:Generated_Source\PSoC4/cyfitter_cfg.c ****     /* `#START CyClockStartupError` */
 139:Generated_Source\PSoC4/cyfitter_cfg.c **** 
 140:Generated_Source\PSoC4/cyfitter_cfg.c **** 
 141:Generated_Source\PSoC4/cyfitter_cfg.c **** 
 142:Generated_Source\PSoC4/cyfitter_cfg.c ****     /* `#END` */
 143:Generated_Source\PSoC4/cyfitter_cfg.c **** 
 144:Generated_Source\PSoC4/cyfitter_cfg.c ****     while(1) {}
 145:Generated_Source\PSoC4/cyfitter_cfg.c **** #endif /* CY_CFG_CLOCK_STARTUP_ERROR_CALLBACK */
ARM GAS  C:\Users\Ryan\AppData\Local\Temp\cc7T4k6l.s 			page 4


 146:Generated_Source\PSoC4/cyfitter_cfg.c **** }
 147:Generated_Source\PSoC4/cyfitter_cfg.c **** #endif
 148:Generated_Source\PSoC4/cyfitter_cfg.c **** 
 149:Generated_Source\PSoC4/cyfitter_cfg.c **** #define CY_CFG_BASE_ADDR_COUNT 2u
 150:Generated_Source\PSoC4/cyfitter_cfg.c **** CYPACKED typedef struct
 151:Generated_Source\PSoC4/cyfitter_cfg.c **** {
 152:Generated_Source\PSoC4/cyfitter_cfg.c **** 	uint8 offset;
 153:Generated_Source\PSoC4/cyfitter_cfg.c **** 	uint8 value;
 154:Generated_Source\PSoC4/cyfitter_cfg.c **** } CYPACKED_ATTR cy_cfg_addrvalue_t;
 155:Generated_Source\PSoC4/cyfitter_cfg.c **** 
 156:Generated_Source\PSoC4/cyfitter_cfg.c **** 
 157:Generated_Source\PSoC4/cyfitter_cfg.c **** 
 158:Generated_Source\PSoC4/cyfitter_cfg.c **** /*******************************************************************************
 159:Generated_Source\PSoC4/cyfitter_cfg.c **** * Function Name: cfg_write_bytes32
 160:Generated_Source\PSoC4/cyfitter_cfg.c **** ********************************************************************************
 161:Generated_Source\PSoC4/cyfitter_cfg.c **** * Summary:
 162:Generated_Source\PSoC4/cyfitter_cfg.c **** *  This function is used for setting up the chip configuration areas that
 163:Generated_Source\PSoC4/cyfitter_cfg.c **** *  contain relatively sparse data.
 164:Generated_Source\PSoC4/cyfitter_cfg.c **** *
 165:Generated_Source\PSoC4/cyfitter_cfg.c **** * Parameters:
 166:Generated_Source\PSoC4/cyfitter_cfg.c **** *   void
 167:Generated_Source\PSoC4/cyfitter_cfg.c **** *
 168:Generated_Source\PSoC4/cyfitter_cfg.c **** * Return:
 169:Generated_Source\PSoC4/cyfitter_cfg.c **** *   void
 170:Generated_Source\PSoC4/cyfitter_cfg.c **** *
 171:Generated_Source\PSoC4/cyfitter_cfg.c **** *******************************************************************************/
 172:Generated_Source\PSoC4/cyfitter_cfg.c **** static void cfg_write_bytes32(const uint32 addr_table[], const cy_cfg_addrvalue_t data_table[]);
 173:Generated_Source\PSoC4/cyfitter_cfg.c **** static void cfg_write_bytes32(const uint32 addr_table[], const cy_cfg_addrvalue_t data_table[])
 174:Generated_Source\PSoC4/cyfitter_cfg.c **** {
  27              		.loc 1 174 0
  28              		.cfi_startproc
  29              		@ args = 0, pretend = 0, frame = 0
  30              		@ frame_needed = 0, uses_anonymous_args = 0
  31              	.LVL0:
  32 0000 F0B5     		push	{r4, r5, r6, r7, lr}
  33              		.cfi_def_cfa_offset 20
  34              		.cfi_offset 4, -20
  35              		.cfi_offset 5, -16
  36              		.cfi_offset 6, -12
  37              		.cfi_offset 7, -8
  38              		.cfi_offset 14, -4
  39              	.LVL1:
 175:Generated_Source\PSoC4/cyfitter_cfg.c **** 	/* For 32-bit little-endian architectures */
 176:Generated_Source\PSoC4/cyfitter_cfg.c **** 	uint32 i, j = 0u;
  40              		.loc 1 176 0
  41 0002 0025     		movs	r5, #0
 177:Generated_Source\PSoC4/cyfitter_cfg.c **** 	for (i = 0u; i < CY_CFG_BASE_ADDR_COUNT; i++)
  42              		.loc 1 177 0
  43 0004 0027     		movs	r7, #0
  44 0006 11E0     		b	.L2
  45              	.LVL2:
  46              	.L5:
  47              	.LBB2:
 178:Generated_Source\PSoC4/cyfitter_cfg.c **** 	{
 179:Generated_Source\PSoC4/cyfitter_cfg.c **** 		uint32 baseAddr = addr_table[i];
  48              		.loc 1 179 0
  49 0008 BB00     		lsls	r3, r7, #2
ARM GAS  C:\Users\Ryan\AppData\Local\Temp\cc7T4k6l.s 			page 5


  50 000a C658     		ldr	r6, [r0, r3]
  51              	.LVL3:
 180:Generated_Source\PSoC4/cyfitter_cfg.c **** 		uint8 count = (uint8)baseAddr;
  52              		.loc 1 180 0
  53 000c F3B2     		uxtb	r3, r6
  54              	.LVL4:
 181:Generated_Source\PSoC4/cyfitter_cfg.c **** 		baseAddr &= 0xFFFFFF00u;
  55              		.loc 1 181 0
  56 000e FF22     		movs	r2, #255
  57 0010 9643     		bics	r6, r2
  58              	.LVL5:
 182:Generated_Source\PSoC4/cyfitter_cfg.c **** 		while (count != 0u)
  59              		.loc 1 182 0
  60 0012 08E0     		b	.L3
  61              	.L4:
 183:Generated_Source\PSoC4/cyfitter_cfg.c **** 		{
 184:Generated_Source\PSoC4/cyfitter_cfg.c **** 			CY_SET_REG8((void *)(baseAddr + data_table[j].offset), data_table[j].value);
  62              		.loc 1 184 0
  63 0014 6A00     		lsls	r2, r5, #1
  64 0016 8A18     		adds	r2, r1, r2
  65 0018 1478     		ldrb	r4, [r2]
  66 001a A419     		adds	r4, r4, r6
  67 001c 5278     		ldrb	r2, [r2, #1]
  68 001e 2270     		strb	r2, [r4]
 185:Generated_Source\PSoC4/cyfitter_cfg.c **** 			j++;
  69              		.loc 1 185 0
  70 0020 0135     		adds	r5, r5, #1
  71              	.LVL6:
 186:Generated_Source\PSoC4/cyfitter_cfg.c **** 			count--;
  72              		.loc 1 186 0
  73 0022 013B     		subs	r3, r3, #1
  74              	.LVL7:
  75 0024 DBB2     		uxtb	r3, r3
  76              	.LVL8:
  77              	.L3:
 182:Generated_Source\PSoC4/cyfitter_cfg.c **** 		{
  78              		.loc 1 182 0
  79 0026 002B     		cmp	r3, #0
  80 0028 F4D1     		bne	.L4
  81              	.LBE2:
 177:Generated_Source\PSoC4/cyfitter_cfg.c **** 	{
  82              		.loc 1 177 0 discriminator 2
  83 002a 0137     		adds	r7, r7, #1
  84              	.LVL9:
  85              	.L2:
 177:Generated_Source\PSoC4/cyfitter_cfg.c **** 	{
  86              		.loc 1 177 0 is_stmt 0 discriminator 1
  87 002c 012F     		cmp	r7, #1
  88 002e EBD9     		bls	.L5
 187:Generated_Source\PSoC4/cyfitter_cfg.c **** 		}
 188:Generated_Source\PSoC4/cyfitter_cfg.c **** 	}
 189:Generated_Source\PSoC4/cyfitter_cfg.c **** }
  89              		.loc 1 189 0 is_stmt 1
  90              		@ sp needed
  91              	.LVL10:
  92              	.LVL11:
  93 0030 F0BD     		pop	{r4, r5, r6, r7, pc}
ARM GAS  C:\Users\Ryan\AppData\Local\Temp\cc7T4k6l.s 			page 6


  94              		.cfi_endproc
  95              	.LFE3:
  96              		.size	cfg_write_bytes32, .-cfg_write_bytes32
  97 0032 C046     		.section	.text.CYMEMZERO,"ax",%progbits
  98              		.align	2
  99              		.code	16
 100              		.thumb_func
 101              		.type	CYMEMZERO, %function
 102              	CYMEMZERO:
 103              	.LFB0:
  76:Generated_Source\PSoC4/cyfitter_cfg.c **** 	(void)memset(s, 0, n);
 104              		.loc 1 76 0
 105              		.cfi_startproc
 106              		@ args = 0, pretend = 0, frame = 0
 107              		@ frame_needed = 0, uses_anonymous_args = 0
 108              	.LVL12:
 109 0000 10B5     		push	{r4, lr}
 110              		.cfi_def_cfa_offset 8
 111              		.cfi_offset 4, -8
 112              		.cfi_offset 14, -4
 113 0002 0A00     		movs	r2, r1
  77:Generated_Source\PSoC4/cyfitter_cfg.c **** }
 114              		.loc 1 77 0
 115 0004 0021     		movs	r1, #0
 116              	.LVL13:
 117 0006 FFF7FEFF 		bl	memset
 118              	.LVL14:
  78:Generated_Source\PSoC4/cyfitter_cfg.c **** CY_CFG_UNUSED
 119              		.loc 1 78 0
 120              		@ sp needed
 121 000a 10BD     		pop	{r4, pc}
 122              		.cfi_endproc
 123              	.LFE0:
 124              		.size	CYMEMZERO, .-CYMEMZERO
 125              		.section	.psocinit,"ax",%progbits
 126              		.align	2
 127              		.code	16
 128              		.thumb_func
 129              		.type	ClockSetup, %function
 130              	ClockSetup:
 131              	.LFB4:
 190:Generated_Source\PSoC4/cyfitter_cfg.c **** 
 191:Generated_Source\PSoC4/cyfitter_cfg.c **** 
 192:Generated_Source\PSoC4/cyfitter_cfg.c **** /*******************************************************************************
 193:Generated_Source\PSoC4/cyfitter_cfg.c **** * Function Name: ClockSetup
 194:Generated_Source\PSoC4/cyfitter_cfg.c **** ********************************************************************************
 195:Generated_Source\PSoC4/cyfitter_cfg.c **** *
 196:Generated_Source\PSoC4/cyfitter_cfg.c **** * Summary:
 197:Generated_Source\PSoC4/cyfitter_cfg.c **** *   Performs the initialization of all of the clocks in the device based on the
 198:Generated_Source\PSoC4/cyfitter_cfg.c **** *   settings in the Clock tab of the DWR.  This includes enabling the requested
 199:Generated_Source\PSoC4/cyfitter_cfg.c **** *   clocks and setting the necessary dividers to produce the desired frequency. 
 200:Generated_Source\PSoC4/cyfitter_cfg.c **** *
 201:Generated_Source\PSoC4/cyfitter_cfg.c **** * Parameters:
 202:Generated_Source\PSoC4/cyfitter_cfg.c **** *   void
 203:Generated_Source\PSoC4/cyfitter_cfg.c **** *
 204:Generated_Source\PSoC4/cyfitter_cfg.c **** * Return:
 205:Generated_Source\PSoC4/cyfitter_cfg.c **** *   void
ARM GAS  C:\Users\Ryan\AppData\Local\Temp\cc7T4k6l.s 			page 7


 206:Generated_Source\PSoC4/cyfitter_cfg.c **** *
 207:Generated_Source\PSoC4/cyfitter_cfg.c **** *******************************************************************************/
 208:Generated_Source\PSoC4/cyfitter_cfg.c **** static void ClockSetup(void);
 209:Generated_Source\PSoC4/cyfitter_cfg.c **** CY_CFG_SECTION
 210:Generated_Source\PSoC4/cyfitter_cfg.c **** static void ClockSetup(void)
 211:Generated_Source\PSoC4/cyfitter_cfg.c **** {
 132              		.loc 1 211 0
 133              		.cfi_startproc
 134              		@ args = 0, pretend = 0, frame = 0
 135              		@ frame_needed = 0, uses_anonymous_args = 0
 136 0000 10B5     		push	{r4, lr}
 137              		.cfi_def_cfa_offset 8
 138              		.cfi_offset 4, -8
 139              		.cfi_offset 14, -4
 212:Generated_Source\PSoC4/cyfitter_cfg.c **** 
 213:Generated_Source\PSoC4/cyfitter_cfg.c **** 	/* Set Flash Cycles based on max possible frequency in case a glitch occurs during ClockSetup(). *
 214:Generated_Source\PSoC4/cyfitter_cfg.c **** 	CY_SET_REG32((void CYXDATA *)(CYREG_CPUSS_FLASH_CTL), (0x0012u));
 140              		.loc 1 214 0
 141 0002 1222     		movs	r2, #18
 142 0004 0F4B     		ldr	r3, .L8
 143 0006 1A60     		str	r2, [r3]
 215:Generated_Source\PSoC4/cyfitter_cfg.c **** 	/* Update IMO to new clock speed. */
 216:Generated_Source\PSoC4/cyfitter_cfg.c **** 	CySysClkWriteImoFreq(48u);
 144              		.loc 1 216 0
 145 0008 3020     		movs	r0, #48
 146 000a FFF7FEFF 		bl	CySysClkWriteImoFreq
 147              	.LVL15:
 217:Generated_Source\PSoC4/cyfitter_cfg.c **** 
 218:Generated_Source\PSoC4/cyfitter_cfg.c **** 	/* Setup phase aligned clocks */
 219:Generated_Source\PSoC4/cyfitter_cfg.c **** 	CY_SET_REG32((void *)CYREG_PERI_DIV_16_CTL0, 0x00000300u);
 148              		.loc 1 219 0
 149 000e C022     		movs	r2, #192
 150 0010 9200     		lsls	r2, r2, #2
 151 0012 0D4B     		ldr	r3, .L8+4
 152 0014 1A60     		str	r2, [r3]
 220:Generated_Source\PSoC4/cyfitter_cfg.c **** 	CY_SET_REG32((void *)CYREG_PERI_DIV_CMD, 0x8000FF40u);
 153              		.loc 1 220 0
 154 0016 0D4B     		ldr	r3, .L8+8
 155 0018 0D4A     		ldr	r2, .L8+12
 156 001a 1A60     		str	r2, [r3]
 221:Generated_Source\PSoC4/cyfitter_cfg.c **** 	CY_SET_REG32((void *)CYREG_PERI_DIV_16_CTL1, 0x00002200u);
 157              		.loc 1 221 0
 158 001c 8821     		movs	r1, #136
 159 001e 8901     		lsls	r1, r1, #6
 160 0020 0C4A     		ldr	r2, .L8+16
 161 0022 1160     		str	r1, [r2]
 222:Generated_Source\PSoC4/cyfitter_cfg.c **** 	CY_SET_REG32((void *)CYREG_PERI_DIV_CMD, 0x8000FF41u);
 162              		.loc 1 222 0
 163 0024 0C4A     		ldr	r2, .L8+20
 164 0026 1A60     		str	r2, [r3]
 223:Generated_Source\PSoC4/cyfitter_cfg.c **** 
 224:Generated_Source\PSoC4/cyfitter_cfg.c **** 	/* CYDEV_CLK_SELECT Starting address: CYDEV_CLK_SELECT */
 225:Generated_Source\PSoC4/cyfitter_cfg.c **** 	CY_SET_REG32((void *)(CYREG_CLK_SELECT), 0x00000000u);
 165              		.loc 1 225 0
 166 0028 0022     		movs	r2, #0
 167 002a 0C4B     		ldr	r3, .L8+24
 168 002c 1A60     		str	r2, [r3]
ARM GAS  C:\Users\Ryan\AppData\Local\Temp\cc7T4k6l.s 			page 8


 226:Generated_Source\PSoC4/cyfitter_cfg.c **** 
 227:Generated_Source\PSoC4/cyfitter_cfg.c **** 	/* CYDEV_PERI_PCLK_CTL5 Starting address: CYDEV_PERI_PCLK_CTL5 */
 228:Generated_Source\PSoC4/cyfitter_cfg.c **** 	CY_SET_REG32((void *)(CYREG_PERI_PCLK_CTL5), 0x00000040u);
 169              		.loc 1 228 0
 170 002e 4023     		movs	r3, #64
 171 0030 0B4A     		ldr	r2, .L8+28
 172 0032 1360     		str	r3, [r2]
 229:Generated_Source\PSoC4/cyfitter_cfg.c **** 
 230:Generated_Source\PSoC4/cyfitter_cfg.c **** 	/* CYDEV_PERI_PCLK_CTL4 Starting address: CYDEV_PERI_PCLK_CTL4 */
 231:Generated_Source\PSoC4/cyfitter_cfg.c **** 	CY_SET_REG32((void *)(CYREG_PERI_PCLK_CTL4), 0x00000040u);
 173              		.loc 1 231 0
 174 0034 0B4A     		ldr	r2, .L8+32
 175 0036 1360     		str	r3, [r2]
 232:Generated_Source\PSoC4/cyfitter_cfg.c **** 
 233:Generated_Source\PSoC4/cyfitter_cfg.c **** 	/* CYDEV_PERI_PCLK_CTL3 Starting address: CYDEV_PERI_PCLK_CTL3 */
 234:Generated_Source\PSoC4/cyfitter_cfg.c **** 	CY_SET_REG32((void *)(CYREG_PERI_PCLK_CTL3), 0x00000040u);
 176              		.loc 1 234 0
 177 0038 0B4A     		ldr	r2, .L8+36
 178 003a 1360     		str	r3, [r2]
 235:Generated_Source\PSoC4/cyfitter_cfg.c **** 
 236:Generated_Source\PSoC4/cyfitter_cfg.c **** 	/* CYDEV_PERI_PCLK_CTL0 Starting address: CYDEV_PERI_PCLK_CTL0 */
 237:Generated_Source\PSoC4/cyfitter_cfg.c **** 	CY_SET_REG32((void *)(CYREG_PERI_PCLK_CTL0), 0x00000041u);
 179              		.loc 1 237 0
 180 003c 4122     		movs	r2, #65
 181 003e 0B4B     		ldr	r3, .L8+40
 182 0040 1A60     		str	r2, [r3]
 238:Generated_Source\PSoC4/cyfitter_cfg.c **** 
 239:Generated_Source\PSoC4/cyfitter_cfg.c **** }
 183              		.loc 1 239 0
 184              		@ sp needed
 185 0042 10BD     		pop	{r4, pc}
 186              	.L9:
 187              		.align	2
 188              	.L8:
 189 0044 30001040 		.word	1074790448
 190 0048 00030140 		.word	1073808128
 191 004c 00000140 		.word	1073807360
 192 0050 40FF0080 		.word	-2147418304
 193 0054 04030140 		.word	1073808132
 194 0058 41FF0080 		.word	-2147418303
 195 005c 28000340 		.word	1073938472
 196 0060 14010140 		.word	1073807636
 197 0064 10010140 		.word	1073807632
 198 0068 0C010140 		.word	1073807628
 199 006c 00010140 		.word	1073807616
 200              		.cfi_endproc
 201              	.LFE4:
 202              		.size	ClockSetup, .-ClockSetup
 203              		.align	2
 204              		.global	cyfitter_cfg
 205              		.code	16
 206              		.thumb_func
 207              		.type	cyfitter_cfg, %function
 208              	cyfitter_cfg:
 209              	.LFB6:
 240:Generated_Source\PSoC4/cyfitter_cfg.c **** 
 241:Generated_Source\PSoC4/cyfitter_cfg.c **** 
ARM GAS  C:\Users\Ryan\AppData\Local\Temp\cc7T4k6l.s 			page 9


 242:Generated_Source\PSoC4/cyfitter_cfg.c **** /* Analog API Functions */
 243:Generated_Source\PSoC4/cyfitter_cfg.c **** 
 244:Generated_Source\PSoC4/cyfitter_cfg.c **** 
 245:Generated_Source\PSoC4/cyfitter_cfg.c **** /*******************************************************************************
 246:Generated_Source\PSoC4/cyfitter_cfg.c **** * Function Name: AnalogSetDefault
 247:Generated_Source\PSoC4/cyfitter_cfg.c **** ********************************************************************************
 248:Generated_Source\PSoC4/cyfitter_cfg.c **** *
 249:Generated_Source\PSoC4/cyfitter_cfg.c **** * Summary:
 250:Generated_Source\PSoC4/cyfitter_cfg.c **** *  Sets up the analog portions of the chip to default values based on chip
 251:Generated_Source\PSoC4/cyfitter_cfg.c **** *  configuration options from the project.
 252:Generated_Source\PSoC4/cyfitter_cfg.c **** *
 253:Generated_Source\PSoC4/cyfitter_cfg.c **** * Parameters:
 254:Generated_Source\PSoC4/cyfitter_cfg.c **** *  void
 255:Generated_Source\PSoC4/cyfitter_cfg.c **** *
 256:Generated_Source\PSoC4/cyfitter_cfg.c **** * Return:
 257:Generated_Source\PSoC4/cyfitter_cfg.c **** *  void
 258:Generated_Source\PSoC4/cyfitter_cfg.c **** *
 259:Generated_Source\PSoC4/cyfitter_cfg.c **** *******************************************************************************/
 260:Generated_Source\PSoC4/cyfitter_cfg.c **** static void AnalogSetDefault(void);
 261:Generated_Source\PSoC4/cyfitter_cfg.c **** static void AnalogSetDefault(void)
 262:Generated_Source\PSoC4/cyfitter_cfg.c **** {
 263:Generated_Source\PSoC4/cyfitter_cfg.c **** }
 264:Generated_Source\PSoC4/cyfitter_cfg.c **** 
 265:Generated_Source\PSoC4/cyfitter_cfg.c **** 
 266:Generated_Source\PSoC4/cyfitter_cfg.c **** 
 267:Generated_Source\PSoC4/cyfitter_cfg.c **** 
 268:Generated_Source\PSoC4/cyfitter_cfg.c **** /*******************************************************************************
 269:Generated_Source\PSoC4/cyfitter_cfg.c **** * Function Name: cyfitter_cfg
 270:Generated_Source\PSoC4/cyfitter_cfg.c **** ********************************************************************************
 271:Generated_Source\PSoC4/cyfitter_cfg.c **** * Summary:
 272:Generated_Source\PSoC4/cyfitter_cfg.c **** *  This function is called by the start-up code for the selected device. It
 273:Generated_Source\PSoC4/cyfitter_cfg.c **** *  performs all of the necessary device configuration based on the design
 274:Generated_Source\PSoC4/cyfitter_cfg.c **** *  settings.  This includes settings from the Design Wide Resources (DWR) such
 275:Generated_Source\PSoC4/cyfitter_cfg.c **** *  as Clocks and Pins as well as any component configuration that is necessary.
 276:Generated_Source\PSoC4/cyfitter_cfg.c **** *
 277:Generated_Source\PSoC4/cyfitter_cfg.c **** * Parameters:
 278:Generated_Source\PSoC4/cyfitter_cfg.c **** *   void
 279:Generated_Source\PSoC4/cyfitter_cfg.c **** *
 280:Generated_Source\PSoC4/cyfitter_cfg.c **** * Return:
 281:Generated_Source\PSoC4/cyfitter_cfg.c **** *   void
 282:Generated_Source\PSoC4/cyfitter_cfg.c **** *
 283:Generated_Source\PSoC4/cyfitter_cfg.c **** *******************************************************************************/
 284:Generated_Source\PSoC4/cyfitter_cfg.c **** CY_CFG_SECTION
 285:Generated_Source\PSoC4/cyfitter_cfg.c **** void cyfitter_cfg(void)
 286:Generated_Source\PSoC4/cyfitter_cfg.c **** {
 210              		.loc 1 286 0
 211              		.cfi_startproc
 212              		@ args = 0, pretend = 0, frame = 0
 213              		@ frame_needed = 0, uses_anonymous_args = 0
 214 0070 10B5     		push	{r4, lr}
 215              		.cfi_def_cfa_offset 8
 216              		.cfi_offset 4, -8
 217              		.cfi_offset 14, -4
 287:Generated_Source\PSoC4/cyfitter_cfg.c **** 	/* Disable interrupts by default. Let user enable if/when they want. */
 288:Generated_Source\PSoC4/cyfitter_cfg.c **** 	CyGlobalIntDisable;
 218              		.loc 1 288 0
 219              		.syntax divided
ARM GAS  C:\Users\Ryan\AppData\Local\Temp\cc7T4k6l.s 			page 10


 220              	@ 288 "Generated_Source\PSoC4\cyfitter_cfg.c" 1
 221 0072 72B6     		CPSID   i
 222              	@ 0 "" 2
 223              	.LVL16:
 224              		.thumb
 225              		.syntax unified
 226              	.LBB3:
 289:Generated_Source\PSoC4/cyfitter_cfg.c **** 
 290:Generated_Source\PSoC4/cyfitter_cfg.c **** 	{
 291:Generated_Source\PSoC4/cyfitter_cfg.c **** 		static const uint32 CYCODE cy_cfg_addr_table[] = {
 292:Generated_Source\PSoC4/cyfitter_cfg.c **** 			0x400F4203u, /* Base address: 0x400F4200 Count: 3 */
 293:Generated_Source\PSoC4/cyfitter_cfg.c **** 			0x400F4306u, /* Base address: 0x400F4300 Count: 6 */
 294:Generated_Source\PSoC4/cyfitter_cfg.c **** 		};
 295:Generated_Source\PSoC4/cyfitter_cfg.c **** 
 296:Generated_Source\PSoC4/cyfitter_cfg.c **** 		static const cy_cfg_addrvalue_t CYCODE cy_cfg_data_table[] = {
 297:Generated_Source\PSoC4/cyfitter_cfg.c **** 			{0x01u, 0x20u},
 298:Generated_Source\PSoC4/cyfitter_cfg.c **** 			{0x07u, 0x20u},
 299:Generated_Source\PSoC4/cyfitter_cfg.c **** 			{0xC0u, 0x06u},
 300:Generated_Source\PSoC4/cyfitter_cfg.c **** 			{0x6Bu, 0x20u},
 301:Generated_Source\PSoC4/cyfitter_cfg.c **** 			{0x75u, 0x20u},
 302:Generated_Source\PSoC4/cyfitter_cfg.c **** 			{0x99u, 0x20u},
 303:Generated_Source\PSoC4/cyfitter_cfg.c **** 			{0x9Bu, 0x20u},
 304:Generated_Source\PSoC4/cyfitter_cfg.c **** 			{0xDAu, 0x02u},
 305:Generated_Source\PSoC4/cyfitter_cfg.c **** 			{0xDCu, 0x02u},
 306:Generated_Source\PSoC4/cyfitter_cfg.c **** 		};
 307:Generated_Source\PSoC4/cyfitter_cfg.c **** 
 308:Generated_Source\PSoC4/cyfitter_cfg.c **** 
 309:Generated_Source\PSoC4/cyfitter_cfg.c **** 
 310:Generated_Source\PSoC4/cyfitter_cfg.c **** 		CYPACKED typedef struct {
 311:Generated_Source\PSoC4/cyfitter_cfg.c **** 			void CYFAR *address;
 312:Generated_Source\PSoC4/cyfitter_cfg.c **** 			uint16 size;
 313:Generated_Source\PSoC4/cyfitter_cfg.c **** 		} CYPACKED_ATTR cfg_memset_t;
 314:Generated_Source\PSoC4/cyfitter_cfg.c **** 
 315:Generated_Source\PSoC4/cyfitter_cfg.c **** 		static const cfg_memset_t CYCODE cfg_memset_list[] = {
 316:Generated_Source\PSoC4/cyfitter_cfg.c **** 			/* address, size */
 317:Generated_Source\PSoC4/cyfitter_cfg.c **** 			{(void CYFAR *)(CYDEV_UDB_P0_U0_BASE), 1024u},
 318:Generated_Source\PSoC4/cyfitter_cfg.c **** 			{(void CYFAR *)(CYDEV_UDB_DSI0_BASE), 1024u},
 319:Generated_Source\PSoC4/cyfitter_cfg.c **** 		};
 320:Generated_Source\PSoC4/cyfitter_cfg.c **** 
 321:Generated_Source\PSoC4/cyfitter_cfg.c **** 		uint8 CYDATA i;
 322:Generated_Source\PSoC4/cyfitter_cfg.c **** 
 323:Generated_Source\PSoC4/cyfitter_cfg.c **** 		/* Zero out critical memory blocks before beginning configuration */
 324:Generated_Source\PSoC4/cyfitter_cfg.c **** 		for (i = 0u; i < (sizeof(cfg_memset_list)/sizeof(cfg_memset_list[0])); i++)
 227              		.loc 1 324 0
 228 0074 0024     		movs	r4, #0
 229 0076 0FE0     		b	.L11
 230              	.LVL17:
 231              	.L12:
 232              	.LBB4:
 325:Generated_Source\PSoC4/cyfitter_cfg.c **** 		{
 326:Generated_Source\PSoC4/cyfitter_cfg.c **** 			const cfg_memset_t CYCODE * CYDATA ms = &cfg_memset_list[i];
 327:Generated_Source\PSoC4/cyfitter_cfg.c **** 			CYMEMZERO(ms->address, (size_t)(uint32)(ms->size));
 233              		.loc 1 327 0 discriminator 3
 234 0078 2A48     		ldr	r0, .L13
 235 007a 6200     		lsls	r2, r4, #1
 236 007c 1319     		adds	r3, r2, r4
 237 007e 5900     		lsls	r1, r3, #1
ARM GAS  C:\Users\Ryan\AppData\Local\Temp\cc7T4k6l.s 			page 11


 238 0080 0B00     		movs	r3, r1
 239 0082 4118     		adds	r1, r0, r1
 240 0084 8988     		ldrh	r1, [r1, #4]
 241 0086 1A5A     		ldrh	r2, [r3, r0]
 242 0088 C318     		adds	r3, r0, r3
 243 008a 5888     		ldrh	r0, [r3, #2]
 244 008c 0004     		lsls	r0, r0, #16
 245 008e 1043     		orrs	r0, r2
 246 0090 FFF7FEFF 		bl	CYMEMZERO
 247              	.LVL18:
 248              	.LBE4:
 324:Generated_Source\PSoC4/cyfitter_cfg.c **** 		{
 249              		.loc 1 324 0 discriminator 3
 250 0094 0134     		adds	r4, r4, #1
 251              	.LVL19:
 252 0096 E4B2     		uxtb	r4, r4
 253              	.LVL20:
 254              	.L11:
 324:Generated_Source\PSoC4/cyfitter_cfg.c **** 		{
 255              		.loc 1 324 0 is_stmt 0 discriminator 1
 256 0098 012C     		cmp	r4, #1
 257 009a EDD9     		bls	.L12
 328:Generated_Source\PSoC4/cyfitter_cfg.c **** 		}
 329:Generated_Source\PSoC4/cyfitter_cfg.c **** 
 330:Generated_Source\PSoC4/cyfitter_cfg.c **** 		cfg_write_bytes32(cy_cfg_addr_table, cy_cfg_data_table);
 258              		.loc 1 330 0 is_stmt 1
 259 009c 2148     		ldr	r0, .L13
 260 009e 0100     		movs	r1, r0
 261 00a0 0C31     		adds	r1, r1, #12
 262 00a2 2030     		adds	r0, r0, #32
 263 00a4 FFF7FEFF 		bl	cfg_write_bytes32
 264              	.LVL21:
 331:Generated_Source\PSoC4/cyfitter_cfg.c **** 
 332:Generated_Source\PSoC4/cyfitter_cfg.c **** 		/* HSIOM Starting address: CYDEV_HSIOM_BASE */
 333:Generated_Source\PSoC4/cyfitter_cfg.c **** 		CY_SET_REG32((void *)(CYDEV_HSIOM_BASE), 0x00000008u);
 265              		.loc 1 333 0
 266 00a8 0822     		movs	r2, #8
 267 00aa 1F4B     		ldr	r3, .L13+4
 268 00ac 1A60     		str	r2, [r3]
 334:Generated_Source\PSoC4/cyfitter_cfg.c **** 		CY_SET_REG32((void *)(CYREG_HSIOM_PORT_SEL1), 0x00000099u);
 269              		.loc 1 334 0
 270 00ae 9132     		adds	r2, r2, #145
 271 00b0 1E4B     		ldr	r3, .L13+8
 272 00b2 1A60     		str	r2, [r3]
 335:Generated_Source\PSoC4/cyfitter_cfg.c **** 		CY_SET_REG32((void *)(CYREG_HSIOM_PORT_SEL2), 0x08000000u);
 273              		.loc 1 335 0
 274 00b4 8022     		movs	r2, #128
 275 00b6 1205     		lsls	r2, r2, #20
 276 00b8 1D4B     		ldr	r3, .L13+12
 277 00ba 1A60     		str	r2, [r3]
 336:Generated_Source\PSoC4/cyfitter_cfg.c **** 		CY_SET_REG32((void *)(CYREG_HSIOM_PORT_SEL3), 0x0000EE00u);
 278              		.loc 1 336 0
 279 00bc EE22     		movs	r2, #238
 280 00be 1202     		lsls	r2, r2, #8
 281 00c0 1C4B     		ldr	r3, .L13+16
 282 00c2 1A60     		str	r2, [r3]
 337:Generated_Source\PSoC4/cyfitter_cfg.c **** 
ARM GAS  C:\Users\Ryan\AppData\Local\Temp\cc7T4k6l.s 			page 12


 338:Generated_Source\PSoC4/cyfitter_cfg.c **** 		/* UDB_PA_0 Starting address: CYDEV_UDB_PA0_BASE */
 339:Generated_Source\PSoC4/cyfitter_cfg.c **** 		CY_SET_REG32((void *)(CYDEV_UDB_PA0_BASE), 0x00990000u);
 283              		.loc 1 339 0
 284 00c4 9923     		movs	r3, #153
 285 00c6 1B04     		lsls	r3, r3, #16
 286 00c8 1B4A     		ldr	r2, .L13+20
 287 00ca 1360     		str	r3, [r2]
 340:Generated_Source\PSoC4/cyfitter_cfg.c **** 
 341:Generated_Source\PSoC4/cyfitter_cfg.c **** 		/* UDB_PA_1 Starting address: CYDEV_UDB_PA1_BASE */
 342:Generated_Source\PSoC4/cyfitter_cfg.c **** 		CY_SET_REG32((void *)(CYDEV_UDB_PA1_BASE), 0x00990000u);
 288              		.loc 1 342 0
 289 00cc 1B4A     		ldr	r2, .L13+24
 290 00ce 1360     		str	r3, [r2]
 343:Generated_Source\PSoC4/cyfitter_cfg.c **** 
 344:Generated_Source\PSoC4/cyfitter_cfg.c **** 		/* UDB_PA_2 Starting address: CYDEV_UDB_PA2_BASE */
 345:Generated_Source\PSoC4/cyfitter_cfg.c **** 		CY_SET_REG32((void *)(CYDEV_UDB_PA2_BASE), 0x00990000u);
 291              		.loc 1 345 0
 292 00d0 1B4A     		ldr	r2, .L13+28
 293 00d2 1360     		str	r3, [r2]
 346:Generated_Source\PSoC4/cyfitter_cfg.c **** 
 347:Generated_Source\PSoC4/cyfitter_cfg.c **** 		/* UDB_PA_3 Starting address: CYDEV_UDB_PA3_BASE */
 348:Generated_Source\PSoC4/cyfitter_cfg.c **** 		CY_SET_REG32((void *)(CYDEV_UDB_PA3_BASE), 0x00990000u);
 294              		.loc 1 348 0
 295 00d4 1B4A     		ldr	r2, .L13+32
 296 00d6 1360     		str	r3, [r2]
 349:Generated_Source\PSoC4/cyfitter_cfg.c **** 
 350:Generated_Source\PSoC4/cyfitter_cfg.c **** 		/* TCPWM_CNT0 Starting address: CYDEV_TCPWM_CNT0_TR_CTRL0 */
 351:Generated_Source\PSoC4/cyfitter_cfg.c **** 		CY_SET_REG32((void *)(CYREG_TCPWM_CNT0_TR_CTRL0), 0x00050020u);
 297              		.loc 1 351 0
 298 00d8 1B4A     		ldr	r2, .L13+36
 299 00da 1C4B     		ldr	r3, .L13+40
 300 00dc 1A60     		str	r2, [r3]
 352:Generated_Source\PSoC4/cyfitter_cfg.c **** 
 353:Generated_Source\PSoC4/cyfitter_cfg.c **** 		/* Enable digital routing */
 354:Generated_Source\PSoC4/cyfitter_cfg.c **** 		CY_SET_XTND_REG8((void *)CYREG_UDB_UDBIF_BANK_CTL, (uint8)(CY_GET_XTND_REG8((void *)CYREG_UDB_UDB
 301              		.loc 1 354 0
 302 00de 1C4A     		ldr	r2, .L13+44
 303 00e0 1178     		ldrb	r1, [r2]
 304 00e2 0623     		movs	r3, #6
 305 00e4 0B43     		orrs	r3, r1
 306 00e6 DBB2     		uxtb	r3, r3
 307 00e8 1370     		strb	r3, [r2]
 308              	.LBE3:
 355:Generated_Source\PSoC4/cyfitter_cfg.c **** 	}
 356:Generated_Source\PSoC4/cyfitter_cfg.c **** 
 357:Generated_Source\PSoC4/cyfitter_cfg.c **** 	/* Perform second pass device configuration. These items must be configured in specific order afte
 358:Generated_Source\PSoC4/cyfitter_cfg.c **** 	/* IOPINS0_0 Starting address: CYDEV_GPIO_PRT0_BASE */
 359:Generated_Source\PSoC4/cyfitter_cfg.c **** 	CY_SET_REG32((void *)(CYDEV_GPIO_PRT0_BASE), 0x00000001u);
 309              		.loc 1 359 0
 310 00ea 0122     		movs	r2, #1
 311 00ec 194B     		ldr	r3, .L13+48
 312 00ee 1A60     		str	r2, [r3]
 360:Generated_Source\PSoC4/cyfitter_cfg.c **** 	CY_SET_REG32((void *)(CYREG_GPIO_PRT0_PC), 0x0000004Eu);
 313              		.loc 1 360 0
 314 00f0 4D32     		adds	r2, r2, #77
 315 00f2 194B     		ldr	r3, .L13+52
 316 00f4 1A60     		str	r2, [r3]
ARM GAS  C:\Users\Ryan\AppData\Local\Temp\cc7T4k6l.s 			page 13


 361:Generated_Source\PSoC4/cyfitter_cfg.c **** 
 362:Generated_Source\PSoC4/cyfitter_cfg.c **** 	/* IOPINS0_1 Starting address: CYDEV_GPIO_PRT1_BASE */
 363:Generated_Source\PSoC4/cyfitter_cfg.c **** 	CY_SET_REG32((void *)(CYDEV_GPIO_PRT1_BASE), 0x00000002u);
 317              		.loc 1 363 0
 318 00f6 0223     		movs	r3, #2
 319 00f8 184A     		ldr	r2, .L13+56
 320 00fa 1360     		str	r3, [r2]
 364:Generated_Source\PSoC4/cyfitter_cfg.c **** 	CY_SET_REG32((void *)(CYREG_GPIO_PRT1_PC), 0x00000031u);
 321              		.loc 1 364 0
 322 00fc 3121     		movs	r1, #49
 323 00fe 184A     		ldr	r2, .L13+60
 324 0100 1160     		str	r1, [r2]
 365:Generated_Source\PSoC4/cyfitter_cfg.c **** 	CY_SET_REG32((void *)(CYREG_GPIO_PRT1_PC2), 0x00000002u);
 325              		.loc 1 365 0
 326 0102 184A     		ldr	r2, .L13+64
 327 0104 1360     		str	r3, [r2]
 366:Generated_Source\PSoC4/cyfitter_cfg.c **** 
 367:Generated_Source\PSoC4/cyfitter_cfg.c **** 	/* IOPINS0_2 Starting address: CYDEV_GPIO_PRT2_BASE */
 368:Generated_Source\PSoC4/cyfitter_cfg.c **** 	CY_SET_REG32((void *)(CYDEV_GPIO_PRT2_BASE), 0x00000040u);
 328              		.loc 1 368 0
 329 0106 4022     		movs	r2, #64
 330 0108 174B     		ldr	r3, .L13+68
 331 010a 1A60     		str	r2, [r3]
 369:Generated_Source\PSoC4/cyfitter_cfg.c **** 	CY_SET_REG32((void *)(CYREG_GPIO_PRT2_PC), 0x00180000u);
 332              		.loc 1 369 0
 333 010c C022     		movs	r2, #192
 334 010e 5203     		lsls	r2, r2, #13
 335 0110 164B     		ldr	r3, .L13+72
 336 0112 1A60     		str	r2, [r3]
 370:Generated_Source\PSoC4/cyfitter_cfg.c **** 
 371:Generated_Source\PSoC4/cyfitter_cfg.c **** 	/* IOPINS0_3 Starting address: CYDEV_GPIO_PRT3_BASE */
 372:Generated_Source\PSoC4/cyfitter_cfg.c **** 	CY_SET_REG32((void *)(CYREG_GPIO_PRT3_PC), 0x00000D80u);
 337              		.loc 1 372 0
 338 0114 D822     		movs	r2, #216
 339 0116 1201     		lsls	r2, r2, #4
 340 0118 154B     		ldr	r3, .L13+76
 341 011a 1A60     		str	r2, [r3]
 373:Generated_Source\PSoC4/cyfitter_cfg.c **** 
 374:Generated_Source\PSoC4/cyfitter_cfg.c **** 
 375:Generated_Source\PSoC4/cyfitter_cfg.c **** 	/* Setup clocks based on selections from Clock DWR */
 376:Generated_Source\PSoC4/cyfitter_cfg.c **** 	ClockSetup();
 342              		.loc 1 376 0
 343 011c FFF770FF 		bl	ClockSetup
 344              	.LVL22:
 377:Generated_Source\PSoC4/cyfitter_cfg.c **** 
 378:Generated_Source\PSoC4/cyfitter_cfg.c **** 	/* Perform basic analog initialization to defaults */
 379:Generated_Source\PSoC4/cyfitter_cfg.c **** 	AnalogSetDefault();
 380:Generated_Source\PSoC4/cyfitter_cfg.c **** 
 381:Generated_Source\PSoC4/cyfitter_cfg.c **** }
 345              		.loc 1 381 0
 346              		@ sp needed
 347              	.LVL23:
 348 0120 10BD     		pop	{r4, pc}
 349              	.L14:
 350 0122 C046     		.align	2
 351              	.L13:
 352 0124 00000000 		.word	.LANCHOR0
ARM GAS  C:\Users\Ryan\AppData\Local\Temp\cc7T4k6l.s 			page 14


 353 0128 00000240 		.word	1073872896
 354 012c 00010240 		.word	1073873152
 355 0130 00020240 		.word	1073873408
 356 0134 00030240 		.word	1073873664
 357 0138 00500F40 		.word	1074745344
 358 013c 10500F40 		.word	1074745360
 359 0140 20500F40 		.word	1074745376
 360 0144 30500F40 		.word	1074745392
 361 0148 20000500 		.word	327712
 362 014c 20010A40 		.word	1074397472
 363 0150 00700F40 		.word	1074753536
 364 0154 00000440 		.word	1074003968
 365 0158 08000440 		.word	1074003976
 366 015c 00010440 		.word	1074004224
 367 0160 08010440 		.word	1074004232
 368 0164 18010440 		.word	1074004248
 369 0168 00020440 		.word	1074004480
 370 016c 08020440 		.word	1074004488
 371 0170 08030440 		.word	1074004744
 372              		.cfi_endproc
 373              	.LFE6:
 374              		.size	cyfitter_cfg, .-cyfitter_cfg
 375              		.section	.rodata
 376              		.align	2
 377              		.set	.LANCHOR0,. + 0
 378              		.type	cfg_memset_list.4842, %object
 379              		.size	cfg_memset_list.4842, 12
 380              	cfg_memset_list.4842:
 381 0000 00300F40 		.word	1074737152
 382 0004 0004     		.short	1024
 383 0006 00400F40 		.4byte	1074741248
 384 000a 0004     		.short	1024
 385              		.type	cy_cfg_data_table.4837, %object
 386              		.size	cy_cfg_data_table.4837, 18
 387              	cy_cfg_data_table.4837:
 388 000c 01       		.byte	1
 389 000d 20       		.byte	32
 390 000e 07       		.byte	7
 391 000f 20       		.byte	32
 392 0010 C0       		.byte	-64
 393 0011 06       		.byte	6
 394 0012 6B       		.byte	107
 395 0013 20       		.byte	32
 396 0014 75       		.byte	117
 397 0015 20       		.byte	32
 398 0016 99       		.byte	-103
 399 0017 20       		.byte	32
 400 0018 9B       		.byte	-101
 401 0019 20       		.byte	32
 402 001a DA       		.byte	-38
 403 001b 02       		.byte	2
 404 001c DC       		.byte	-36
 405 001d 02       		.byte	2
 406 001e 0000     		.space	2
 407              		.type	cy_cfg_addr_table.4836, %object
 408              		.size	cy_cfg_addr_table.4836, 8
 409              	cy_cfg_addr_table.4836:
ARM GAS  C:\Users\Ryan\AppData\Local\Temp\cc7T4k6l.s 			page 15


 410 0020 03420F40 		.word	1074741763
 411 0024 06430F40 		.word	1074742022
 412              		.text
 413              	.Letext0:
 414              		.file 2 "c:\\program files (x86)\\cypress\\psoc creator\\4.4\\psoc creator\\import\\gnu\\arm\\5.4.
 415              		.file 3 "Generated_Source\\PSoC4\\cytypes.h"
 416              		.file 4 "Generated_Source\\PSoC4\\CyLib.h"
 417              		.section	.debug_info,"",%progbits
 418              	.Ldebug_info0:
 419 0000 61030000 		.4byte	0x361
 420 0004 0400     		.2byte	0x4
 421 0006 00000000 		.4byte	.Ldebug_abbrev0
 422 000a 04       		.byte	0x4
 423 000b 01       		.uleb128 0x1
 424 000c 15010000 		.4byte	.LASF36
 425 0010 0C       		.byte	0xc
 426 0011 A6020000 		.4byte	.LASF37
 427 0015 0C020000 		.4byte	.LASF38
 428 0019 00000000 		.4byte	.Ldebug_ranges0+0
 429 001d 00000000 		.4byte	0
 430 0021 00000000 		.4byte	.Ldebug_line0
 431 0025 02       		.uleb128 0x2
 432 0026 04       		.byte	0x4
 433 0027 05       		.byte	0x5
 434 0028 696E7400 		.ascii	"int\000"
 435 002c 03       		.uleb128 0x3
 436 002d 06000000 		.4byte	.LASF12
 437 0031 02       		.byte	0x2
 438 0032 D8       		.byte	0xd8
 439 0033 37000000 		.4byte	0x37
 440 0037 04       		.uleb128 0x4
 441 0038 04       		.byte	0x4
 442 0039 07       		.byte	0x7
 443 003a E9000000 		.4byte	.LASF0
 444 003e 04       		.uleb128 0x4
 445 003f 08       		.byte	0x8
 446 0040 05       		.byte	0x5
 447 0041 D5010000 		.4byte	.LASF1
 448 0045 04       		.uleb128 0x4
 449 0046 08       		.byte	0x8
 450 0047 04       		.byte	0x4
 451 0048 8E020000 		.4byte	.LASF2
 452 004c 04       		.uleb128 0x4
 453 004d 01       		.byte	0x1
 454 004e 06       		.byte	0x6
 455 004f 9A020000 		.4byte	.LASF3
 456 0053 04       		.uleb128 0x4
 457 0054 01       		.byte	0x1
 458 0055 08       		.byte	0x8
 459 0056 8A000000 		.4byte	.LASF4
 460 005a 04       		.uleb128 0x4
 461 005b 02       		.byte	0x2
 462 005c 05       		.byte	0x5
 463 005d 02020000 		.4byte	.LASF5
 464 0061 04       		.uleb128 0x4
 465 0062 02       		.byte	0x2
 466 0063 07       		.byte	0x7
ARM GAS  C:\Users\Ryan\AppData\Local\Temp\cc7T4k6l.s 			page 16


 467 0064 C2010000 		.4byte	.LASF6
 468 0068 04       		.uleb128 0x4
 469 0069 04       		.byte	0x4
 470 006a 05       		.byte	0x5
 471 006b 85020000 		.4byte	.LASF7
 472 006f 04       		.uleb128 0x4
 473 0070 04       		.byte	0x4
 474 0071 07       		.byte	0x7
 475 0072 68000000 		.4byte	.LASF8
 476 0076 04       		.uleb128 0x4
 477 0077 08       		.byte	0x8
 478 0078 07       		.byte	0x7
 479 0079 FE000000 		.4byte	.LASF9
 480 007d 04       		.uleb128 0x4
 481 007e 04       		.byte	0x4
 482 007f 07       		.byte	0x7
 483 0080 B9010000 		.4byte	.LASF10
 484 0084 05       		.uleb128 0x5
 485 0085 04       		.byte	0x4
 486 0086 04       		.uleb128 0x4
 487 0087 01       		.byte	0x1
 488 0088 08       		.byte	0x8
 489 0089 E3010000 		.4byte	.LASF11
 490 008d 06       		.uleb128 0x6
 491 008e 7A000000 		.4byte	.LASF13
 492 0092 03       		.byte	0x3
 493 0093 FB01     		.2byte	0x1fb
 494 0095 53000000 		.4byte	0x53
 495 0099 06       		.uleb128 0x6
 496 009a D0000000 		.4byte	.LASF14
 497 009e 03       		.byte	0x3
 498 009f FC01     		.2byte	0x1fc
 499 00a1 61000000 		.4byte	0x61
 500 00a5 06       		.uleb128 0x6
 501 00a6 E2000000 		.4byte	.LASF15
 502 00aa 03       		.byte	0x3
 503 00ab FD01     		.2byte	0x1fd
 504 00ad 6F000000 		.4byte	0x6f
 505 00b1 04       		.uleb128 0x4
 506 00b2 04       		.byte	0x4
 507 00b3 04       		.byte	0x4
 508 00b4 48000000 		.4byte	.LASF16
 509 00b8 04       		.uleb128 0x4
 510 00b9 08       		.byte	0x8
 511 00ba 04       		.byte	0x4
 512 00bb 9F000000 		.4byte	.LASF17
 513 00bf 06       		.uleb128 0x6
 514 00c0 63000000 		.4byte	.LASF18
 515 00c4 03       		.byte	0x3
 516 00c5 A502     		.2byte	0x2a5
 517 00c7 CB000000 		.4byte	0xcb
 518 00cb 07       		.uleb128 0x7
 519 00cc 8D000000 		.4byte	0x8d
 520 00d0 06       		.uleb128 0x6
 521 00d1 00000000 		.4byte	.LASF19
 522 00d5 03       		.byte	0x3
 523 00d6 A702     		.2byte	0x2a7
ARM GAS  C:\Users\Ryan\AppData\Local\Temp\cc7T4k6l.s 			page 17


 524 00d8 DC000000 		.4byte	0xdc
 525 00dc 07       		.uleb128 0x7
 526 00dd A5000000 		.4byte	0xa5
 527 00e1 08       		.uleb128 0x8
 528 00e2 02       		.byte	0x2
 529 00e3 01       		.byte	0x1
 530 00e4 96       		.byte	0x96
 531 00e5 02010000 		.4byte	0x102
 532 00e9 09       		.uleb128 0x9
 533 00ea FB010000 		.4byte	.LASF20
 534 00ee 01       		.byte	0x1
 535 00ef 98       		.byte	0x98
 536 00f0 8D000000 		.4byte	0x8d
 537 00f4 00       		.byte	0
 538 00f5 09       		.uleb128 0x9
 539 00f6 0D000000 		.4byte	.LASF21
 540 00fa 01       		.byte	0x1
 541 00fb 99       		.byte	0x99
 542 00fc 8D000000 		.4byte	0x8d
 543 0100 01       		.byte	0x1
 544 0101 00       		.byte	0
 545 0102 03       		.uleb128 0x3
 546 0103 E8010000 		.4byte	.LASF22
 547 0107 01       		.byte	0x1
 548 0108 9A       		.byte	0x9a
 549 0109 E1000000 		.4byte	0xe1
 550 010d 0A       		.uleb128 0xa
 551 010e A6000000 		.4byte	.LASF27
 552 0112 01       		.byte	0x1
 553 0113 AD       		.byte	0xad
 554 0114 00000000 		.4byte	.LFB3
 555 0118 32000000 		.4byte	.LFE3-.LFB3
 556 011c 01       		.uleb128 0x1
 557 011d 9C       		.byte	0x9c
 558 011e 7F010000 		.4byte	0x17f
 559 0122 0B       		.uleb128 0xb
 560 0123 C5000000 		.4byte	.LASF23
 561 0127 01       		.byte	0x1
 562 0128 AD       		.byte	0xad
 563 0129 7F010000 		.4byte	0x17f
 564 012d 01       		.uleb128 0x1
 565 012e 50       		.byte	0x50
 566 012f 0B       		.uleb128 0xb
 567 0130 D7000000 		.4byte	.LASF24
 568 0134 01       		.byte	0x1
 569 0135 AD       		.byte	0xad
 570 0136 8A010000 		.4byte	0x18a
 571 013a 01       		.uleb128 0x1
 572 013b 51       		.byte	0x51
 573 013c 0C       		.uleb128 0xc
 574 013d 6900     		.ascii	"i\000"
 575 013f 01       		.byte	0x1
 576 0140 B0       		.byte	0xb0
 577 0141 A5000000 		.4byte	0xa5
 578 0145 00000000 		.4byte	.LLST0
 579 0149 0C       		.uleb128 0xc
 580 014a 6A00     		.ascii	"j\000"
ARM GAS  C:\Users\Ryan\AppData\Local\Temp\cc7T4k6l.s 			page 18


 581 014c 01       		.byte	0x1
 582 014d B0       		.byte	0xb0
 583 014e A5000000 		.4byte	0xa5
 584 0152 1F000000 		.4byte	.LLST1
 585 0156 0D       		.uleb128 0xd
 586 0157 08000000 		.4byte	.LBB2
 587 015b 22000000 		.4byte	.LBE2-.LBB2
 588 015f 0E       		.uleb128 0xe
 589 0160 B0010000 		.4byte	.LASF25
 590 0164 01       		.byte	0x1
 591 0165 B3       		.byte	0xb3
 592 0166 A5000000 		.4byte	0xa5
 593 016a 3E000000 		.4byte	.LLST2
 594 016e 0E       		.uleb128 0xe
 595 016f 13000000 		.4byte	.LASF26
 596 0173 01       		.byte	0x1
 597 0174 B4       		.byte	0xb4
 598 0175 8D000000 		.4byte	0x8d
 599 0179 51000000 		.4byte	.LLST3
 600 017d 00       		.byte	0
 601 017e 00       		.byte	0
 602 017f 0F       		.uleb128 0xf
 603 0180 04       		.byte	0x4
 604 0181 85010000 		.4byte	0x185
 605 0185 10       		.uleb128 0x10
 606 0186 A5000000 		.4byte	0xa5
 607 018a 0F       		.uleb128 0xf
 608 018b 04       		.byte	0x4
 609 018c 90010000 		.4byte	0x190
 610 0190 10       		.uleb128 0x10
 611 0191 02010000 		.4byte	0x102
 612 0195 0A       		.uleb128 0xa
 613 0196 80000000 		.4byte	.LASF28
 614 019a 01       		.byte	0x1
 615 019b 4B       		.byte	0x4b
 616 019c 00000000 		.4byte	.LFB0
 617 01a0 0C000000 		.4byte	.LFE0-.LFB0
 618 01a4 01       		.uleb128 0x1
 619 01a5 9C       		.byte	0x9c
 620 01a6 E2010000 		.4byte	0x1e2
 621 01aa 11       		.uleb128 0x11
 622 01ab 7300     		.ascii	"s\000"
 623 01ad 01       		.byte	0x1
 624 01ae 4B       		.byte	0x4b
 625 01af 84000000 		.4byte	0x84
 626 01b3 6F000000 		.4byte	.LLST4
 627 01b7 11       		.uleb128 0x11
 628 01b8 6E00     		.ascii	"n\000"
 629 01ba 01       		.byte	0x1
 630 01bb 4B       		.byte	0x4b
 631 01bc 2C000000 		.4byte	0x2c
 632 01c0 90000000 		.4byte	.LLST5
 633 01c4 12       		.uleb128 0x12
 634 01c5 0A000000 		.4byte	.LVL14
 635 01c9 50030000 		.4byte	0x350
 636 01cd 13       		.uleb128 0x13
 637 01ce 01       		.uleb128 0x1
ARM GAS  C:\Users\Ryan\AppData\Local\Temp\cc7T4k6l.s 			page 19


 638 01cf 50       		.byte	0x50
 639 01d0 03       		.uleb128 0x3
 640 01d1 F3       		.byte	0xf3
 641 01d2 01       		.uleb128 0x1
 642 01d3 50       		.byte	0x50
 643 01d4 13       		.uleb128 0x13
 644 01d5 01       		.uleb128 0x1
 645 01d6 51       		.byte	0x51
 646 01d7 01       		.uleb128 0x1
 647 01d8 30       		.byte	0x30
 648 01d9 13       		.uleb128 0x13
 649 01da 01       		.uleb128 0x1
 650 01db 52       		.byte	0x52
 651 01dc 03       		.uleb128 0x3
 652 01dd F3       		.byte	0xf3
 653 01de 01       		.uleb128 0x1
 654 01df 51       		.byte	0x51
 655 01e0 00       		.byte	0
 656 01e1 00       		.byte	0
 657 01e2 0A       		.uleb128 0xa
 658 01e3 19000000 		.4byte	.LASF29
 659 01e7 01       		.byte	0x1
 660 01e8 D2       		.byte	0xd2
 661 01e9 00000000 		.4byte	.LFB4
 662 01ed 70000000 		.4byte	.LFE4-.LFB4
 663 01f1 01       		.uleb128 0x1
 664 01f2 9C       		.byte	0x9c
 665 01f3 08020000 		.4byte	0x208
 666 01f7 12       		.uleb128 0x12
 667 01f8 0E000000 		.4byte	.LVL15
 668 01fc 59030000 		.4byte	0x359
 669 0200 13       		.uleb128 0x13
 670 0201 01       		.uleb128 0x1
 671 0202 50       		.byte	0x50
 672 0203 02       		.uleb128 0x2
 673 0204 08       		.byte	0x8
 674 0205 30       		.byte	0x30
 675 0206 00       		.byte	0
 676 0207 00       		.byte	0
 677 0208 14       		.uleb128 0x14
 678 0209 B8000000 		.4byte	.LASF39
 679 020d 01       		.byte	0x1
 680 020e 1D01     		.2byte	0x11d
 681 0210 70000000 		.4byte	.LFB6
 682 0214 04010000 		.4byte	.LFE6-.LFB6
 683 0218 01       		.uleb128 0x1
 684 0219 9C       		.byte	0x9c
 685 021a 26030000 		.4byte	0x326
 686 021e 15       		.uleb128 0x15
 687 021f 74000000 		.4byte	.LBB3
 688 0223 76000000 		.4byte	.LBE3-.LBB3
 689 0227 1C030000 		.4byte	0x31c
 690 022b 16       		.uleb128 0x16
 691 022c 24000000 		.4byte	.LASF30
 692 0230 01       		.byte	0x1
 693 0231 2301     		.2byte	0x123
 694 0233 36030000 		.4byte	0x336
ARM GAS  C:\Users\Ryan\AppData\Local\Temp\cc7T4k6l.s 			page 20


 695 0237 05       		.uleb128 0x5
 696 0238 03       		.byte	0x3
 697 0239 20000000 		.4byte	cy_cfg_addr_table.4836
 698 023d 16       		.uleb128 0x16
 699 023e 36000000 		.4byte	.LASF31
 700 0242 01       		.byte	0x1
 701 0243 2801     		.2byte	0x128
 702 0245 4B030000 		.4byte	0x34b
 703 0249 05       		.uleb128 0x5
 704 024a 03       		.byte	0x3
 705 024b 0C000000 		.4byte	cy_cfg_data_table.4837
 706 024f 17       		.uleb128 0x17
 707 0250 06       		.byte	0x6
 708 0251 01       		.byte	0x1
 709 0252 3601     		.2byte	0x136
 710 0254 73020000 		.4byte	0x273
 711 0258 18       		.uleb128 0x18
 712 0259 F6000000 		.4byte	.LASF32
 713 025d 01       		.byte	0x1
 714 025e 3701     		.2byte	0x137
 715 0260 84000000 		.4byte	0x84
 716 0264 00       		.byte	0
 717 0265 18       		.uleb128 0x18
 718 0266 5E000000 		.4byte	.LASF33
 719 026a 01       		.byte	0x1
 720 026b 3801     		.2byte	0x138
 721 026d 99000000 		.4byte	0x99
 722 0271 04       		.byte	0x4
 723 0272 00       		.byte	0
 724 0273 06       		.uleb128 0x6
 725 0274 A3010000 		.4byte	.LASF34
 726 0278 01       		.byte	0x1
 727 0279 3901     		.2byte	0x139
 728 027b 4F020000 		.4byte	0x24f
 729 027f 19       		.uleb128 0x19
 730 0280 8F020000 		.4byte	0x28f
 731 0284 8F020000 		.4byte	0x28f
 732 0288 1A       		.uleb128 0x1a
 733 0289 7D000000 		.4byte	0x7d
 734 028d 01       		.byte	0x1
 735 028e 00       		.byte	0
 736 028f 10       		.uleb128 0x10
 737 0290 73020000 		.4byte	0x273
 738 0294 16       		.uleb128 0x16
 739 0295 4E000000 		.4byte	.LASF35
 740 0299 01       		.byte	0x1
 741 029a 3B01     		.2byte	0x13b
 742 029c A6020000 		.4byte	0x2a6
 743 02a0 05       		.uleb128 0x5
 744 02a1 03       		.byte	0x3
 745 02a2 00000000 		.4byte	cfg_memset_list.4842
 746 02a6 10       		.uleb128 0x10
 747 02a7 7F020000 		.4byte	0x27f
 748 02ab 1B       		.uleb128 0x1b
 749 02ac 6900     		.ascii	"i\000"
 750 02ae 01       		.byte	0x1
 751 02af 4101     		.2byte	0x141
ARM GAS  C:\Users\Ryan\AppData\Local\Temp\cc7T4k6l.s 			page 21


 752 02b1 8D000000 		.4byte	0x8d
 753 02b5 BC000000 		.4byte	.LLST6
 754 02b9 15       		.uleb128 0x15
 755 02ba 78000000 		.4byte	.LBB4
 756 02be 1C000000 		.4byte	.LBE4-.LBB4
 757 02c2 FF020000 		.4byte	0x2ff
 758 02c6 1B       		.uleb128 0x1b
 759 02c7 6D7300   		.ascii	"ms\000"
 760 02ca 01       		.byte	0x1
 761 02cb 4601     		.2byte	0x146
 762 02cd D5020000 		.4byte	0x2d5
 763 02d1 E6000000 		.4byte	.LLST7
 764 02d5 0F       		.uleb128 0xf
 765 02d6 04       		.byte	0x4
 766 02d7 8F020000 		.4byte	0x28f
 767 02db 12       		.uleb128 0x12
 768 02dc 94000000 		.4byte	.LVL18
 769 02e0 95010000 		.4byte	0x195
 770 02e4 13       		.uleb128 0x13
 771 02e5 01       		.uleb128 0x1
 772 02e6 51       		.byte	0x51
 773 02e7 15       		.uleb128 0x15
 774 02e8 74       		.byte	0x74
 775 02e9 00       		.sleb128 0
 776 02ea 31       		.byte	0x31
 777 02eb 24       		.byte	0x24
 778 02ec 74       		.byte	0x74
 779 02ed 00       		.sleb128 0
 780 02ee 22       		.byte	0x22
 781 02ef 31       		.byte	0x31
 782 02f0 24       		.byte	0x24
 783 02f1 03       		.byte	0x3
 784 02f2 04000000 		.4byte	.LANCHOR0+4
 785 02f6 22       		.byte	0x22
 786 02f7 94       		.byte	0x94
 787 02f8 02       		.byte	0x2
 788 02f9 0A       		.byte	0xa
 789 02fa FFFF     		.2byte	0xffff
 790 02fc 1A       		.byte	0x1a
 791 02fd 00       		.byte	0
 792 02fe 00       		.byte	0
 793 02ff 12       		.uleb128 0x12
 794 0300 A8000000 		.4byte	.LVL21
 795 0304 0D010000 		.4byte	0x10d
 796 0308 13       		.uleb128 0x13
 797 0309 01       		.uleb128 0x1
 798 030a 50       		.byte	0x50
 799 030b 05       		.uleb128 0x5
 800 030c 03       		.byte	0x3
 801 030d 20000000 		.4byte	.LANCHOR0+32
 802 0311 13       		.uleb128 0x13
 803 0312 01       		.uleb128 0x1
 804 0313 51       		.byte	0x51
 805 0314 05       		.uleb128 0x5
 806 0315 03       		.byte	0x3
 807 0316 0C000000 		.4byte	.LANCHOR0+12
 808 031a 00       		.byte	0
ARM GAS  C:\Users\Ryan\AppData\Local\Temp\cc7T4k6l.s 			page 22


 809 031b 00       		.byte	0
 810 031c 1C       		.uleb128 0x1c
 811 031d 20010000 		.4byte	.LVL22
 812 0321 E2010000 		.4byte	0x1e2
 813 0325 00       		.byte	0
 814 0326 19       		.uleb128 0x19
 815 0327 85010000 		.4byte	0x185
 816 032b 36030000 		.4byte	0x336
 817 032f 1A       		.uleb128 0x1a
 818 0330 7D000000 		.4byte	0x7d
 819 0334 01       		.byte	0x1
 820 0335 00       		.byte	0
 821 0336 10       		.uleb128 0x10
 822 0337 26030000 		.4byte	0x326
 823 033b 19       		.uleb128 0x19
 824 033c 90010000 		.4byte	0x190
 825 0340 4B030000 		.4byte	0x34b
 826 0344 1A       		.uleb128 0x1a
 827 0345 7D000000 		.4byte	0x7d
 828 0349 08       		.byte	0x8
 829 034a 00       		.byte	0
 830 034b 10       		.uleb128 0x10
 831 034c 3B030000 		.4byte	0x33b
 832 0350 1D       		.uleb128 0x1d
 833 0351 98000000 		.4byte	.LASF40
 834 0355 98000000 		.4byte	.LASF40
 835 0359 1E       		.uleb128 0x1e
 836 035a 70020000 		.4byte	.LASF41
 837 035e 70020000 		.4byte	.LASF41
 838 0362 04       		.byte	0x4
 839 0363 6C       		.byte	0x6c
 840 0364 00       		.byte	0
 841              		.section	.debug_abbrev,"",%progbits
 842              	.Ldebug_abbrev0:
 843 0000 01       		.uleb128 0x1
 844 0001 11       		.uleb128 0x11
 845 0002 01       		.byte	0x1
 846 0003 25       		.uleb128 0x25
 847 0004 0E       		.uleb128 0xe
 848 0005 13       		.uleb128 0x13
 849 0006 0B       		.uleb128 0xb
 850 0007 03       		.uleb128 0x3
 851 0008 0E       		.uleb128 0xe
 852 0009 1B       		.uleb128 0x1b
 853 000a 0E       		.uleb128 0xe
 854 000b 55       		.uleb128 0x55
 855 000c 17       		.uleb128 0x17
 856 000d 11       		.uleb128 0x11
 857 000e 01       		.uleb128 0x1
 858 000f 10       		.uleb128 0x10
 859 0010 17       		.uleb128 0x17
 860 0011 00       		.byte	0
 861 0012 00       		.byte	0
 862 0013 02       		.uleb128 0x2
 863 0014 24       		.uleb128 0x24
 864 0015 00       		.byte	0
 865 0016 0B       		.uleb128 0xb
ARM GAS  C:\Users\Ryan\AppData\Local\Temp\cc7T4k6l.s 			page 23


 866 0017 0B       		.uleb128 0xb
 867 0018 3E       		.uleb128 0x3e
 868 0019 0B       		.uleb128 0xb
 869 001a 03       		.uleb128 0x3
 870 001b 08       		.uleb128 0x8
 871 001c 00       		.byte	0
 872 001d 00       		.byte	0
 873 001e 03       		.uleb128 0x3
 874 001f 16       		.uleb128 0x16
 875 0020 00       		.byte	0
 876 0021 03       		.uleb128 0x3
 877 0022 0E       		.uleb128 0xe
 878 0023 3A       		.uleb128 0x3a
 879 0024 0B       		.uleb128 0xb
 880 0025 3B       		.uleb128 0x3b
 881 0026 0B       		.uleb128 0xb
 882 0027 49       		.uleb128 0x49
 883 0028 13       		.uleb128 0x13
 884 0029 00       		.byte	0
 885 002a 00       		.byte	0
 886 002b 04       		.uleb128 0x4
 887 002c 24       		.uleb128 0x24
 888 002d 00       		.byte	0
 889 002e 0B       		.uleb128 0xb
 890 002f 0B       		.uleb128 0xb
 891 0030 3E       		.uleb128 0x3e
 892 0031 0B       		.uleb128 0xb
 893 0032 03       		.uleb128 0x3
 894 0033 0E       		.uleb128 0xe
 895 0034 00       		.byte	0
 896 0035 00       		.byte	0
 897 0036 05       		.uleb128 0x5
 898 0037 0F       		.uleb128 0xf
 899 0038 00       		.byte	0
 900 0039 0B       		.uleb128 0xb
 901 003a 0B       		.uleb128 0xb
 902 003b 00       		.byte	0
 903 003c 00       		.byte	0
 904 003d 06       		.uleb128 0x6
 905 003e 16       		.uleb128 0x16
 906 003f 00       		.byte	0
 907 0040 03       		.uleb128 0x3
 908 0041 0E       		.uleb128 0xe
 909 0042 3A       		.uleb128 0x3a
 910 0043 0B       		.uleb128 0xb
 911 0044 3B       		.uleb128 0x3b
 912 0045 05       		.uleb128 0x5
 913 0046 49       		.uleb128 0x49
 914 0047 13       		.uleb128 0x13
 915 0048 00       		.byte	0
 916 0049 00       		.byte	0
 917 004a 07       		.uleb128 0x7
 918 004b 35       		.uleb128 0x35
 919 004c 00       		.byte	0
 920 004d 49       		.uleb128 0x49
 921 004e 13       		.uleb128 0x13
 922 004f 00       		.byte	0
ARM GAS  C:\Users\Ryan\AppData\Local\Temp\cc7T4k6l.s 			page 24


 923 0050 00       		.byte	0
 924 0051 08       		.uleb128 0x8
 925 0052 13       		.uleb128 0x13
 926 0053 01       		.byte	0x1
 927 0054 0B       		.uleb128 0xb
 928 0055 0B       		.uleb128 0xb
 929 0056 3A       		.uleb128 0x3a
 930 0057 0B       		.uleb128 0xb
 931 0058 3B       		.uleb128 0x3b
 932 0059 0B       		.uleb128 0xb
 933 005a 01       		.uleb128 0x1
 934 005b 13       		.uleb128 0x13
 935 005c 00       		.byte	0
 936 005d 00       		.byte	0
 937 005e 09       		.uleb128 0x9
 938 005f 0D       		.uleb128 0xd
 939 0060 00       		.byte	0
 940 0061 03       		.uleb128 0x3
 941 0062 0E       		.uleb128 0xe
 942 0063 3A       		.uleb128 0x3a
 943 0064 0B       		.uleb128 0xb
 944 0065 3B       		.uleb128 0x3b
 945 0066 0B       		.uleb128 0xb
 946 0067 49       		.uleb128 0x49
 947 0068 13       		.uleb128 0x13
 948 0069 38       		.uleb128 0x38
 949 006a 0B       		.uleb128 0xb
 950 006b 00       		.byte	0
 951 006c 00       		.byte	0
 952 006d 0A       		.uleb128 0xa
 953 006e 2E       		.uleb128 0x2e
 954 006f 01       		.byte	0x1
 955 0070 03       		.uleb128 0x3
 956 0071 0E       		.uleb128 0xe
 957 0072 3A       		.uleb128 0x3a
 958 0073 0B       		.uleb128 0xb
 959 0074 3B       		.uleb128 0x3b
 960 0075 0B       		.uleb128 0xb
 961 0076 27       		.uleb128 0x27
 962 0077 19       		.uleb128 0x19
 963 0078 11       		.uleb128 0x11
 964 0079 01       		.uleb128 0x1
 965 007a 12       		.uleb128 0x12
 966 007b 06       		.uleb128 0x6
 967 007c 40       		.uleb128 0x40
 968 007d 18       		.uleb128 0x18
 969 007e 9742     		.uleb128 0x2117
 970 0080 19       		.uleb128 0x19
 971 0081 01       		.uleb128 0x1
 972 0082 13       		.uleb128 0x13
 973 0083 00       		.byte	0
 974 0084 00       		.byte	0
 975 0085 0B       		.uleb128 0xb
 976 0086 05       		.uleb128 0x5
 977 0087 00       		.byte	0
 978 0088 03       		.uleb128 0x3
 979 0089 0E       		.uleb128 0xe
ARM GAS  C:\Users\Ryan\AppData\Local\Temp\cc7T4k6l.s 			page 25


 980 008a 3A       		.uleb128 0x3a
 981 008b 0B       		.uleb128 0xb
 982 008c 3B       		.uleb128 0x3b
 983 008d 0B       		.uleb128 0xb
 984 008e 49       		.uleb128 0x49
 985 008f 13       		.uleb128 0x13
 986 0090 02       		.uleb128 0x2
 987 0091 18       		.uleb128 0x18
 988 0092 00       		.byte	0
 989 0093 00       		.byte	0
 990 0094 0C       		.uleb128 0xc
 991 0095 34       		.uleb128 0x34
 992 0096 00       		.byte	0
 993 0097 03       		.uleb128 0x3
 994 0098 08       		.uleb128 0x8
 995 0099 3A       		.uleb128 0x3a
 996 009a 0B       		.uleb128 0xb
 997 009b 3B       		.uleb128 0x3b
 998 009c 0B       		.uleb128 0xb
 999 009d 49       		.uleb128 0x49
 1000 009e 13       		.uleb128 0x13
 1001 009f 02       		.uleb128 0x2
 1002 00a0 17       		.uleb128 0x17
 1003 00a1 00       		.byte	0
 1004 00a2 00       		.byte	0
 1005 00a3 0D       		.uleb128 0xd
 1006 00a4 0B       		.uleb128 0xb
 1007 00a5 01       		.byte	0x1
 1008 00a6 11       		.uleb128 0x11
 1009 00a7 01       		.uleb128 0x1
 1010 00a8 12       		.uleb128 0x12
 1011 00a9 06       		.uleb128 0x6
 1012 00aa 00       		.byte	0
 1013 00ab 00       		.byte	0
 1014 00ac 0E       		.uleb128 0xe
 1015 00ad 34       		.uleb128 0x34
 1016 00ae 00       		.byte	0
 1017 00af 03       		.uleb128 0x3
 1018 00b0 0E       		.uleb128 0xe
 1019 00b1 3A       		.uleb128 0x3a
 1020 00b2 0B       		.uleb128 0xb
 1021 00b3 3B       		.uleb128 0x3b
 1022 00b4 0B       		.uleb128 0xb
 1023 00b5 49       		.uleb128 0x49
 1024 00b6 13       		.uleb128 0x13
 1025 00b7 02       		.uleb128 0x2
 1026 00b8 17       		.uleb128 0x17
 1027 00b9 00       		.byte	0
 1028 00ba 00       		.byte	0
 1029 00bb 0F       		.uleb128 0xf
 1030 00bc 0F       		.uleb128 0xf
 1031 00bd 00       		.byte	0
 1032 00be 0B       		.uleb128 0xb
 1033 00bf 0B       		.uleb128 0xb
 1034 00c0 49       		.uleb128 0x49
 1035 00c1 13       		.uleb128 0x13
 1036 00c2 00       		.byte	0
ARM GAS  C:\Users\Ryan\AppData\Local\Temp\cc7T4k6l.s 			page 26


 1037 00c3 00       		.byte	0
 1038 00c4 10       		.uleb128 0x10
 1039 00c5 26       		.uleb128 0x26
 1040 00c6 00       		.byte	0
 1041 00c7 49       		.uleb128 0x49
 1042 00c8 13       		.uleb128 0x13
 1043 00c9 00       		.byte	0
 1044 00ca 00       		.byte	0
 1045 00cb 11       		.uleb128 0x11
 1046 00cc 05       		.uleb128 0x5
 1047 00cd 00       		.byte	0
 1048 00ce 03       		.uleb128 0x3
 1049 00cf 08       		.uleb128 0x8
 1050 00d0 3A       		.uleb128 0x3a
 1051 00d1 0B       		.uleb128 0xb
 1052 00d2 3B       		.uleb128 0x3b
 1053 00d3 0B       		.uleb128 0xb
 1054 00d4 49       		.uleb128 0x49
 1055 00d5 13       		.uleb128 0x13
 1056 00d6 02       		.uleb128 0x2
 1057 00d7 17       		.uleb128 0x17
 1058 00d8 00       		.byte	0
 1059 00d9 00       		.byte	0
 1060 00da 12       		.uleb128 0x12
 1061 00db 898201   		.uleb128 0x4109
 1062 00de 01       		.byte	0x1
 1063 00df 11       		.uleb128 0x11
 1064 00e0 01       		.uleb128 0x1
 1065 00e1 31       		.uleb128 0x31
 1066 00e2 13       		.uleb128 0x13
 1067 00e3 00       		.byte	0
 1068 00e4 00       		.byte	0
 1069 00e5 13       		.uleb128 0x13
 1070 00e6 8A8201   		.uleb128 0x410a
 1071 00e9 00       		.byte	0
 1072 00ea 02       		.uleb128 0x2
 1073 00eb 18       		.uleb128 0x18
 1074 00ec 9142     		.uleb128 0x2111
 1075 00ee 18       		.uleb128 0x18
 1076 00ef 00       		.byte	0
 1077 00f0 00       		.byte	0
 1078 00f1 14       		.uleb128 0x14
 1079 00f2 2E       		.uleb128 0x2e
 1080 00f3 01       		.byte	0x1
 1081 00f4 3F       		.uleb128 0x3f
 1082 00f5 19       		.uleb128 0x19
 1083 00f6 03       		.uleb128 0x3
 1084 00f7 0E       		.uleb128 0xe
 1085 00f8 3A       		.uleb128 0x3a
 1086 00f9 0B       		.uleb128 0xb
 1087 00fa 3B       		.uleb128 0x3b
 1088 00fb 05       		.uleb128 0x5
 1089 00fc 27       		.uleb128 0x27
 1090 00fd 19       		.uleb128 0x19
 1091 00fe 11       		.uleb128 0x11
 1092 00ff 01       		.uleb128 0x1
 1093 0100 12       		.uleb128 0x12
ARM GAS  C:\Users\Ryan\AppData\Local\Temp\cc7T4k6l.s 			page 27


 1094 0101 06       		.uleb128 0x6
 1095 0102 40       		.uleb128 0x40
 1096 0103 18       		.uleb128 0x18
 1097 0104 9742     		.uleb128 0x2117
 1098 0106 19       		.uleb128 0x19
 1099 0107 01       		.uleb128 0x1
 1100 0108 13       		.uleb128 0x13
 1101 0109 00       		.byte	0
 1102 010a 00       		.byte	0
 1103 010b 15       		.uleb128 0x15
 1104 010c 0B       		.uleb128 0xb
 1105 010d 01       		.byte	0x1
 1106 010e 11       		.uleb128 0x11
 1107 010f 01       		.uleb128 0x1
 1108 0110 12       		.uleb128 0x12
 1109 0111 06       		.uleb128 0x6
 1110 0112 01       		.uleb128 0x1
 1111 0113 13       		.uleb128 0x13
 1112 0114 00       		.byte	0
 1113 0115 00       		.byte	0
 1114 0116 16       		.uleb128 0x16
 1115 0117 34       		.uleb128 0x34
 1116 0118 00       		.byte	0
 1117 0119 03       		.uleb128 0x3
 1118 011a 0E       		.uleb128 0xe
 1119 011b 3A       		.uleb128 0x3a
 1120 011c 0B       		.uleb128 0xb
 1121 011d 3B       		.uleb128 0x3b
 1122 011e 05       		.uleb128 0x5
 1123 011f 49       		.uleb128 0x49
 1124 0120 13       		.uleb128 0x13
 1125 0121 02       		.uleb128 0x2
 1126 0122 18       		.uleb128 0x18
 1127 0123 00       		.byte	0
 1128 0124 00       		.byte	0
 1129 0125 17       		.uleb128 0x17
 1130 0126 13       		.uleb128 0x13
 1131 0127 01       		.byte	0x1
 1132 0128 0B       		.uleb128 0xb
 1133 0129 0B       		.uleb128 0xb
 1134 012a 3A       		.uleb128 0x3a
 1135 012b 0B       		.uleb128 0xb
 1136 012c 3B       		.uleb128 0x3b
 1137 012d 05       		.uleb128 0x5
 1138 012e 01       		.uleb128 0x1
 1139 012f 13       		.uleb128 0x13
 1140 0130 00       		.byte	0
 1141 0131 00       		.byte	0
 1142 0132 18       		.uleb128 0x18
 1143 0133 0D       		.uleb128 0xd
 1144 0134 00       		.byte	0
 1145 0135 03       		.uleb128 0x3
 1146 0136 0E       		.uleb128 0xe
 1147 0137 3A       		.uleb128 0x3a
 1148 0138 0B       		.uleb128 0xb
 1149 0139 3B       		.uleb128 0x3b
 1150 013a 05       		.uleb128 0x5
ARM GAS  C:\Users\Ryan\AppData\Local\Temp\cc7T4k6l.s 			page 28


 1151 013b 49       		.uleb128 0x49
 1152 013c 13       		.uleb128 0x13
 1153 013d 38       		.uleb128 0x38
 1154 013e 0B       		.uleb128 0xb
 1155 013f 00       		.byte	0
 1156 0140 00       		.byte	0
 1157 0141 19       		.uleb128 0x19
 1158 0142 01       		.uleb128 0x1
 1159 0143 01       		.byte	0x1
 1160 0144 49       		.uleb128 0x49
 1161 0145 13       		.uleb128 0x13
 1162 0146 01       		.uleb128 0x1
 1163 0147 13       		.uleb128 0x13
 1164 0148 00       		.byte	0
 1165 0149 00       		.byte	0
 1166 014a 1A       		.uleb128 0x1a
 1167 014b 21       		.uleb128 0x21
 1168 014c 00       		.byte	0
 1169 014d 49       		.uleb128 0x49
 1170 014e 13       		.uleb128 0x13
 1171 014f 2F       		.uleb128 0x2f
 1172 0150 0B       		.uleb128 0xb
 1173 0151 00       		.byte	0
 1174 0152 00       		.byte	0
 1175 0153 1B       		.uleb128 0x1b
 1176 0154 34       		.uleb128 0x34
 1177 0155 00       		.byte	0
 1178 0156 03       		.uleb128 0x3
 1179 0157 08       		.uleb128 0x8
 1180 0158 3A       		.uleb128 0x3a
 1181 0159 0B       		.uleb128 0xb
 1182 015a 3B       		.uleb128 0x3b
 1183 015b 05       		.uleb128 0x5
 1184 015c 49       		.uleb128 0x49
 1185 015d 13       		.uleb128 0x13
 1186 015e 02       		.uleb128 0x2
 1187 015f 17       		.uleb128 0x17
 1188 0160 00       		.byte	0
 1189 0161 00       		.byte	0
 1190 0162 1C       		.uleb128 0x1c
 1191 0163 898201   		.uleb128 0x4109
 1192 0166 00       		.byte	0
 1193 0167 11       		.uleb128 0x11
 1194 0168 01       		.uleb128 0x1
 1195 0169 31       		.uleb128 0x31
 1196 016a 13       		.uleb128 0x13
 1197 016b 00       		.byte	0
 1198 016c 00       		.byte	0
 1199 016d 1D       		.uleb128 0x1d
 1200 016e 2E       		.uleb128 0x2e
 1201 016f 00       		.byte	0
 1202 0170 3F       		.uleb128 0x3f
 1203 0171 19       		.uleb128 0x19
 1204 0172 3C       		.uleb128 0x3c
 1205 0173 19       		.uleb128 0x19
 1206 0174 6E       		.uleb128 0x6e
 1207 0175 0E       		.uleb128 0xe
ARM GAS  C:\Users\Ryan\AppData\Local\Temp\cc7T4k6l.s 			page 29


 1208 0176 03       		.uleb128 0x3
 1209 0177 0E       		.uleb128 0xe
 1210 0178 00       		.byte	0
 1211 0179 00       		.byte	0
 1212 017a 1E       		.uleb128 0x1e
 1213 017b 2E       		.uleb128 0x2e
 1214 017c 00       		.byte	0
 1215 017d 3F       		.uleb128 0x3f
 1216 017e 19       		.uleb128 0x19
 1217 017f 3C       		.uleb128 0x3c
 1218 0180 19       		.uleb128 0x19
 1219 0181 6E       		.uleb128 0x6e
 1220 0182 0E       		.uleb128 0xe
 1221 0183 03       		.uleb128 0x3
 1222 0184 0E       		.uleb128 0xe
 1223 0185 3A       		.uleb128 0x3a
 1224 0186 0B       		.uleb128 0xb
 1225 0187 3B       		.uleb128 0x3b
 1226 0188 0B       		.uleb128 0xb
 1227 0189 00       		.byte	0
 1228 018a 00       		.byte	0
 1229 018b 00       		.byte	0
 1230              		.section	.debug_loc,"",%progbits
 1231              	.Ldebug_loc0:
 1232              	.LLST0:
 1233 0000 02000000 		.4byte	.LVL1
 1234 0004 08000000 		.4byte	.LVL2
 1235 0008 0200     		.2byte	0x2
 1236 000a 30       		.byte	0x30
 1237 000b 9F       		.byte	0x9f
 1238 000c 08000000 		.4byte	.LVL2
 1239 0010 30000000 		.4byte	.LVL11
 1240 0014 0100     		.2byte	0x1
 1241 0016 57       		.byte	0x57
 1242 0017 00000000 		.4byte	0
 1243 001b 00000000 		.4byte	0
 1244              	.LLST1:
 1245 001f 02000000 		.4byte	.LVL1
 1246 0023 08000000 		.4byte	.LVL2
 1247 0027 0200     		.2byte	0x2
 1248 0029 30       		.byte	0x30
 1249 002a 9F       		.byte	0x9f
 1250 002b 08000000 		.4byte	.LVL2
 1251 002f 30000000 		.4byte	.LVL10
 1252 0033 0100     		.2byte	0x1
 1253 0035 55       		.byte	0x55
 1254 0036 00000000 		.4byte	0
 1255 003a 00000000 		.4byte	0
 1256              	.LLST2:
 1257 003e 0C000000 		.4byte	.LVL3
 1258 0042 2C000000 		.4byte	.LVL9
 1259 0046 0100     		.2byte	0x1
 1260 0048 56       		.byte	0x56
 1261 0049 00000000 		.4byte	0
 1262 004d 00000000 		.4byte	0
 1263              	.LLST3:
 1264 0051 0E000000 		.4byte	.LVL4
ARM GAS  C:\Users\Ryan\AppData\Local\Temp\cc7T4k6l.s 			page 30


 1265 0055 24000000 		.4byte	.LVL7
 1266 0059 0100     		.2byte	0x1
 1267 005b 53       		.byte	0x53
 1268 005c 26000000 		.4byte	.LVL8
 1269 0060 2C000000 		.4byte	.LVL9
 1270 0064 0100     		.2byte	0x1
 1271 0066 53       		.byte	0x53
 1272 0067 00000000 		.4byte	0
 1273 006b 00000000 		.4byte	0
 1274              	.LLST4:
 1275 006f 00000000 		.4byte	.LVL12
 1276 0073 09000000 		.4byte	.LVL14-1
 1277 0077 0100     		.2byte	0x1
 1278 0079 50       		.byte	0x50
 1279 007a 09000000 		.4byte	.LVL14-1
 1280 007e 0C000000 		.4byte	.LFE0
 1281 0082 0400     		.2byte	0x4
 1282 0084 F3       		.byte	0xf3
 1283 0085 01       		.uleb128 0x1
 1284 0086 50       		.byte	0x50
 1285 0087 9F       		.byte	0x9f
 1286 0088 00000000 		.4byte	0
 1287 008c 00000000 		.4byte	0
 1288              	.LLST5:
 1289 0090 00000000 		.4byte	.LVL12
 1290 0094 06000000 		.4byte	.LVL13
 1291 0098 0100     		.2byte	0x1
 1292 009a 51       		.byte	0x51
 1293 009b 06000000 		.4byte	.LVL13
 1294 009f 09000000 		.4byte	.LVL14-1
 1295 00a3 0100     		.2byte	0x1
 1296 00a5 52       		.byte	0x52
 1297 00a6 09000000 		.4byte	.LVL14-1
 1298 00aa 0C000000 		.4byte	.LFE0
 1299 00ae 0400     		.2byte	0x4
 1300 00b0 F3       		.byte	0xf3
 1301 00b1 01       		.uleb128 0x1
 1302 00b2 51       		.byte	0x51
 1303 00b3 9F       		.byte	0x9f
 1304 00b4 00000000 		.4byte	0
 1305 00b8 00000000 		.4byte	0
 1306              	.LLST6:
 1307 00bc 74000000 		.4byte	.LVL16
 1308 00c0 78000000 		.4byte	.LVL17
 1309 00c4 0200     		.2byte	0x2
 1310 00c6 30       		.byte	0x30
 1311 00c7 9F       		.byte	0x9f
 1312 00c8 78000000 		.4byte	.LVL17
 1313 00cc 96000000 		.4byte	.LVL19
 1314 00d0 0100     		.2byte	0x1
 1315 00d2 54       		.byte	0x54
 1316 00d3 98000000 		.4byte	.LVL20
 1317 00d7 20010000 		.4byte	.LVL23
 1318 00db 0100     		.2byte	0x1
 1319 00dd 54       		.byte	0x54
 1320 00de 00000000 		.4byte	0
 1321 00e2 00000000 		.4byte	0
ARM GAS  C:\Users\Ryan\AppData\Local\Temp\cc7T4k6l.s 			page 31


 1322              	.LLST7:
 1323 00e6 78000000 		.4byte	.LVL17
 1324 00ea 96000000 		.4byte	.LVL19
 1325 00ee 0B00     		.2byte	0xb
 1326 00f0 74       		.byte	0x74
 1327 00f1 00       		.sleb128 0
 1328 00f2 36       		.byte	0x36
 1329 00f3 1E       		.byte	0x1e
 1330 00f4 03       		.byte	0x3
 1331 00f5 00000000 		.4byte	cfg_memset_list.4842
 1332 00f9 22       		.byte	0x22
 1333 00fa 9F       		.byte	0x9f
 1334 00fb 96000000 		.4byte	.LVL19
 1335 00ff 98000000 		.4byte	.LVL20
 1336 0103 0B00     		.2byte	0xb
 1337 0105 74       		.byte	0x74
 1338 0106 7F       		.sleb128 -1
 1339 0107 36       		.byte	0x36
 1340 0108 1E       		.byte	0x1e
 1341 0109 03       		.byte	0x3
 1342 010a 00000000 		.4byte	cfg_memset_list.4842
 1343 010e 22       		.byte	0x22
 1344 010f 9F       		.byte	0x9f
 1345 0110 00000000 		.4byte	0
 1346 0114 00000000 		.4byte	0
 1347              		.section	.debug_aranges,"",%progbits
 1348 0000 34000000 		.4byte	0x34
 1349 0004 0200     		.2byte	0x2
 1350 0006 00000000 		.4byte	.Ldebug_info0
 1351 000a 04       		.byte	0x4
 1352 000b 00       		.byte	0
 1353 000c 0000     		.2byte	0
 1354 000e 0000     		.2byte	0
 1355 0010 00000000 		.4byte	.LFB3
 1356 0014 32000000 		.4byte	.LFE3-.LFB3
 1357 0018 00000000 		.4byte	.LFB0
 1358 001c 0C000000 		.4byte	.LFE0-.LFB0
 1359 0020 00000000 		.4byte	.LFB4
 1360 0024 70000000 		.4byte	.LFE4-.LFB4
 1361 0028 70000000 		.4byte	.LFB6
 1362 002c 04010000 		.4byte	.LFE6-.LFB6
 1363 0030 00000000 		.4byte	0
 1364 0034 00000000 		.4byte	0
 1365              		.section	.debug_ranges,"",%progbits
 1366              	.Ldebug_ranges0:
 1367 0000 00000000 		.4byte	.LFB3
 1368 0004 32000000 		.4byte	.LFE3
 1369 0008 00000000 		.4byte	.LFB0
 1370 000c 0C000000 		.4byte	.LFE0
 1371 0010 00000000 		.4byte	.LFB4
 1372 0014 70000000 		.4byte	.LFE4
 1373 0018 70000000 		.4byte	.LFB6
 1374 001c 74010000 		.4byte	.LFE6
 1375 0020 00000000 		.4byte	0
 1376 0024 00000000 		.4byte	0
 1377              		.section	.debug_line,"",%progbits
 1378              	.Ldebug_line0:
ARM GAS  C:\Users\Ryan\AppData\Local\Temp\cc7T4k6l.s 			page 32


 1379 0000 61010000 		.section	.debug_str,"MS",%progbits,1
 1379      0200D600 
 1379      00000201 
 1379      FB0E0D00 
 1379      01010101 
 1380              	.LASF19:
 1381 0000 72656733 		.ascii	"reg32\000"
 1381      3200
 1382              	.LASF12:
 1383 0006 73697A65 		.ascii	"size_t\000"
 1383      5F7400
 1384              	.LASF21:
 1385 000d 76616C75 		.ascii	"value\000"
 1385      6500
 1386              	.LASF26:
 1387 0013 636F756E 		.ascii	"count\000"
 1387      7400
 1388              	.LASF29:
 1389 0019 436C6F63 		.ascii	"ClockSetup\000"
 1389      6B536574 
 1389      757000
 1390              	.LASF30:
 1391 0024 63795F63 		.ascii	"cy_cfg_addr_table\000"
 1391      66675F61 
 1391      6464725F 
 1391      7461626C 
 1391      6500
 1392              	.LASF31:
 1393 0036 63795F63 		.ascii	"cy_cfg_data_table\000"
 1393      66675F64 
 1393      6174615F 
 1393      7461626C 
 1393      6500
 1394              	.LASF16:
 1395 0048 666C6F61 		.ascii	"float\000"
 1395      7400
 1396              	.LASF35:
 1397 004e 6366675F 		.ascii	"cfg_memset_list\000"
 1397      6D656D73 
 1397      65745F6C 
 1397      69737400 
 1398              	.LASF33:
 1399 005e 73697A65 		.ascii	"size\000"
 1399      00
 1400              	.LASF18:
 1401 0063 72656738 		.ascii	"reg8\000"
 1401      00
 1402              	.LASF8:
 1403 0068 6C6F6E67 		.ascii	"long unsigned int\000"
 1403      20756E73 
 1403      69676E65 
 1403      6420696E 
 1403      7400
 1404              	.LASF13:
 1405 007a 75696E74 		.ascii	"uint8\000"
 1405      3800
 1406              	.LASF28:
ARM GAS  C:\Users\Ryan\AppData\Local\Temp\cc7T4k6l.s 			page 33


 1407 0080 43594D45 		.ascii	"CYMEMZERO\000"
 1407      4D5A4552 
 1407      4F00
 1408              	.LASF4:
 1409 008a 756E7369 		.ascii	"unsigned char\000"
 1409      676E6564 
 1409      20636861 
 1409      7200
 1410              	.LASF40:
 1411 0098 6D656D73 		.ascii	"memset\000"
 1411      657400
 1412              	.LASF17:
 1413 009f 646F7562 		.ascii	"double\000"
 1413      6C6500
 1414              	.LASF27:
 1415 00a6 6366675F 		.ascii	"cfg_write_bytes32\000"
 1415      77726974 
 1415      655F6279 
 1415      74657333 
 1415      3200
 1416              	.LASF39:
 1417 00b8 63796669 		.ascii	"cyfitter_cfg\000"
 1417      74746572 
 1417      5F636667 
 1417      00
 1418              	.LASF23:
 1419 00c5 61646472 		.ascii	"addr_table\000"
 1419      5F746162 
 1419      6C6500
 1420              	.LASF14:
 1421 00d0 75696E74 		.ascii	"uint16\000"
 1421      313600
 1422              	.LASF24:
 1423 00d7 64617461 		.ascii	"data_table\000"
 1423      5F746162 
 1423      6C6500
 1424              	.LASF15:
 1425 00e2 75696E74 		.ascii	"uint32\000"
 1425      333200
 1426              	.LASF0:
 1427 00e9 756E7369 		.ascii	"unsigned int\000"
 1427      676E6564 
 1427      20696E74 
 1427      00
 1428              	.LASF32:
 1429 00f6 61646472 		.ascii	"address\000"
 1429      65737300 
 1430              	.LASF9:
 1431 00fe 6C6F6E67 		.ascii	"long long unsigned int\000"
 1431      206C6F6E 
 1431      6720756E 
 1431      7369676E 
 1431      65642069 
 1432              	.LASF36:
 1433 0115 474E5520 		.ascii	"GNU C11 5.4.1 20160609 (release) [ARM/embedded-5-br"
 1433      43313120 
 1433      352E342E 
ARM GAS  C:\Users\Ryan\AppData\Local\Temp\cc7T4k6l.s 			page 34


 1433      31203230 
 1433      31363036 
 1434 0148 616E6368 		.ascii	"anch revision 237715] -mcpu=cortex-m0 -mthumb -g -O"
 1434      20726576 
 1434      6973696F 
 1434      6E203233 
 1434      37373135 
 1435 017b 67202D66 		.ascii	"g -ffunction-sections -ffat-lto-objects\000"
 1435      66756E63 
 1435      74696F6E 
 1435      2D736563 
 1435      74696F6E 
 1436              	.LASF34:
 1437 01a3 6366675F 		.ascii	"cfg_memset_t\000"
 1437      6D656D73 
 1437      65745F74 
 1437      00
 1438              	.LASF25:
 1439 01b0 62617365 		.ascii	"baseAddr\000"
 1439      41646472 
 1439      00
 1440              	.LASF10:
 1441 01b9 73697A65 		.ascii	"sizetype\000"
 1441      74797065 
 1441      00
 1442              	.LASF6:
 1443 01c2 73686F72 		.ascii	"short unsigned int\000"
 1443      7420756E 
 1443      7369676E 
 1443      65642069 
 1443      6E7400
 1444              	.LASF1:
 1445 01d5 6C6F6E67 		.ascii	"long long int\000"
 1445      206C6F6E 
 1445      6720696E 
 1445      7400
 1446              	.LASF11:
 1447 01e3 63686172 		.ascii	"char\000"
 1447      00
 1448              	.LASF22:
 1449 01e8 63795F63 		.ascii	"cy_cfg_addrvalue_t\000"
 1449      66675F61 
 1449      64647276 
 1449      616C7565 
 1449      5F7400
 1450              	.LASF20:
 1451 01fb 6F666673 		.ascii	"offset\000"
 1451      657400
 1452              	.LASF5:
 1453 0202 73686F72 		.ascii	"short int\000"
 1453      7420696E 
 1453      7400
 1454              	.LASF38:
 1455 020c 433A5C55 		.ascii	"C:\\Users\\Ryan\\ownCloud\\Projects\\EEforEveryone\\"
 1455      73657273 
 1455      5C527961 
 1455      6E5C6F77 
ARM GAS  C:\Users\Ryan\AppData\Local\Temp\cc7T4k6l.s 			page 35


 1455      6E436C6F 
 1456 023a 32303232 		.ascii	"2022\\2201_MOTOR\\sw\\4_PSoC\\2201_Motor\\2201_Moto"
 1456      5C323230 
 1456      315F4D4F 
 1456      544F525C 
 1456      73775C34 
 1457 0268 722E6379 		.ascii	"r.cydsn\000"
 1457      64736E00 
 1458              	.LASF41:
 1459 0270 43795379 		.ascii	"CySysClkWriteImoFreq\000"
 1459      73436C6B 
 1459      57726974 
 1459      65496D6F 
 1459      46726571 
 1460              	.LASF7:
 1461 0285 6C6F6E67 		.ascii	"long int\000"
 1461      20696E74 
 1461      00
 1462              	.LASF2:
 1463 028e 6C6F6E67 		.ascii	"long double\000"
 1463      20646F75 
 1463      626C6500 
 1464              	.LASF3:
 1465 029a 7369676E 		.ascii	"signed char\000"
 1465      65642063 
 1465      68617200 
 1466              	.LASF37:
 1467 02a6 47656E65 		.ascii	"Generated_Source\\PSoC4\\cyfitter_cfg.c\000"
 1467      72617465 
 1467      645F536F 
 1467      75726365 
 1467      5C50536F 
 1468              		.ident	"GCC: (GNU Tools for ARM Embedded Processors) 5.4.1 20160609 (release) [ARM/embedded-5-bran
