--------------- Build Started: 04/04/2022 11:18:12 Project: 2201_Motor, Configuration: ARM GCC 5.4-2016-q2-update Debug ---------------
The code generation step is up to date.
arm-none-eabi-gcc.exe -mcpu=cortex-m0plus -mthumb -I. -IGenerated_Source\PSoC4 -Wa,-alh=.\CortexM0p\ARM_GCC_541\Debug/main.lst -g -D DEBUG -D CY_CORE_ID=0 -Wall -ffunction-sections -ffat-lto-objects -Og -c main.c -o .\CortexM0p\ARM_GCC_541\Debug\main.o
main.c: In function 'main':
main.c:206:14: warning: unused variable 'mot_millis' [-Wunused-variable]
     uint64_t mot_millis = SYSTCK_millis;
              ^
main.c:204:14: warning: unused variable 'modbus_millis' [-Wunused-variable]
     uint64_t modbus_millis = SYSTCK_millis;
              ^
arm-none-eabi-ar.exe -rs .\CortexM0p\ARM_GCC_541\Debug\2201_Motor.a .\CortexM0p\ARM_GCC_541\Debug\encA.o .\CortexM0p\ARM_GCC_541\Debug\encA_PM.o .\CortexM0p\ARM_GCC_541\Debug\encB.o .\CortexM0p\ARM_GCC_541\Debug\encB_PM.o .\CortexM0p\ARM_GCC_541\Debug\CyFlash.o .\CortexM0p\ARM_GCC_541\Debug\CyLib.o .\CortexM0p\ARM_GCC_541\Debug\cyPm.o .\CortexM0p\ARM_GCC_541\Debug\cyutils.o .\CortexM0p\ARM_GCC_541\Debug\CyLFClk.o .\CortexM0p\ARM_GCC_541\Debug\cy_em_eeprom.o .\CortexM0p\ARM_GCC_541\Debug\M2_PWM.o .\CortexM0p\ARM_GCC_541\Debug\M2_PWM_PM.o .\CortexM0p\ARM_GCC_541\Debug\MOT_IN1.o .\CortexM0p\ARM_GCC_541\Debug\MOT_IN1_PM.o .\CortexM0p\ARM_GCC_541\Debug\Clock_pwm.o .\CortexM0p\ARM_GCC_541\Debug\M1_PWM.o .\CortexM0p\ARM_GCC_541\Debug\M1_PWM_PM.o .\CortexM0p\ARM_GCC_541\Debug\ENC.o .\CortexM0p\ARM_GCC_541\Debug\ENC_PM.o .\CortexM0p\ARM_GCC_541\Debug\ADC_Adc.o .\CortexM0p\ARM_GCC_541\Debug\ADC_Adc_INT.o .\CortexM0p\ARM_GCC_541\Debug\ADC_Structure.o .\CortexM0p\ARM_GCC_541\Debug\TX_EN.o .\CortexM0p\ARM_GCC_541\Debug\TX_EN_PM.o .\CortexM0p\ARM_GCC_541\Debug\LED_ACT.o .\CortexM0p\ARM_GCC_541\Debug\LED_ACT_PM.o .\CortexM0p\ARM_GCC_541\Debug\MOT_IN2.o .\CortexM0p\ARM_GCC_541\Debug\MOT_IN2_PM.o .\CortexM0p\ARM_GCC_541\Debug\M1_ISR.o .\CortexM0p\ARM_GCC_541\Debug\M2_ISR.o .\CortexM0p\ARM_GCC_541\Debug\Clock_ENC.o .\CortexM0p\ARM_GCC_541\Debug\SYSTCK_TIMER.o .\CortexM0p\ARM_GCC_541\Debug\SYSTCK_TIMER_PM.o .\CortexM0p\ARM_GCC_541\Debug\SYSTCK_ISR.o .\CortexM0p\ARM_GCC_541\Debug\ADC_ISR.o .\CortexM0p\ARM_GCC_541\Debug\UART.o .\CortexM0p\ARM_GCC_541\Debug\UART_SPI_UART.o .\CortexM0p\ARM_GCC_541\Debug\UART_SPI_UART_INT.o .\CortexM0p\ARM_GCC_541\Debug\UART_PM.o .\CortexM0p\ARM_GCC_541\Debug\UART_UART.o .\CortexM0p\ARM_GCC_541\Debug\UART_BOOT.o .\CortexM0p\ARM_GCC_541\Debug\UART_UART_BOOT.o .\CortexM0p\ARM_GCC_541\Debug\UART_SCBCLK.o .\CortexM0p\ARM_GCC_541\Debug\UART_tx.o .\CortexM0p\ARM_GCC_541\Debug\UART_tx_PM.o .\CortexM0p\ARM_GCC_541\Debug\UART_rx.o .\CortexM0p\ARM_GCC_541\Debug\UART_rx_PM.o .\CortexM0p\ARM_GCC_541\Debug\UART_SCB_IRQ.o .\CortexM0p\ARM_GCC_541\Debug\CyBootAsmGnu.o
arm-none-eabi-ar.exe: creating .\CortexM0p\ARM_GCC_541\Debug\2201_Motor.a
arm-none-eabi-gcc.exe -Wl,--start-group -o E:\Projects\EEforEveryone\2022\2201_MOTOR\sw\4_PSoC\2201_Motor\2201_Motor.cydsn\CortexM0p\ARM_GCC_541\Debug\2201_Motor.elf .\CortexM0p\ARM_GCC_541\Debug\main.o .\CortexM0p\ARM_GCC_541\Debug\ModbusData.o .\CortexM0p\ARM_GCC_541\Debug\Modbus.o .\CortexM0p\ARM_GCC_541\Debug\EEmotor.o .\CortexM0p\ARM_GCC_541\Debug\EEmodbus.o .\CortexM0p\ARM_GCC_541\Debug\cyfitter_cfg.o .\CortexM0p\ARM_GCC_541\Debug\cymetadata.o .\CortexM0p\ARM_GCC_541\Debug\Cm0plusStart.o .\CortexM0p\ARM_GCC_541\Debug\2201_Motor.a "C:\Program Files (x86)\Cypress\PSoC Creator\4.4\PSoC Creator\psoc\content\CyComponentLibrary\CyComponentLibrary.cylib\CapSense_P4_v7_0\PSoC4\Library\Capsense_P4Library_GCCp.a" -mcpu=cortex-m0plus -mthumb -L Generated_Source\PSoC4 -Wl,-Map,.\CortexM0p\ARM_GCC_541\Debug/2201_Motor.map -T Generated_Source\PSoC4\cm0plusgcc.ld -specs=nano.specs -Wl,--gc-sections -g -ffunction-sections -Og -ffat-lto-objects -Wl,--end-group
cyelftool.exe -C E:\Projects\EEforEveryone\2022\2201_MOTOR\sw\4_PSoC\2201_Motor\2201_Motor.cydsn\CortexM0p\ARM_GCC_541\Debug\2201_Motor.elf --flash_row_size 128 --flash_size 16384 --flash_offset 0x00000000
No ELF section .cychecksum found, creating one
Application checksum calculated and stored in ELF section .cychecksum
Checksum calculated and stored in ELF section .cymeta
cyelftool.exe -S E:\Projects\EEforEveryone\2022\2201_MOTOR\sw\4_PSoC\2201_Motor\2201_Motor.cydsn\CortexM0p\ARM_GCC_541\Debug\2201_Motor.elf
Flash used: 13008 of 16384 bytes (79.4%).
SRAM used: 1120 of 2048 bytes (54.7%). Stack: 336 bytes. Heap: 288 bytes.
--------------- Build Succeeded: 04/04/2022 11:18:13 ---------------
