ARM GAS  C:\Users\Ryan\AppData\Local\Temp\cce0cS8x.s 			page 1


   1              		.syntax unified
   2              		.cpu cortex-m0plus
   3              		.fpu softvfp
   4              		.eabi_attribute 20, 1
   5              		.eabi_attribute 21, 1
   6              		.eabi_attribute 23, 3
   7              		.eabi_attribute 24, 1
   8              		.eabi_attribute 25, 1
   9              		.eabi_attribute 26, 1
  10              		.eabi_attribute 30, 1
  11              		.eabi_attribute 34, 0
  12              		.eabi_attribute 18, 4
  13              		.thumb
  14              		.syntax unified
  15              		.file	"cyfitter_cfg.c"
  16              		.text
  17              	.Ltext0:
  18              		.cfi_sections	.debug_frame
  19              		.section	.text.AnalogSetDefault,"ax",%progbits
  20              		.align	2
  21              		.code	16
  22              		.thumb_func
  23              		.type	AnalogSetDefault, %function
  24              	AnalogSetDefault:
  25              	.LFB5:
  26              		.file 1 "Generated_Source\\PSoC4\\cyfitter_cfg.c"
   1:Generated_Source\PSoC4/cyfitter_cfg.c **** 
   2:Generated_Source\PSoC4/cyfitter_cfg.c **** /*******************************************************************************
   3:Generated_Source\PSoC4/cyfitter_cfg.c **** * File Name: cyfitter_cfg.c
   4:Generated_Source\PSoC4/cyfitter_cfg.c **** * 
   5:Generated_Source\PSoC4/cyfitter_cfg.c **** * PSoC Creator  4.4
   6:Generated_Source\PSoC4/cyfitter_cfg.c **** *
   7:Generated_Source\PSoC4/cyfitter_cfg.c **** * Description:
   8:Generated_Source\PSoC4/cyfitter_cfg.c **** * This file contains device initialization code.
   9:Generated_Source\PSoC4/cyfitter_cfg.c **** * Except for the user defined sections in CyClockStartupError(), this file should not be modified.
  10:Generated_Source\PSoC4/cyfitter_cfg.c **** * This file is automatically generated by PSoC Creator.
  11:Generated_Source\PSoC4/cyfitter_cfg.c **** *
  12:Generated_Source\PSoC4/cyfitter_cfg.c **** ********************************************************************************
  13:Generated_Source\PSoC4/cyfitter_cfg.c **** * Copyright (c) 2007-2020 Cypress Semiconductor.  All rights reserved.
  14:Generated_Source\PSoC4/cyfitter_cfg.c **** * You may use this file only in accordance with the license, terms, conditions, 
  15:Generated_Source\PSoC4/cyfitter_cfg.c **** * disclaimers, and limitations in the end user license agreement accompanying 
  16:Generated_Source\PSoC4/cyfitter_cfg.c **** * the software package with which this file was provided.
  17:Generated_Source\PSoC4/cyfitter_cfg.c **** ********************************************************************************/
  18:Generated_Source\PSoC4/cyfitter_cfg.c **** 
  19:Generated_Source\PSoC4/cyfitter_cfg.c **** #include <string.h>
  20:Generated_Source\PSoC4/cyfitter_cfg.c **** #include "cytypes.h"
  21:Generated_Source\PSoC4/cyfitter_cfg.c **** #include "cydevice_trm.h"
  22:Generated_Source\PSoC4/cyfitter_cfg.c **** #include "cyfitter.h"
  23:Generated_Source\PSoC4/cyfitter_cfg.c **** #include "CyLib.h"
  24:Generated_Source\PSoC4/cyfitter_cfg.c **** #include "cyfitter_cfg.h"
  25:Generated_Source\PSoC4/cyfitter_cfg.c **** #include "cyapicallbacks.h"
  26:Generated_Source\PSoC4/cyfitter_cfg.c **** 
  27:Generated_Source\PSoC4/cyfitter_cfg.c **** 
  28:Generated_Source\PSoC4/cyfitter_cfg.c **** #if defined(__GNUC__) || defined(__ARMCC_VERSION)
  29:Generated_Source\PSoC4/cyfitter_cfg.c ****     #define CYPACKED 
  30:Generated_Source\PSoC4/cyfitter_cfg.c ****     #define CYPACKED_ATTR __attribute__ ((packed))
  31:Generated_Source\PSoC4/cyfitter_cfg.c ****     #define CYALIGNED __attribute__ ((aligned))
ARM GAS  C:\Users\Ryan\AppData\Local\Temp\cce0cS8x.s 			page 2


  32:Generated_Source\PSoC4/cyfitter_cfg.c ****     #define CY_CFG_UNUSED __attribute__ ((unused))
  33:Generated_Source\PSoC4/cyfitter_cfg.c ****     #ifndef CY_CFG_SECTION
  34:Generated_Source\PSoC4/cyfitter_cfg.c ****         #define CY_CFG_SECTION __attribute__ ((section(".psocinit")))
  35:Generated_Source\PSoC4/cyfitter_cfg.c ****     #endif
  36:Generated_Source\PSoC4/cyfitter_cfg.c ****     
  37:Generated_Source\PSoC4/cyfitter_cfg.c ****     #if defined(__ARMCC_VERSION)
  38:Generated_Source\PSoC4/cyfitter_cfg.c ****         #define CY_CFG_MEMORY_BARRIER() __memory_changed()
  39:Generated_Source\PSoC4/cyfitter_cfg.c ****     #else
  40:Generated_Source\PSoC4/cyfitter_cfg.c ****         #define CY_CFG_MEMORY_BARRIER() __sync_synchronize()
  41:Generated_Source\PSoC4/cyfitter_cfg.c ****     #endif
  42:Generated_Source\PSoC4/cyfitter_cfg.c ****     
  43:Generated_Source\PSoC4/cyfitter_cfg.c **** #elif defined(__ICCARM__)
  44:Generated_Source\PSoC4/cyfitter_cfg.c ****     #include <intrinsics.h>
  45:Generated_Source\PSoC4/cyfitter_cfg.c **** 
  46:Generated_Source\PSoC4/cyfitter_cfg.c ****     #define CYPACKED __packed
  47:Generated_Source\PSoC4/cyfitter_cfg.c ****     #define CYPACKED_ATTR 
  48:Generated_Source\PSoC4/cyfitter_cfg.c ****     #define CYALIGNED _Pragma("data_alignment=4")
  49:Generated_Source\PSoC4/cyfitter_cfg.c ****     #define CY_CFG_UNUSED _Pragma("diag_suppress=Pe177")
  50:Generated_Source\PSoC4/cyfitter_cfg.c ****     #define CY_CFG_SECTION _Pragma("location=\".psocinit\"")
  51:Generated_Source\PSoC4/cyfitter_cfg.c ****     
  52:Generated_Source\PSoC4/cyfitter_cfg.c ****     #define CY_CFG_MEMORY_BARRIER() __DMB()
  53:Generated_Source\PSoC4/cyfitter_cfg.c ****     
  54:Generated_Source\PSoC4/cyfitter_cfg.c **** #else
  55:Generated_Source\PSoC4/cyfitter_cfg.c ****     #error Unsupported toolchain
  56:Generated_Source\PSoC4/cyfitter_cfg.c **** #endif
  57:Generated_Source\PSoC4/cyfitter_cfg.c **** 
  58:Generated_Source\PSoC4/cyfitter_cfg.c **** #ifndef CYCODE
  59:Generated_Source\PSoC4/cyfitter_cfg.c ****     #define CYCODE
  60:Generated_Source\PSoC4/cyfitter_cfg.c **** #endif
  61:Generated_Source\PSoC4/cyfitter_cfg.c **** #ifndef CYDATA
  62:Generated_Source\PSoC4/cyfitter_cfg.c ****     #define CYDATA
  63:Generated_Source\PSoC4/cyfitter_cfg.c **** #endif
  64:Generated_Source\PSoC4/cyfitter_cfg.c **** #ifndef CYFAR
  65:Generated_Source\PSoC4/cyfitter_cfg.c ****     #define CYFAR
  66:Generated_Source\PSoC4/cyfitter_cfg.c **** #endif
  67:Generated_Source\PSoC4/cyfitter_cfg.c **** #ifndef CYXDATA
  68:Generated_Source\PSoC4/cyfitter_cfg.c ****     #define CYXDATA
  69:Generated_Source\PSoC4/cyfitter_cfg.c **** #endif
  70:Generated_Source\PSoC4/cyfitter_cfg.c **** 
  71:Generated_Source\PSoC4/cyfitter_cfg.c **** 
  72:Generated_Source\PSoC4/cyfitter_cfg.c **** CY_CFG_UNUSED
  73:Generated_Source\PSoC4/cyfitter_cfg.c **** static void CYMEMZERO(void *s, size_t n);
  74:Generated_Source\PSoC4/cyfitter_cfg.c **** CY_CFG_UNUSED
  75:Generated_Source\PSoC4/cyfitter_cfg.c **** static void CYMEMZERO(void *s, size_t n)
  76:Generated_Source\PSoC4/cyfitter_cfg.c **** {
  77:Generated_Source\PSoC4/cyfitter_cfg.c **** 	(void)memset(s, 0, n);
  78:Generated_Source\PSoC4/cyfitter_cfg.c **** }
  79:Generated_Source\PSoC4/cyfitter_cfg.c **** CY_CFG_UNUSED
  80:Generated_Source\PSoC4/cyfitter_cfg.c **** static void CYCONFIGCPY(void *dest, const void *src, size_t n);
  81:Generated_Source\PSoC4/cyfitter_cfg.c **** CY_CFG_UNUSED
  82:Generated_Source\PSoC4/cyfitter_cfg.c **** static void CYCONFIGCPY(void *dest, const void *src, size_t n)
  83:Generated_Source\PSoC4/cyfitter_cfg.c **** {
  84:Generated_Source\PSoC4/cyfitter_cfg.c **** 	(void)memcpy(dest, src, n);
  85:Generated_Source\PSoC4/cyfitter_cfg.c **** }
  86:Generated_Source\PSoC4/cyfitter_cfg.c **** CY_CFG_UNUSED
  87:Generated_Source\PSoC4/cyfitter_cfg.c **** static void CYCONFIGCPYCODE(void *dest, const void *src, size_t n);
  88:Generated_Source\PSoC4/cyfitter_cfg.c **** CY_CFG_UNUSED
ARM GAS  C:\Users\Ryan\AppData\Local\Temp\cce0cS8x.s 			page 3


  89:Generated_Source\PSoC4/cyfitter_cfg.c **** static void CYCONFIGCPYCODE(void *dest, const void *src, size_t n)
  90:Generated_Source\PSoC4/cyfitter_cfg.c **** {
  91:Generated_Source\PSoC4/cyfitter_cfg.c **** 	(void)memcpy(dest, src, n);
  92:Generated_Source\PSoC4/cyfitter_cfg.c **** }
  93:Generated_Source\PSoC4/cyfitter_cfg.c **** 
  94:Generated_Source\PSoC4/cyfitter_cfg.c **** 
  95:Generated_Source\PSoC4/cyfitter_cfg.c **** 
  96:Generated_Source\PSoC4/cyfitter_cfg.c **** 
  97:Generated_Source\PSoC4/cyfitter_cfg.c **** /* Clock startup error codes                                                   */
  98:Generated_Source\PSoC4/cyfitter_cfg.c **** #define CYCLOCKSTART_NO_ERROR    0u
  99:Generated_Source\PSoC4/cyfitter_cfg.c **** #define CYCLOCKSTART_XTAL_ERROR  1u
 100:Generated_Source\PSoC4/cyfitter_cfg.c **** #define CYCLOCKSTART_32KHZ_ERROR 2u
 101:Generated_Source\PSoC4/cyfitter_cfg.c **** #define CYCLOCKSTART_PLL_ERROR   3u
 102:Generated_Source\PSoC4/cyfitter_cfg.c **** #define CYCLOCKSTART_FLL_ERROR   4u
 103:Generated_Source\PSoC4/cyfitter_cfg.c **** #define CYCLOCKSTART_WCO_ERROR   5u
 104:Generated_Source\PSoC4/cyfitter_cfg.c **** 
 105:Generated_Source\PSoC4/cyfitter_cfg.c **** 
 106:Generated_Source\PSoC4/cyfitter_cfg.c **** #ifdef CY_NEED_CYCLOCKSTARTUPERROR
 107:Generated_Source\PSoC4/cyfitter_cfg.c **** /*******************************************************************************
 108:Generated_Source\PSoC4/cyfitter_cfg.c **** * Function Name: CyClockStartupError
 109:Generated_Source\PSoC4/cyfitter_cfg.c **** ********************************************************************************
 110:Generated_Source\PSoC4/cyfitter_cfg.c **** * Summary:
 111:Generated_Source\PSoC4/cyfitter_cfg.c **** *  If an error is encountered during clock configuration (crystal startup error,
 112:Generated_Source\PSoC4/cyfitter_cfg.c **** *  PLL lock error, etc.), the system will end up here.  Unless reimplemented by
 113:Generated_Source\PSoC4/cyfitter_cfg.c **** *  the customer, this function will stop in an infinite loop.
 114:Generated_Source\PSoC4/cyfitter_cfg.c **** *
 115:Generated_Source\PSoC4/cyfitter_cfg.c **** * Parameters:
 116:Generated_Source\PSoC4/cyfitter_cfg.c **** *   void
 117:Generated_Source\PSoC4/cyfitter_cfg.c **** *
 118:Generated_Source\PSoC4/cyfitter_cfg.c **** * Return:
 119:Generated_Source\PSoC4/cyfitter_cfg.c **** *   void
 120:Generated_Source\PSoC4/cyfitter_cfg.c **** *
 121:Generated_Source\PSoC4/cyfitter_cfg.c **** *******************************************************************************/
 122:Generated_Source\PSoC4/cyfitter_cfg.c **** CY_CFG_UNUSED
 123:Generated_Source\PSoC4/cyfitter_cfg.c **** static void CyClockStartupError(uint8 errorCode);
 124:Generated_Source\PSoC4/cyfitter_cfg.c **** CY_CFG_UNUSED
 125:Generated_Source\PSoC4/cyfitter_cfg.c **** static void CyClockStartupError(uint8 errorCode)
 126:Generated_Source\PSoC4/cyfitter_cfg.c **** {
 127:Generated_Source\PSoC4/cyfitter_cfg.c ****     /* To remove the compiler warning if errorCode not used.                */
 128:Generated_Source\PSoC4/cyfitter_cfg.c ****     errorCode = errorCode;
 129:Generated_Source\PSoC4/cyfitter_cfg.c **** 
 130:Generated_Source\PSoC4/cyfitter_cfg.c ****     /* If we have a clock startup error (bad MHz crystal, PLL lock, etc.),  */
 131:Generated_Source\PSoC4/cyfitter_cfg.c ****     /* we will end up here to allow the customer to implement something to  */
 132:Generated_Source\PSoC4/cyfitter_cfg.c ****     /* deal with the clock condition.                                       */
 133:Generated_Source\PSoC4/cyfitter_cfg.c **** 
 134:Generated_Source\PSoC4/cyfitter_cfg.c **** #ifdef CY_CFG_CLOCK_STARTUP_ERROR_CALLBACK
 135:Generated_Source\PSoC4/cyfitter_cfg.c ****     CY_CFG_Clock_Startup_ErrorCallback();
 136:Generated_Source\PSoC4/cyfitter_cfg.c **** #else
 137:Generated_Source\PSoC4/cyfitter_cfg.c ****     /*  If not using CY_CFG_CLOCK_STARTUP_ERROR_CALLBACK, place your clock startup code here. */
 138:Generated_Source\PSoC4/cyfitter_cfg.c ****     /* `#START CyClockStartupError` */
 139:Generated_Source\PSoC4/cyfitter_cfg.c **** 
 140:Generated_Source\PSoC4/cyfitter_cfg.c **** 
 141:Generated_Source\PSoC4/cyfitter_cfg.c **** 
 142:Generated_Source\PSoC4/cyfitter_cfg.c ****     /* `#END` */
 143:Generated_Source\PSoC4/cyfitter_cfg.c **** 
 144:Generated_Source\PSoC4/cyfitter_cfg.c ****     while(1) {}
 145:Generated_Source\PSoC4/cyfitter_cfg.c **** #endif /* CY_CFG_CLOCK_STARTUP_ERROR_CALLBACK */
ARM GAS  C:\Users\Ryan\AppData\Local\Temp\cce0cS8x.s 			page 4


 146:Generated_Source\PSoC4/cyfitter_cfg.c **** }
 147:Generated_Source\PSoC4/cyfitter_cfg.c **** #endif
 148:Generated_Source\PSoC4/cyfitter_cfg.c **** 
 149:Generated_Source\PSoC4/cyfitter_cfg.c **** 
 150:Generated_Source\PSoC4/cyfitter_cfg.c **** 
 151:Generated_Source\PSoC4/cyfitter_cfg.c **** /*******************************************************************************
 152:Generated_Source\PSoC4/cyfitter_cfg.c **** * Function Name: ClockSetup
 153:Generated_Source\PSoC4/cyfitter_cfg.c **** ********************************************************************************
 154:Generated_Source\PSoC4/cyfitter_cfg.c **** *
 155:Generated_Source\PSoC4/cyfitter_cfg.c **** * Summary:
 156:Generated_Source\PSoC4/cyfitter_cfg.c **** *   Performs the initialization of all of the clocks in the device based on the
 157:Generated_Source\PSoC4/cyfitter_cfg.c **** *   settings in the Clock tab of the DWR.  This includes enabling the requested
 158:Generated_Source\PSoC4/cyfitter_cfg.c **** *   clocks and setting the necessary dividers to produce the desired frequency. 
 159:Generated_Source\PSoC4/cyfitter_cfg.c **** *
 160:Generated_Source\PSoC4/cyfitter_cfg.c **** * Parameters:
 161:Generated_Source\PSoC4/cyfitter_cfg.c **** *   void
 162:Generated_Source\PSoC4/cyfitter_cfg.c **** *
 163:Generated_Source\PSoC4/cyfitter_cfg.c **** * Return:
 164:Generated_Source\PSoC4/cyfitter_cfg.c **** *   void
 165:Generated_Source\PSoC4/cyfitter_cfg.c **** *
 166:Generated_Source\PSoC4/cyfitter_cfg.c **** *******************************************************************************/
 167:Generated_Source\PSoC4/cyfitter_cfg.c **** static void ClockSetup(void);
 168:Generated_Source\PSoC4/cyfitter_cfg.c **** CY_CFG_SECTION
 169:Generated_Source\PSoC4/cyfitter_cfg.c **** static void ClockSetup(void)
 170:Generated_Source\PSoC4/cyfitter_cfg.c **** {
 171:Generated_Source\PSoC4/cyfitter_cfg.c **** 
 172:Generated_Source\PSoC4/cyfitter_cfg.c **** 	/* Set Flash Cycles based on max possible frequency in case a glitch occurs during ClockSetup(). *
 173:Generated_Source\PSoC4/cyfitter_cfg.c **** 	CY_SET_REG32((void CYXDATA *)(CYREG_CPUSS_FLASH_CTL), (0x0012u));
 174:Generated_Source\PSoC4/cyfitter_cfg.c **** 	/* Update IMO to new clock speed. */
 175:Generated_Source\PSoC4/cyfitter_cfg.c **** 	CySysClkWriteImoFreq(24u);
 176:Generated_Source\PSoC4/cyfitter_cfg.c **** 
 177:Generated_Source\PSoC4/cyfitter_cfg.c **** 	/* Setup phase aligned clocks */
 178:Generated_Source\PSoC4/cyfitter_cfg.c **** 	CY_SET_REG32((void *)CYREG_PERI_DIV_16_CTL1, 0x00000000u);
 179:Generated_Source\PSoC4/cyfitter_cfg.c **** 	CY_SET_REG32((void *)CYREG_PERI_DIV_CMD, 0x8000FF41u);
 180:Generated_Source\PSoC4/cyfitter_cfg.c **** 	CY_SET_REG32((void *)CYREG_PERI_DIV_16_CTL2, 0x00000100u);
 181:Generated_Source\PSoC4/cyfitter_cfg.c **** 	CY_SET_REG32((void *)CYREG_PERI_DIV_CMD, 0x8000FF42u);
 182:Generated_Source\PSoC4/cyfitter_cfg.c **** 	CY_SET_REG32((void *)CYREG_PERI_DIV_16_CTL0, 0x0000FE00u);
 183:Generated_Source\PSoC4/cyfitter_cfg.c **** 	CY_SET_REG32((void *)CYREG_PERI_DIV_CMD, 0x8000FF40u);
 184:Generated_Source\PSoC4/cyfitter_cfg.c **** 	CY_SET_REG32((void *)CYREG_PERI_DIV_16_CTL3, 0x00000C00u);
 185:Generated_Source\PSoC4/cyfitter_cfg.c **** 	CY_SET_REG32((void *)CYREG_PERI_DIV_CMD, 0x8000FF43u);
 186:Generated_Source\PSoC4/cyfitter_cfg.c **** 
 187:Generated_Source\PSoC4/cyfitter_cfg.c **** 	/* CYDEV_CLK_SELECT Starting address: CYDEV_CLK_SELECT */
 188:Generated_Source\PSoC4/cyfitter_cfg.c **** 	CY_SET_REG32((void *)(CYREG_CLK_SELECT), 0x00000000u);
 189:Generated_Source\PSoC4/cyfitter_cfg.c **** 
 190:Generated_Source\PSoC4/cyfitter_cfg.c **** 	/* CYDEV_PERI_PCLK_CTL6 Starting address: CYDEV_PERI_PCLK_CTL6 */
 191:Generated_Source\PSoC4/cyfitter_cfg.c **** 	CY_SET_REG32((void *)(CYREG_PERI_PCLK_CTL6), 0x00000041u);
 192:Generated_Source\PSoC4/cyfitter_cfg.c **** 
 193:Generated_Source\PSoC4/cyfitter_cfg.c **** 	/* CYDEV_PERI_PCLK_CTL4 Starting address: CYDEV_PERI_PCLK_CTL4 */
 194:Generated_Source\PSoC4/cyfitter_cfg.c **** 	CY_SET_REG32((void *)(CYREG_PERI_PCLK_CTL4), 0x00000042u);
 195:Generated_Source\PSoC4/cyfitter_cfg.c **** 
 196:Generated_Source\PSoC4/cyfitter_cfg.c **** 	/* CYDEV_PERI_PCLK_CTL3 Starting address: CYDEV_PERI_PCLK_CTL3 */
 197:Generated_Source\PSoC4/cyfitter_cfg.c **** 	CY_SET_REG32((void *)(CYREG_PERI_PCLK_CTL3), 0x00000042u);
 198:Generated_Source\PSoC4/cyfitter_cfg.c **** 
 199:Generated_Source\PSoC4/cyfitter_cfg.c **** 	/* CYDEV_PERI_PCLK_CTL2 Starting address: CYDEV_PERI_PCLK_CTL2 */
 200:Generated_Source\PSoC4/cyfitter_cfg.c **** 	CY_SET_REG32((void *)(CYREG_PERI_PCLK_CTL2), 0x00000040u);
 201:Generated_Source\PSoC4/cyfitter_cfg.c **** 
 202:Generated_Source\PSoC4/cyfitter_cfg.c **** 	/* CYDEV_PERI_PCLK_CTL0 Starting address: CYDEV_PERI_PCLK_CTL0 */
ARM GAS  C:\Users\Ryan\AppData\Local\Temp\cce0cS8x.s 			page 5


 203:Generated_Source\PSoC4/cyfitter_cfg.c **** 	CY_SET_REG32((void *)(CYREG_PERI_PCLK_CTL0), 0x00000043u);
 204:Generated_Source\PSoC4/cyfitter_cfg.c **** 
 205:Generated_Source\PSoC4/cyfitter_cfg.c **** 	/* Set Flash Cycles based on newly configured 24.00MHz HFCLK. */
 206:Generated_Source\PSoC4/cyfitter_cfg.c **** 	CY_SET_REG32((void CYXDATA *)(CYREG_CPUSS_FLASH_CTL), (0x0011u));
 207:Generated_Source\PSoC4/cyfitter_cfg.c **** }
 208:Generated_Source\PSoC4/cyfitter_cfg.c **** 
 209:Generated_Source\PSoC4/cyfitter_cfg.c **** 
 210:Generated_Source\PSoC4/cyfitter_cfg.c **** /* Analog API Functions */
 211:Generated_Source\PSoC4/cyfitter_cfg.c **** 
 212:Generated_Source\PSoC4/cyfitter_cfg.c **** 
 213:Generated_Source\PSoC4/cyfitter_cfg.c **** /*******************************************************************************
 214:Generated_Source\PSoC4/cyfitter_cfg.c **** * Function Name: AnalogSetDefault
 215:Generated_Source\PSoC4/cyfitter_cfg.c **** ********************************************************************************
 216:Generated_Source\PSoC4/cyfitter_cfg.c **** *
 217:Generated_Source\PSoC4/cyfitter_cfg.c **** * Summary:
 218:Generated_Source\PSoC4/cyfitter_cfg.c **** *  Sets up the analog portions of the chip to default values based on chip
 219:Generated_Source\PSoC4/cyfitter_cfg.c **** *  configuration options from the project.
 220:Generated_Source\PSoC4/cyfitter_cfg.c **** *
 221:Generated_Source\PSoC4/cyfitter_cfg.c **** * Parameters:
 222:Generated_Source\PSoC4/cyfitter_cfg.c **** *  void
 223:Generated_Source\PSoC4/cyfitter_cfg.c **** *
 224:Generated_Source\PSoC4/cyfitter_cfg.c **** * Return:
 225:Generated_Source\PSoC4/cyfitter_cfg.c **** *  void
 226:Generated_Source\PSoC4/cyfitter_cfg.c **** *
 227:Generated_Source\PSoC4/cyfitter_cfg.c **** *******************************************************************************/
 228:Generated_Source\PSoC4/cyfitter_cfg.c **** static void AnalogSetDefault(void);
 229:Generated_Source\PSoC4/cyfitter_cfg.c **** static void AnalogSetDefault(void)
 230:Generated_Source\PSoC4/cyfitter_cfg.c **** {
  27              		.loc 1 230 0
  28              		.cfi_startproc
  29              		@ args = 0, pretend = 0, frame = 0
  30              		@ frame_needed = 0, uses_anonymous_args = 0
  31              		@ link register save eliminated.
 231:Generated_Source\PSoC4/cyfitter_cfg.c **** 	CY_SET_XTND_REG32((void CYFAR *)CYREG_CSD_SW_REFGEN_SEL, 0x00000010u);
  32              		.loc 1 231 0
  33 0000 1023     		movs	r3, #16
  34 0002 024A     		ldr	r2, .L2
  35 0004 1360     		str	r3, [r2]
 232:Generated_Source\PSoC4/cyfitter_cfg.c **** 	CY_SET_XTND_REG32((void CYFAR *)CYREG_CSD_SW_DSI_SEL, 0x00000010u);
  36              		.loc 1 232 0
  37 0006 024A     		ldr	r2, .L2+4
  38 0008 1360     		str	r3, [r2]
 233:Generated_Source\PSoC4/cyfitter_cfg.c **** 	/* Variable VDDA is selected; no pumps are enabled by default */
 234:Generated_Source\PSoC4/cyfitter_cfg.c **** }
  39              		.loc 1 234 0
  40              		@ sp needed
  41 000a 7047     		bx	lr
  42              	.L3:
  43              		.align	2
  44              	.L2:
  45 000c A8020B40 		.word	1074463400
  46 0010 C0020B40 		.word	1074463424
  47              		.cfi_endproc
  48              	.LFE5:
  49              		.size	AnalogSetDefault, .-AnalogSetDefault
  50              		.section	.psocinit,"ax",%progbits
  51              		.align	2
ARM GAS  C:\Users\Ryan\AppData\Local\Temp\cce0cS8x.s 			page 6


  52              		.code	16
  53              		.thumb_func
  54              		.type	ClockSetup, %function
  55              	ClockSetup:
  56              	.LFB4:
 170:Generated_Source\PSoC4/cyfitter_cfg.c **** 
  57              		.loc 1 170 0
  58              		.cfi_startproc
  59              		@ args = 0, pretend = 0, frame = 0
  60              		@ frame_needed = 0, uses_anonymous_args = 0
  61 0000 10B5     		push	{r4, lr}
  62              		.cfi_def_cfa_offset 8
  63              		.cfi_offset 4, -8
  64              		.cfi_offset 14, -4
 173:Generated_Source\PSoC4/cyfitter_cfg.c **** 	/* Update IMO to new clock speed. */
  65              		.loc 1 173 0
  66 0002 184C     		ldr	r4, .L5
  67 0004 1223     		movs	r3, #18
  68 0006 2360     		str	r3, [r4]
 175:Generated_Source\PSoC4/cyfitter_cfg.c **** 
  69              		.loc 1 175 0
  70 0008 1820     		movs	r0, #24
  71 000a FFF7FEFF 		bl	CySysClkWriteImoFreq
  72              	.LVL0:
 178:Generated_Source\PSoC4/cyfitter_cfg.c **** 	CY_SET_REG32((void *)CYREG_PERI_DIV_CMD, 0x8000FF41u);
  73              		.loc 1 178 0
  74 000e 0022     		movs	r2, #0
  75 0010 154B     		ldr	r3, .L5+4
  76 0012 1A60     		str	r2, [r3]
 179:Generated_Source\PSoC4/cyfitter_cfg.c **** 	CY_SET_REG32((void *)CYREG_PERI_DIV_16_CTL2, 0x00000100u);
  77              		.loc 1 179 0
  78 0014 154B     		ldr	r3, .L5+8
  79 0016 1649     		ldr	r1, .L5+12
  80 0018 1960     		str	r1, [r3]
 180:Generated_Source\PSoC4/cyfitter_cfg.c **** 	CY_SET_REG32((void *)CYREG_PERI_DIV_CMD, 0x8000FF42u);
  81              		.loc 1 180 0
  82 001a 8020     		movs	r0, #128
  83 001c 4000     		lsls	r0, r0, #1
  84 001e 1549     		ldr	r1, .L5+16
  85 0020 0860     		str	r0, [r1]
 181:Generated_Source\PSoC4/cyfitter_cfg.c **** 	CY_SET_REG32((void *)CYREG_PERI_DIV_16_CTL0, 0x0000FE00u);
  86              		.loc 1 181 0
  87 0022 1549     		ldr	r1, .L5+20
  88 0024 1960     		str	r1, [r3]
 182:Generated_Source\PSoC4/cyfitter_cfg.c **** 	CY_SET_REG32((void *)CYREG_PERI_DIV_CMD, 0x8000FF40u);
  89              		.loc 1 182 0
  90 0026 FE20     		movs	r0, #254
  91 0028 0002     		lsls	r0, r0, #8
  92 002a 1449     		ldr	r1, .L5+24
  93 002c 0860     		str	r0, [r1]
 183:Generated_Source\PSoC4/cyfitter_cfg.c **** 	CY_SET_REG32((void *)CYREG_PERI_DIV_16_CTL3, 0x00000C00u);
  94              		.loc 1 183 0
  95 002e 1449     		ldr	r1, .L5+28
  96 0030 1960     		str	r1, [r3]
 184:Generated_Source\PSoC4/cyfitter_cfg.c **** 	CY_SET_REG32((void *)CYREG_PERI_DIV_CMD, 0x8000FF43u);
  97              		.loc 1 184 0
  98 0032 C020     		movs	r0, #192
ARM GAS  C:\Users\Ryan\AppData\Local\Temp\cce0cS8x.s 			page 7


  99 0034 0001     		lsls	r0, r0, #4
 100 0036 1349     		ldr	r1, .L5+32
 101 0038 0860     		str	r0, [r1]
 185:Generated_Source\PSoC4/cyfitter_cfg.c **** 
 102              		.loc 1 185 0
 103 003a 1349     		ldr	r1, .L5+36
 104 003c 1960     		str	r1, [r3]
 188:Generated_Source\PSoC4/cyfitter_cfg.c **** 
 105              		.loc 1 188 0
 106 003e 134B     		ldr	r3, .L5+40
 107 0040 1A60     		str	r2, [r3]
 191:Generated_Source\PSoC4/cyfitter_cfg.c **** 
 108              		.loc 1 191 0
 109 0042 4132     		adds	r2, r2, #65
 110 0044 124B     		ldr	r3, .L5+44
 111 0046 1A60     		str	r2, [r3]
 194:Generated_Source\PSoC4/cyfitter_cfg.c **** 
 112              		.loc 1 194 0
 113 0048 4223     		movs	r3, #66
 114 004a 124A     		ldr	r2, .L5+48
 115 004c 1360     		str	r3, [r2]
 197:Generated_Source\PSoC4/cyfitter_cfg.c **** 
 116              		.loc 1 197 0
 117 004e 124A     		ldr	r2, .L5+52
 118 0050 1360     		str	r3, [r2]
 200:Generated_Source\PSoC4/cyfitter_cfg.c **** 
 119              		.loc 1 200 0
 120 0052 4022     		movs	r2, #64
 121 0054 114B     		ldr	r3, .L5+56
 122 0056 1A60     		str	r2, [r3]
 203:Generated_Source\PSoC4/cyfitter_cfg.c **** 
 123              		.loc 1 203 0
 124 0058 0332     		adds	r2, r2, #3
 125 005a 114B     		ldr	r3, .L5+60
 126 005c 1A60     		str	r2, [r3]
 206:Generated_Source\PSoC4/cyfitter_cfg.c **** }
 127              		.loc 1 206 0
 128 005e 1123     		movs	r3, #17
 129 0060 2360     		str	r3, [r4]
 207:Generated_Source\PSoC4/cyfitter_cfg.c **** 
 130              		.loc 1 207 0
 131              		@ sp needed
 132 0062 10BD     		pop	{r4, pc}
 133              	.L6:
 134              		.align	2
 135              	.L5:
 136 0064 30001040 		.word	1074790448
 137 0068 04030140 		.word	1073808132
 138 006c 00000140 		.word	1073807360
 139 0070 41FF0080 		.word	-2147418303
 140 0074 08030140 		.word	1073808136
 141 0078 42FF0080 		.word	-2147418302
 142 007c 00030140 		.word	1073808128
 143 0080 40FF0080 		.word	-2147418304
 144 0084 0C030140 		.word	1073808140
 145 0088 43FF0080 		.word	-2147418301
 146 008c 28000340 		.word	1073938472
ARM GAS  C:\Users\Ryan\AppData\Local\Temp\cce0cS8x.s 			page 8


 147 0090 18010140 		.word	1073807640
 148 0094 10010140 		.word	1073807632
 149 0098 0C010140 		.word	1073807628
 150 009c 08010140 		.word	1073807624
 151 00a0 00010140 		.word	1073807616
 152              		.cfi_endproc
 153              	.LFE4:
 154              		.size	ClockSetup, .-ClockSetup
 155              		.section	.text.SetAnalogRoutingPumps,"ax",%progbits
 156              		.align	2
 157              		.global	SetAnalogRoutingPumps
 158              		.code	16
 159              		.thumb_func
 160              		.type	SetAnalogRoutingPumps, %function
 161              	SetAnalogRoutingPumps:
 162              	.LFB6:
 235:Generated_Source\PSoC4/cyfitter_cfg.c **** 
 236:Generated_Source\PSoC4/cyfitter_cfg.c **** 
 237:Generated_Source\PSoC4/cyfitter_cfg.c **** /*******************************************************************************
 238:Generated_Source\PSoC4/cyfitter_cfg.c **** * Function Name: SetAnalogRoutingPumps
 239:Generated_Source\PSoC4/cyfitter_cfg.c **** ********************************************************************************
 240:Generated_Source\PSoC4/cyfitter_cfg.c **** *
 241:Generated_Source\PSoC4/cyfitter_cfg.c **** * Summary:
 242:Generated_Source\PSoC4/cyfitter_cfg.c **** * Enables or disables the analog pumps feeding analog routing switches.
 243:Generated_Source\PSoC4/cyfitter_cfg.c **** * Intended to be called at startup, based on the Vdda system configuration;
 244:Generated_Source\PSoC4/cyfitter_cfg.c **** * may be called during operation when the user informs us that the Vdda voltage crossed the pump th
 245:Generated_Source\PSoC4/cyfitter_cfg.c **** *
 246:Generated_Source\PSoC4/cyfitter_cfg.c **** * Parameters:
 247:Generated_Source\PSoC4/cyfitter_cfg.c **** *  enabled - 1 to enable the pumps, 0 to disable the pumps
 248:Generated_Source\PSoC4/cyfitter_cfg.c **** *
 249:Generated_Source\PSoC4/cyfitter_cfg.c **** * Return:
 250:Generated_Source\PSoC4/cyfitter_cfg.c **** *  void
 251:Generated_Source\PSoC4/cyfitter_cfg.c **** *
 252:Generated_Source\PSoC4/cyfitter_cfg.c **** *******************************************************************************/
 253:Generated_Source\PSoC4/cyfitter_cfg.c **** void SetAnalogRoutingPumps(uint8 enabled)
 254:Generated_Source\PSoC4/cyfitter_cfg.c **** {
 163              		.loc 1 254 0
 164              		.cfi_startproc
 165              		@ args = 0, pretend = 0, frame = 0
 166              		@ frame_needed = 0, uses_anonymous_args = 0
 167              		@ link register save eliminated.
 168              	.LVL1:
 255:Generated_Source\PSoC4/cyfitter_cfg.c **** 	uint32 regValue = CY_GET_XTND_REG32((void *)(CYREG_HSIOM_PUMP_CTL));
 169              		.loc 1 255 0
 170 0000 0B4B     		ldr	r3, .L12
 171 0002 1B68     		ldr	r3, [r3]
 172              	.LVL2:
 256:Generated_Source\PSoC4/cyfitter_cfg.c **** 	if (enabled != 0u)
 173              		.loc 1 256 0
 174 0004 0028     		cmp	r0, #0
 175 0006 03D0     		beq	.L8
 257:Generated_Source\PSoC4/cyfitter_cfg.c **** 	{
 258:Generated_Source\PSoC4/cyfitter_cfg.c **** 		regValue |= 0x80000000u;
 176              		.loc 1 258 0
 177 0008 8022     		movs	r2, #128
 178 000a 1206     		lsls	r2, r2, #24
 179 000c 1343     		orrs	r3, r2
ARM GAS  C:\Users\Ryan\AppData\Local\Temp\cce0cS8x.s 			page 9


 180              	.LVL3:
 181 000e 01E0     		b	.L9
 182              	.L8:
 259:Generated_Source\PSoC4/cyfitter_cfg.c **** 	}
 260:Generated_Source\PSoC4/cyfitter_cfg.c **** 	else
 261:Generated_Source\PSoC4/cyfitter_cfg.c **** 	{
 262:Generated_Source\PSoC4/cyfitter_cfg.c **** 		regValue &= ~0x80000000u;
 183              		.loc 1 262 0
 184 0010 5B00     		lsls	r3, r3, #1
 185              	.LVL4:
 186 0012 5B08     		lsrs	r3, r3, #1
 187              	.LVL5:
 188              	.L9:
 263:Generated_Source\PSoC4/cyfitter_cfg.c **** 	}
 264:Generated_Source\PSoC4/cyfitter_cfg.c **** 	CY_SET_XTND_REG32((void *)(CYREG_HSIOM_PUMP_CTL), regValue);
 189              		.loc 1 264 0
 190 0014 064A     		ldr	r2, .L12
 191 0016 1360     		str	r3, [r2]
 265:Generated_Source\PSoC4/cyfitter_cfg.c **** 	regValue = CY_GET_XTND_REG32((void *)(CYREG_CLK_SELECT));
 192              		.loc 1 265 0
 193 0018 064B     		ldr	r3, .L12+4
 194              	.LVL6:
 195 001a 1B68     		ldr	r3, [r3]
 196              	.LVL7:
 266:Generated_Source\PSoC4/cyfitter_cfg.c **** 	if (enabled != 0u)
 197              		.loc 1 266 0
 198 001c 0028     		cmp	r0, #0
 199 001e 02D0     		beq	.L10
 267:Generated_Source\PSoC4/cyfitter_cfg.c **** 	{
 268:Generated_Source\PSoC4/cyfitter_cfg.c **** 		regValue |= 0x00000020u;
 200              		.loc 1 268 0
 201 0020 2022     		movs	r2, #32
 202 0022 1343     		orrs	r3, r2
 203              	.LVL8:
 204 0024 01E0     		b	.L11
 205              	.L10:
 269:Generated_Source\PSoC4/cyfitter_cfg.c **** 	}
 270:Generated_Source\PSoC4/cyfitter_cfg.c **** 	else
 271:Generated_Source\PSoC4/cyfitter_cfg.c **** 	{
 272:Generated_Source\PSoC4/cyfitter_cfg.c **** 		regValue &= ~0x00000020u;
 206              		.loc 1 272 0
 207 0026 2022     		movs	r2, #32
 208 0028 9343     		bics	r3, r2
 209              	.LVL9:
 210              	.L11:
 273:Generated_Source\PSoC4/cyfitter_cfg.c **** 	}
 274:Generated_Source\PSoC4/cyfitter_cfg.c **** 	CY_SET_XTND_REG32((void *)(CYREG_CLK_SELECT), regValue);
 211              		.loc 1 274 0
 212 002a 024A     		ldr	r2, .L12+4
 213 002c 1360     		str	r3, [r2]
 275:Generated_Source\PSoC4/cyfitter_cfg.c **** }
 214              		.loc 1 275 0
 215              		@ sp needed
 216 002e 7047     		bx	lr
 217              	.L13:
 218              		.align	2
 219              	.L12:
ARM GAS  C:\Users\Ryan\AppData\Local\Temp\cce0cS8x.s 			page 10


 220 0030 00200240 		.word	1073881088
 221 0034 28000340 		.word	1073938472
 222              		.cfi_endproc
 223              	.LFE6:
 224              		.size	SetAnalogRoutingPumps, .-SetAnalogRoutingPumps
 225              		.section	.psocinit
 226              		.align	2
 227              		.global	cyfitter_cfg
 228              		.code	16
 229              		.thumb_func
 230              		.type	cyfitter_cfg, %function
 231              	cyfitter_cfg:
 232              	.LFB7:
 276:Generated_Source\PSoC4/cyfitter_cfg.c **** 
 277:Generated_Source\PSoC4/cyfitter_cfg.c **** 
 278:Generated_Source\PSoC4/cyfitter_cfg.c **** 
 279:Generated_Source\PSoC4/cyfitter_cfg.c **** 
 280:Generated_Source\PSoC4/cyfitter_cfg.c **** /*******************************************************************************
 281:Generated_Source\PSoC4/cyfitter_cfg.c **** * Function Name: cyfitter_cfg
 282:Generated_Source\PSoC4/cyfitter_cfg.c **** ********************************************************************************
 283:Generated_Source\PSoC4/cyfitter_cfg.c **** * Summary:
 284:Generated_Source\PSoC4/cyfitter_cfg.c **** *  This function is called by the start-up code for the selected device. It
 285:Generated_Source\PSoC4/cyfitter_cfg.c **** *  performs all of the necessary device configuration based on the design
 286:Generated_Source\PSoC4/cyfitter_cfg.c **** *  settings.  This includes settings from the Design Wide Resources (DWR) such
 287:Generated_Source\PSoC4/cyfitter_cfg.c **** *  as Clocks and Pins as well as any component configuration that is necessary.
 288:Generated_Source\PSoC4/cyfitter_cfg.c **** *
 289:Generated_Source\PSoC4/cyfitter_cfg.c **** * Parameters:
 290:Generated_Source\PSoC4/cyfitter_cfg.c **** *   void
 291:Generated_Source\PSoC4/cyfitter_cfg.c **** *
 292:Generated_Source\PSoC4/cyfitter_cfg.c **** * Return:
 293:Generated_Source\PSoC4/cyfitter_cfg.c **** *   void
 294:Generated_Source\PSoC4/cyfitter_cfg.c **** *
 295:Generated_Source\PSoC4/cyfitter_cfg.c **** *******************************************************************************/
 296:Generated_Source\PSoC4/cyfitter_cfg.c **** CY_CFG_SECTION
 297:Generated_Source\PSoC4/cyfitter_cfg.c **** void cyfitter_cfg(void)
 298:Generated_Source\PSoC4/cyfitter_cfg.c **** {
 233              		.loc 1 298 0
 234              		.cfi_startproc
 235              		@ args = 0, pretend = 0, frame = 0
 236              		@ frame_needed = 0, uses_anonymous_args = 0
 237 00a4 10B5     		push	{r4, lr}
 238              		.cfi_def_cfa_offset 8
 239              		.cfi_offset 4, -8
 240              		.cfi_offset 14, -4
 299:Generated_Source\PSoC4/cyfitter_cfg.c **** 	/* Disable interrupts by default. Let user enable if/when they want. */
 300:Generated_Source\PSoC4/cyfitter_cfg.c **** 	CyGlobalIntDisable;
 241              		.loc 1 300 0
 242              		.syntax divided
 243              	@ 300 "Generated_Source\PSoC4\cyfitter_cfg.c" 1
 244 00a6 72B6     		CPSID   i
 245              	@ 0 "" 2
 301:Generated_Source\PSoC4/cyfitter_cfg.c **** 
 302:Generated_Source\PSoC4/cyfitter_cfg.c **** 	{
 303:Generated_Source\PSoC4/cyfitter_cfg.c **** 		/* HSIOM Starting address: CYDEV_HSIOM_BASE */
 304:Generated_Source\PSoC4/cyfitter_cfg.c **** 		CY_SET_REG32((void *)(CYDEV_HSIOM_BASE), 0x000000BBu);
 246              		.loc 1 304 0
 247              		.thumb
ARM GAS  C:\Users\Ryan\AppData\Local\Temp\cce0cS8x.s 			page 11


 248              		.syntax unified
 249 00a8 BB22     		movs	r2, #187
 250 00aa 1C4B     		ldr	r3, .L15
 251 00ac 1A60     		str	r2, [r3]
 305:Generated_Source\PSoC4/cyfitter_cfg.c **** 		CY_SET_REG32((void *)(CYREG_HSIOM_PORT_SEL1), 0x00000099u);
 252              		.loc 1 305 0
 253 00ae 223A     		subs	r2, r2, #34
 254 00b0 1B4B     		ldr	r3, .L15+4
 255 00b2 1A60     		str	r2, [r3]
 306:Generated_Source\PSoC4/cyfitter_cfg.c **** 		CY_SET_REG32((void *)(CYREG_HSIOM_PORT_SEL3), 0x0800EE00u);
 256              		.loc 1 306 0
 257 00b4 1B4A     		ldr	r2, .L15+8
 258 00b6 1C4B     		ldr	r3, .L15+12
 259 00b8 1A60     		str	r2, [r3]
 307:Generated_Source\PSoC4/cyfitter_cfg.c **** 
 308:Generated_Source\PSoC4/cyfitter_cfg.c **** 		/* TCPWM_CNT1 Starting address: CYDEV_TCPWM_CNT1_TR_CTRL0 */
 309:Generated_Source\PSoC4/cyfitter_cfg.c **** 		CY_SET_REG32((void *)(CYREG_TCPWM_CNT1_TR_CTRL0), 0x00030020u);
 260              		.loc 1 309 0
 261 00ba 1C4A     		ldr	r2, .L15+16
 262 00bc 1C4B     		ldr	r3, .L15+20
 263 00be 1A60     		str	r2, [r3]
 310:Generated_Source\PSoC4/cyfitter_cfg.c **** 
 311:Generated_Source\PSoC4/cyfitter_cfg.c **** 	}
 312:Generated_Source\PSoC4/cyfitter_cfg.c **** 
 313:Generated_Source\PSoC4/cyfitter_cfg.c **** 	/* Perform second pass device configuration. These items must be configured in specific order afte
 314:Generated_Source\PSoC4/cyfitter_cfg.c **** 	/* IOPINS0_0 Starting address: CYDEV_GPIO_PRT0_BASE */
 315:Generated_Source\PSoC4/cyfitter_cfg.c **** 	CY_SET_REG32((void *)(CYDEV_GPIO_PRT0_BASE), 0x00000048u);
 264              		.loc 1 315 0
 265 00c0 4822     		movs	r2, #72
 266 00c2 1C4B     		ldr	r3, .L15+24
 267 00c4 1A60     		str	r2, [r3]
 316:Generated_Source\PSoC4/cyfitter_cfg.c **** 	CY_SET_REG32((void *)(CYREG_GPIO_PRT0_PC), 0x00000409u);
 268              		.loc 1 316 0
 269 00c6 1C4A     		ldr	r2, .L15+28
 270 00c8 1C4B     		ldr	r3, .L15+32
 271 00ca 1A60     		str	r2, [r3]
 317:Generated_Source\PSoC4/cyfitter_cfg.c **** 	CY_SET_REG32((void *)(CYREG_GPIO_PRT0_PC2), 0x000000C0u);
 272              		.loc 1 317 0
 273 00cc C022     		movs	r2, #192
 274 00ce 1C4B     		ldr	r3, .L15+36
 275 00d0 1A60     		str	r2, [r3]
 318:Generated_Source\PSoC4/cyfitter_cfg.c **** 
 319:Generated_Source\PSoC4/cyfitter_cfg.c **** 	/* IOPINS0_1 Starting address: CYDEV_GPIO_PRT1_BASE */
 320:Generated_Source\PSoC4/cyfitter_cfg.c **** 	CY_SET_REG32((void *)(CYDEV_GPIO_PRT1_BASE), 0x00000092u);
 276              		.loc 1 320 0
 277 00d2 2E3A     		subs	r2, r2, #46
 278 00d4 1B4B     		ldr	r3, .L15+40
 279 00d6 1A60     		str	r2, [r3]
 321:Generated_Source\PSoC4/cyfitter_cfg.c **** 	CY_SET_REG32((void *)(CYREG_GPIO_PRT1_PC), 0x004021B1u);
 280              		.loc 1 321 0
 281 00d8 1B4A     		ldr	r2, .L15+44
 282 00da 1C4B     		ldr	r3, .L15+48
 283 00dc 1A60     		str	r2, [r3]
 322:Generated_Source\PSoC4/cyfitter_cfg.c **** 	CY_SET_REG32((void *)(CYREG_GPIO_PRT1_PC2), 0x00000002u);
 284              		.loc 1 322 0
 285 00de 0222     		movs	r2, #2
 286 00e0 1B4B     		ldr	r3, .L15+52
ARM GAS  C:\Users\Ryan\AppData\Local\Temp\cce0cS8x.s 			page 12


 287 00e2 1A60     		str	r2, [r3]
 323:Generated_Source\PSoC4/cyfitter_cfg.c **** 
 324:Generated_Source\PSoC4/cyfitter_cfg.c **** 	/* IOPINS0_2 Starting address: CYDEV_GPIO_PRT2_BASE */
 325:Generated_Source\PSoC4/cyfitter_cfg.c **** 	CY_SET_REG32((void *)(CYDEV_GPIO_PRT2_BASE), 0x00000020u);
 288              		.loc 1 325 0
 289 00e4 2023     		movs	r3, #32
 290 00e6 1B4A     		ldr	r2, .L15+56
 291 00e8 1360     		str	r3, [r2]
 326:Generated_Source\PSoC4/cyfitter_cfg.c **** 	CY_SET_REG32((void *)(CYREG_GPIO_PRT2_PC), 0x00D80180u);
 292              		.loc 1 326 0
 293 00ea 1B49     		ldr	r1, .L15+60
 294 00ec 1B4A     		ldr	r2, .L15+64
 295 00ee 1160     		str	r1, [r2]
 327:Generated_Source\PSoC4/cyfitter_cfg.c **** 	CY_SET_REG32((void *)(CYREG_GPIO_PRT2_PC2), 0x00000020u);
 296              		.loc 1 327 0
 297 00f0 1B4A     		ldr	r2, .L15+68
 298 00f2 1360     		str	r3, [r2]
 328:Generated_Source\PSoC4/cyfitter_cfg.c **** 
 329:Generated_Source\PSoC4/cyfitter_cfg.c **** 	/* IOPINS0_3 Starting address: CYDEV_GPIO_PRT3_BASE */
 330:Generated_Source\PSoC4/cyfitter_cfg.c **** 	CY_SET_REG32((void *)(CYDEV_GPIO_PRT3_BASE), 0x000000C1u);
 299              		.loc 1 330 0
 300 00f4 C122     		movs	r2, #193
 301 00f6 1B4B     		ldr	r3, .L15+72
 302 00f8 1A60     		str	r2, [r3]
 331:Generated_Source\PSoC4/cyfitter_cfg.c **** 	CY_SET_REG32((void *)(CYREG_GPIO_PRT3_PC), 0x005B6D82u);
 303              		.loc 1 331 0
 304 00fa 1B4A     		ldr	r2, .L15+76
 305 00fc 1B4B     		ldr	r3, .L15+80
 306 00fe 1A60     		str	r2, [r3]
 332:Generated_Source\PSoC4/cyfitter_cfg.c **** 
 333:Generated_Source\PSoC4/cyfitter_cfg.c **** 	/* IOPINS0_4 Starting address: CYDEV_GPIO_PRT4_BASE */
 334:Generated_Source\PSoC4/cyfitter_cfg.c **** 	CY_SET_REG32((void *)(CYDEV_GPIO_PRT4_BASE), 0x00000004u);
 307              		.loc 1 334 0
 308 0100 0423     		movs	r3, #4
 309 0102 1B4A     		ldr	r2, .L15+84
 310 0104 1360     		str	r3, [r2]
 335:Generated_Source\PSoC4/cyfitter_cfg.c **** 	CY_SET_REG32((void *)(CYREG_GPIO_PRT4_PC), 0x00000C00u);
 311              		.loc 1 335 0
 312 0106 C021     		movs	r1, #192
 313 0108 0901     		lsls	r1, r1, #4
 314 010a 1A4A     		ldr	r2, .L15+88
 315 010c 1160     		str	r1, [r2]
 336:Generated_Source\PSoC4/cyfitter_cfg.c **** 	CY_SET_REG32((void *)(CYREG_GPIO_PRT4_PC2), 0x00000004u);
 316              		.loc 1 336 0
 317 010e 1A4A     		ldr	r2, .L15+92
 318 0110 1360     		str	r3, [r2]
 337:Generated_Source\PSoC4/cyfitter_cfg.c **** 
 338:Generated_Source\PSoC4/cyfitter_cfg.c **** 
 339:Generated_Source\PSoC4/cyfitter_cfg.c **** 	/* Setup clocks based on selections from Clock DWR */
 340:Generated_Source\PSoC4/cyfitter_cfg.c **** 	ClockSetup();
 319              		.loc 1 340 0
 320 0112 FFF775FF 		bl	ClockSetup
 321              	.LVL10:
 341:Generated_Source\PSoC4/cyfitter_cfg.c **** 
 342:Generated_Source\PSoC4/cyfitter_cfg.c **** 	/* Perform basic analog initialization to defaults */
 343:Generated_Source\PSoC4/cyfitter_cfg.c **** 	AnalogSetDefault();
 322              		.loc 1 343 0
ARM GAS  C:\Users\Ryan\AppData\Local\Temp\cce0cS8x.s 			page 13


 323 0116 FFF7FEFF 		bl	AnalogSetDefault
 324              	.LVL11:
 344:Generated_Source\PSoC4/cyfitter_cfg.c **** 
 345:Generated_Source\PSoC4/cyfitter_cfg.c **** }
 325              		.loc 1 345 0
 326              		@ sp needed
 327 011a 10BD     		pop	{r4, pc}
 328              	.L16:
 329              		.align	2
 330              	.L15:
 331 011c 00000240 		.word	1073872896
 332 0120 00010240 		.word	1073873152
 333 0124 00EE0008 		.word	134278656
 334 0128 00030240 		.word	1073873664
 335 012c 20000300 		.word	196640
 336 0130 60010640 		.word	1074135392
 337 0134 00000440 		.word	1074003968
 338 0138 09040000 		.word	1033
 339 013c 08000440 		.word	1074003976
 340 0140 18000440 		.word	1074003992
 341 0144 00010440 		.word	1074004224
 342 0148 B1214000 		.word	4202929
 343 014c 08010440 		.word	1074004232
 344 0150 18010440 		.word	1074004248
 345 0154 00020440 		.word	1074004480
 346 0158 8001D800 		.word	14156160
 347 015c 08020440 		.word	1074004488
 348 0160 18020440 		.word	1074004504
 349 0164 00030440 		.word	1074004736
 350 0168 826D5B00 		.word	5991810
 351 016c 08030440 		.word	1074004744
 352 0170 00040440 		.word	1074004992
 353 0174 08040440 		.word	1074005000
 354 0178 18040440 		.word	1074005016
 355              		.cfi_endproc
 356              	.LFE7:
 357              		.size	cyfitter_cfg, .-cyfitter_cfg
 358              		.text
 359              	.Letext0:
 360              		.file 2 "Generated_Source\\PSoC4\\cytypes.h"
 361              		.file 3 "Generated_Source\\PSoC4\\CyLib.h"
 362              		.section	.debug_info,"",%progbits
 363              	.Ldebug_info0:
 364 0000 50010000 		.4byte	0x150
 365 0004 0400     		.2byte	0x4
 366 0006 00000000 		.4byte	.Ldebug_abbrev0
 367 000a 04       		.byte	0x4
 368 000b 01       		.uleb128 0x1
 369 000c A6010000 		.4byte	.LASF19
 370 0010 0C       		.byte	0xc
 371 0011 15000000 		.4byte	.LASF20
 372 0015 36010000 		.4byte	.LASF21
 373 0019 00000000 		.4byte	.Ldebug_ranges0+0
 374 001d 00000000 		.4byte	0
 375 0021 00000000 		.4byte	.Ldebug_line0
 376 0025 02       		.uleb128 0x2
 377 0026 04       		.byte	0x4
ARM GAS  C:\Users\Ryan\AppData\Local\Temp\cce0cS8x.s 			page 14


 378 0027 05       		.byte	0x5
 379 0028 696E7400 		.ascii	"int\000"
 380 002c 03       		.uleb128 0x3
 381 002d 04       		.byte	0x4
 382 002e 07       		.byte	0x7
 383 002f 3B000000 		.4byte	.LASF0
 384 0033 03       		.uleb128 0x3
 385 0034 08       		.byte	0x8
 386 0035 05       		.byte	0x5
 387 0036 00000000 		.4byte	.LASF1
 388 003a 03       		.uleb128 0x3
 389 003b 08       		.byte	0x8
 390 003c 04       		.byte	0x4
 391 003d 19010000 		.4byte	.LASF2
 392 0041 03       		.uleb128 0x3
 393 0042 01       		.byte	0x1
 394 0043 06       		.byte	0x6
 395 0044 0D010000 		.4byte	.LASF3
 396 0048 03       		.uleb128 0x3
 397 0049 01       		.byte	0x1
 398 004a 08       		.byte	0x8
 399 004b B5000000 		.4byte	.LASF4
 400 004f 03       		.uleb128 0x3
 401 0050 02       		.byte	0x2
 402 0051 05       		.byte	0x5
 403 0052 9C010000 		.4byte	.LASF5
 404 0056 03       		.uleb128 0x3
 405 0057 02       		.byte	0x2
 406 0058 07       		.byte	0x7
 407 0059 FA000000 		.4byte	.LASF6
 408 005d 03       		.uleb128 0x3
 409 005e 04       		.byte	0x4
 410 005f 05       		.byte	0x5
 411 0060 C8000000 		.4byte	.LASF7
 412 0064 03       		.uleb128 0x3
 413 0065 04       		.byte	0x4
 414 0066 07       		.byte	0x7
 415 0067 4E000000 		.4byte	.LASF8
 416 006b 03       		.uleb128 0x3
 417 006c 08       		.byte	0x8
 418 006d 07       		.byte	0x7
 419 006e 6D000000 		.4byte	.LASF9
 420 0072 03       		.uleb128 0x3
 421 0073 04       		.byte	0x4
 422 0074 07       		.byte	0x7
 423 0075 38020000 		.4byte	.LASF10
 424 0079 03       		.uleb128 0x3
 425 007a 01       		.byte	0x1
 426 007b 08       		.byte	0x8
 427 007c C3000000 		.4byte	.LASF11
 428 0080 04       		.uleb128 0x4
 429 0081 48000000 		.4byte	.LASF12
 430 0085 02       		.byte	0x2
 431 0086 FB01     		.2byte	0x1fb
 432 0088 48000000 		.4byte	0x48
 433 008c 04       		.uleb128 0x4
 434 008d 0E000000 		.4byte	.LASF13
ARM GAS  C:\Users\Ryan\AppData\Local\Temp\cce0cS8x.s 			page 15


 435 0091 02       		.byte	0x2
 436 0092 FD01     		.2byte	0x1fd
 437 0094 64000000 		.4byte	0x64
 438 0098 03       		.uleb128 0x3
 439 0099 04       		.byte	0x4
 440 009a 04       		.byte	0x4
 441 009b 84000000 		.4byte	.LASF14
 442 009f 03       		.uleb128 0x3
 443 00a0 08       		.byte	0x8
 444 00a1 04       		.byte	0x4
 445 00a2 ED000000 		.4byte	.LASF15
 446 00a6 04       		.uleb128 0x4
 447 00a7 F4000000 		.4byte	.LASF16
 448 00ab 02       		.byte	0x2
 449 00ac A702     		.2byte	0x2a7
 450 00ae B2000000 		.4byte	0xb2
 451 00b2 05       		.uleb128 0x5
 452 00b3 8C000000 		.4byte	0x8c
 453 00b7 06       		.uleb128 0x6
 454 00b8 D1000000 		.4byte	.LASF22
 455 00bc 01       		.byte	0x1
 456 00bd E5       		.byte	0xe5
 457 00be 00000000 		.4byte	.LFB5
 458 00c2 14000000 		.4byte	.LFE5-.LFB5
 459 00c6 01       		.uleb128 0x1
 460 00c7 9C       		.byte	0x9c
 461 00c8 07       		.uleb128 0x7
 462 00c9 E2000000 		.4byte	.LASF23
 463 00cd 01       		.byte	0x1
 464 00ce A9       		.byte	0xa9
 465 00cf 00000000 		.4byte	.LFB4
 466 00d3 A4000000 		.4byte	.LFE4-.LFB4
 467 00d7 01       		.uleb128 0x1
 468 00d8 9C       		.byte	0x9c
 469 00d9 ED000000 		.4byte	0xed
 470 00dd 08       		.uleb128 0x8
 471 00de 0E000000 		.4byte	.LVL0
 472 00e2 48010000 		.4byte	0x148
 473 00e6 09       		.uleb128 0x9
 474 00e7 01       		.uleb128 0x1
 475 00e8 50       		.byte	0x50
 476 00e9 01       		.uleb128 0x1
 477 00ea 48       		.byte	0x48
 478 00eb 00       		.byte	0
 479 00ec 00       		.byte	0
 480 00ed 0A       		.uleb128 0xa
 481 00ee 8A000000 		.4byte	.LASF17
 482 00f2 01       		.byte	0x1
 483 00f3 FD       		.byte	0xfd
 484 00f4 00000000 		.4byte	.LFB6
 485 00f8 38000000 		.4byte	.LFE6-.LFB6
 486 00fc 01       		.uleb128 0x1
 487 00fd 9C       		.byte	0x9c
 488 00fe 1F010000 		.4byte	0x11f
 489 0102 0B       		.uleb128 0xb
 490 0103 25010000 		.4byte	.LASF24
 491 0107 01       		.byte	0x1
ARM GAS  C:\Users\Ryan\AppData\Local\Temp\cce0cS8x.s 			page 16


 492 0108 FD       		.byte	0xfd
 493 0109 80000000 		.4byte	0x80
 494 010d 01       		.uleb128 0x1
 495 010e 50       		.byte	0x50
 496 010f 0C       		.uleb128 0xc
 497 0110 2D010000 		.4byte	.LASF25
 498 0114 01       		.byte	0x1
 499 0115 FF       		.byte	0xff
 500 0116 8C000000 		.4byte	0x8c
 501 011a 00000000 		.4byte	.LLST0
 502 011e 00       		.byte	0
 503 011f 0D       		.uleb128 0xd
 504 0120 60000000 		.4byte	.LASF18
 505 0124 01       		.byte	0x1
 506 0125 2901     		.2byte	0x129
 507 0127 A4000000 		.4byte	.LFB7
 508 012b D8000000 		.4byte	.LFE7-.LFB7
 509 012f 01       		.uleb128 0x1
 510 0130 9C       		.byte	0x9c
 511 0131 48010000 		.4byte	0x148
 512 0135 0E       		.uleb128 0xe
 513 0136 16010000 		.4byte	.LVL10
 514 013a C8000000 		.4byte	0xc8
 515 013e 0E       		.uleb128 0xe
 516 013f 1A010000 		.4byte	.LVL11
 517 0143 B7000000 		.4byte	0xb7
 518 0147 00       		.byte	0
 519 0148 0F       		.uleb128 0xf
 520 0149 A0000000 		.4byte	.LASF26
 521 014d A0000000 		.4byte	.LASF26
 522 0151 03       		.byte	0x3
 523 0152 6C       		.byte	0x6c
 524 0153 00       		.byte	0
 525              		.section	.debug_abbrev,"",%progbits
 526              	.Ldebug_abbrev0:
 527 0000 01       		.uleb128 0x1
 528 0001 11       		.uleb128 0x11
 529 0002 01       		.byte	0x1
 530 0003 25       		.uleb128 0x25
 531 0004 0E       		.uleb128 0xe
 532 0005 13       		.uleb128 0x13
 533 0006 0B       		.uleb128 0xb
 534 0007 03       		.uleb128 0x3
 535 0008 0E       		.uleb128 0xe
 536 0009 1B       		.uleb128 0x1b
 537 000a 0E       		.uleb128 0xe
 538 000b 55       		.uleb128 0x55
 539 000c 17       		.uleb128 0x17
 540 000d 11       		.uleb128 0x11
 541 000e 01       		.uleb128 0x1
 542 000f 10       		.uleb128 0x10
 543 0010 17       		.uleb128 0x17
 544 0011 00       		.byte	0
 545 0012 00       		.byte	0
 546 0013 02       		.uleb128 0x2
 547 0014 24       		.uleb128 0x24
 548 0015 00       		.byte	0
ARM GAS  C:\Users\Ryan\AppData\Local\Temp\cce0cS8x.s 			page 17


 549 0016 0B       		.uleb128 0xb
 550 0017 0B       		.uleb128 0xb
 551 0018 3E       		.uleb128 0x3e
 552 0019 0B       		.uleb128 0xb
 553 001a 03       		.uleb128 0x3
 554 001b 08       		.uleb128 0x8
 555 001c 00       		.byte	0
 556 001d 00       		.byte	0
 557 001e 03       		.uleb128 0x3
 558 001f 24       		.uleb128 0x24
 559 0020 00       		.byte	0
 560 0021 0B       		.uleb128 0xb
 561 0022 0B       		.uleb128 0xb
 562 0023 3E       		.uleb128 0x3e
 563 0024 0B       		.uleb128 0xb
 564 0025 03       		.uleb128 0x3
 565 0026 0E       		.uleb128 0xe
 566 0027 00       		.byte	0
 567 0028 00       		.byte	0
 568 0029 04       		.uleb128 0x4
 569 002a 16       		.uleb128 0x16
 570 002b 00       		.byte	0
 571 002c 03       		.uleb128 0x3
 572 002d 0E       		.uleb128 0xe
 573 002e 3A       		.uleb128 0x3a
 574 002f 0B       		.uleb128 0xb
 575 0030 3B       		.uleb128 0x3b
 576 0031 05       		.uleb128 0x5
 577 0032 49       		.uleb128 0x49
 578 0033 13       		.uleb128 0x13
 579 0034 00       		.byte	0
 580 0035 00       		.byte	0
 581 0036 05       		.uleb128 0x5
 582 0037 35       		.uleb128 0x35
 583 0038 00       		.byte	0
 584 0039 49       		.uleb128 0x49
 585 003a 13       		.uleb128 0x13
 586 003b 00       		.byte	0
 587 003c 00       		.byte	0
 588 003d 06       		.uleb128 0x6
 589 003e 2E       		.uleb128 0x2e
 590 003f 00       		.byte	0
 591 0040 03       		.uleb128 0x3
 592 0041 0E       		.uleb128 0xe
 593 0042 3A       		.uleb128 0x3a
 594 0043 0B       		.uleb128 0xb
 595 0044 3B       		.uleb128 0x3b
 596 0045 0B       		.uleb128 0xb
 597 0046 27       		.uleb128 0x27
 598 0047 19       		.uleb128 0x19
 599 0048 11       		.uleb128 0x11
 600 0049 01       		.uleb128 0x1
 601 004a 12       		.uleb128 0x12
 602 004b 06       		.uleb128 0x6
 603 004c 40       		.uleb128 0x40
 604 004d 18       		.uleb128 0x18
 605 004e 9742     		.uleb128 0x2117
ARM GAS  C:\Users\Ryan\AppData\Local\Temp\cce0cS8x.s 			page 18


 606 0050 19       		.uleb128 0x19
 607 0051 00       		.byte	0
 608 0052 00       		.byte	0
 609 0053 07       		.uleb128 0x7
 610 0054 2E       		.uleb128 0x2e
 611 0055 01       		.byte	0x1
 612 0056 03       		.uleb128 0x3
 613 0057 0E       		.uleb128 0xe
 614 0058 3A       		.uleb128 0x3a
 615 0059 0B       		.uleb128 0xb
 616 005a 3B       		.uleb128 0x3b
 617 005b 0B       		.uleb128 0xb
 618 005c 27       		.uleb128 0x27
 619 005d 19       		.uleb128 0x19
 620 005e 11       		.uleb128 0x11
 621 005f 01       		.uleb128 0x1
 622 0060 12       		.uleb128 0x12
 623 0061 06       		.uleb128 0x6
 624 0062 40       		.uleb128 0x40
 625 0063 18       		.uleb128 0x18
 626 0064 9742     		.uleb128 0x2117
 627 0066 19       		.uleb128 0x19
 628 0067 01       		.uleb128 0x1
 629 0068 13       		.uleb128 0x13
 630 0069 00       		.byte	0
 631 006a 00       		.byte	0
 632 006b 08       		.uleb128 0x8
 633 006c 898201   		.uleb128 0x4109
 634 006f 01       		.byte	0x1
 635 0070 11       		.uleb128 0x11
 636 0071 01       		.uleb128 0x1
 637 0072 31       		.uleb128 0x31
 638 0073 13       		.uleb128 0x13
 639 0074 00       		.byte	0
 640 0075 00       		.byte	0
 641 0076 09       		.uleb128 0x9
 642 0077 8A8201   		.uleb128 0x410a
 643 007a 00       		.byte	0
 644 007b 02       		.uleb128 0x2
 645 007c 18       		.uleb128 0x18
 646 007d 9142     		.uleb128 0x2111
 647 007f 18       		.uleb128 0x18
 648 0080 00       		.byte	0
 649 0081 00       		.byte	0
 650 0082 0A       		.uleb128 0xa
 651 0083 2E       		.uleb128 0x2e
 652 0084 01       		.byte	0x1
 653 0085 3F       		.uleb128 0x3f
 654 0086 19       		.uleb128 0x19
 655 0087 03       		.uleb128 0x3
 656 0088 0E       		.uleb128 0xe
 657 0089 3A       		.uleb128 0x3a
 658 008a 0B       		.uleb128 0xb
 659 008b 3B       		.uleb128 0x3b
 660 008c 0B       		.uleb128 0xb
 661 008d 27       		.uleb128 0x27
 662 008e 19       		.uleb128 0x19
ARM GAS  C:\Users\Ryan\AppData\Local\Temp\cce0cS8x.s 			page 19


 663 008f 11       		.uleb128 0x11
 664 0090 01       		.uleb128 0x1
 665 0091 12       		.uleb128 0x12
 666 0092 06       		.uleb128 0x6
 667 0093 40       		.uleb128 0x40
 668 0094 18       		.uleb128 0x18
 669 0095 9742     		.uleb128 0x2117
 670 0097 19       		.uleb128 0x19
 671 0098 01       		.uleb128 0x1
 672 0099 13       		.uleb128 0x13
 673 009a 00       		.byte	0
 674 009b 00       		.byte	0
 675 009c 0B       		.uleb128 0xb
 676 009d 05       		.uleb128 0x5
 677 009e 00       		.byte	0
 678 009f 03       		.uleb128 0x3
 679 00a0 0E       		.uleb128 0xe
 680 00a1 3A       		.uleb128 0x3a
 681 00a2 0B       		.uleb128 0xb
 682 00a3 3B       		.uleb128 0x3b
 683 00a4 0B       		.uleb128 0xb
 684 00a5 49       		.uleb128 0x49
 685 00a6 13       		.uleb128 0x13
 686 00a7 02       		.uleb128 0x2
 687 00a8 18       		.uleb128 0x18
 688 00a9 00       		.byte	0
 689 00aa 00       		.byte	0
 690 00ab 0C       		.uleb128 0xc
 691 00ac 34       		.uleb128 0x34
 692 00ad 00       		.byte	0
 693 00ae 03       		.uleb128 0x3
 694 00af 0E       		.uleb128 0xe
 695 00b0 3A       		.uleb128 0x3a
 696 00b1 0B       		.uleb128 0xb
 697 00b2 3B       		.uleb128 0x3b
 698 00b3 0B       		.uleb128 0xb
 699 00b4 49       		.uleb128 0x49
 700 00b5 13       		.uleb128 0x13
 701 00b6 02       		.uleb128 0x2
 702 00b7 17       		.uleb128 0x17
 703 00b8 00       		.byte	0
 704 00b9 00       		.byte	0
 705 00ba 0D       		.uleb128 0xd
 706 00bb 2E       		.uleb128 0x2e
 707 00bc 01       		.byte	0x1
 708 00bd 3F       		.uleb128 0x3f
 709 00be 19       		.uleb128 0x19
 710 00bf 03       		.uleb128 0x3
 711 00c0 0E       		.uleb128 0xe
 712 00c1 3A       		.uleb128 0x3a
 713 00c2 0B       		.uleb128 0xb
 714 00c3 3B       		.uleb128 0x3b
 715 00c4 05       		.uleb128 0x5
 716 00c5 27       		.uleb128 0x27
 717 00c6 19       		.uleb128 0x19
 718 00c7 11       		.uleb128 0x11
 719 00c8 01       		.uleb128 0x1
ARM GAS  C:\Users\Ryan\AppData\Local\Temp\cce0cS8x.s 			page 20


 720 00c9 12       		.uleb128 0x12
 721 00ca 06       		.uleb128 0x6
 722 00cb 40       		.uleb128 0x40
 723 00cc 18       		.uleb128 0x18
 724 00cd 9742     		.uleb128 0x2117
 725 00cf 19       		.uleb128 0x19
 726 00d0 01       		.uleb128 0x1
 727 00d1 13       		.uleb128 0x13
 728 00d2 00       		.byte	0
 729 00d3 00       		.byte	0
 730 00d4 0E       		.uleb128 0xe
 731 00d5 898201   		.uleb128 0x4109
 732 00d8 00       		.byte	0
 733 00d9 11       		.uleb128 0x11
 734 00da 01       		.uleb128 0x1
 735 00db 31       		.uleb128 0x31
 736 00dc 13       		.uleb128 0x13
 737 00dd 00       		.byte	0
 738 00de 00       		.byte	0
 739 00df 0F       		.uleb128 0xf
 740 00e0 2E       		.uleb128 0x2e
 741 00e1 00       		.byte	0
 742 00e2 3F       		.uleb128 0x3f
 743 00e3 19       		.uleb128 0x19
 744 00e4 3C       		.uleb128 0x3c
 745 00e5 19       		.uleb128 0x19
 746 00e6 6E       		.uleb128 0x6e
 747 00e7 0E       		.uleb128 0xe
 748 00e8 03       		.uleb128 0x3
 749 00e9 0E       		.uleb128 0xe
 750 00ea 3A       		.uleb128 0x3a
 751 00eb 0B       		.uleb128 0xb
 752 00ec 3B       		.uleb128 0x3b
 753 00ed 0B       		.uleb128 0xb
 754 00ee 00       		.byte	0
 755 00ef 00       		.byte	0
 756 00f0 00       		.byte	0
 757              		.section	.debug_loc,"",%progbits
 758              	.Ldebug_loc0:
 759              	.LLST0:
 760 0000 04000000 		.4byte	.LVL2
 761 0004 12000000 		.4byte	.LVL4
 762 0008 0100     		.2byte	0x1
 763 000a 53       		.byte	0x53
 764 000b 14000000 		.4byte	.LVL5
 765 000f 1A000000 		.4byte	.LVL6
 766 0013 0100     		.2byte	0x1
 767 0015 53       		.byte	0x53
 768 0016 1A000000 		.4byte	.LVL6
 769 001a 1C000000 		.4byte	.LVL7
 770 001e 0200     		.2byte	0x2
 771 0020 72       		.byte	0x72
 772 0021 00       		.sleb128 0
 773 0022 1C000000 		.4byte	.LVL7
 774 0026 38000000 		.4byte	.LFE6
 775 002a 0100     		.2byte	0x1
 776 002c 53       		.byte	0x53
ARM GAS  C:\Users\Ryan\AppData\Local\Temp\cce0cS8x.s 			page 21


 777 002d 00000000 		.4byte	0
 778 0031 00000000 		.4byte	0
 779              		.section	.debug_aranges,"",%progbits
 780 0000 34000000 		.4byte	0x34
 781 0004 0200     		.2byte	0x2
 782 0006 00000000 		.4byte	.Ldebug_info0
 783 000a 04       		.byte	0x4
 784 000b 00       		.byte	0
 785 000c 0000     		.2byte	0
 786 000e 0000     		.2byte	0
 787 0010 00000000 		.4byte	.LFB5
 788 0014 14000000 		.4byte	.LFE5-.LFB5
 789 0018 00000000 		.4byte	.LFB4
 790 001c A4000000 		.4byte	.LFE4-.LFB4
 791 0020 00000000 		.4byte	.LFB6
 792 0024 38000000 		.4byte	.LFE6-.LFB6
 793 0028 A4000000 		.4byte	.LFB7
 794 002c D8000000 		.4byte	.LFE7-.LFB7
 795 0030 00000000 		.4byte	0
 796 0034 00000000 		.4byte	0
 797              		.section	.debug_ranges,"",%progbits
 798              	.Ldebug_ranges0:
 799 0000 00000000 		.4byte	.LFB5
 800 0004 14000000 		.4byte	.LFE5
 801 0008 00000000 		.4byte	.LFB4
 802 000c A4000000 		.4byte	.LFE4
 803 0010 00000000 		.4byte	.LFB6
 804 0014 38000000 		.4byte	.LFE6
 805 0018 A4000000 		.4byte	.LFB7
 806 001c 7C010000 		.4byte	.LFE7
 807 0020 00000000 		.4byte	0
 808 0024 00000000 		.4byte	0
 809              		.section	.debug_line,"",%progbits
 810              	.Ldebug_line0:
 811 0000 C5000000 		.section	.debug_str,"MS",%progbits,1
 811      02005400 
 811      00000201 
 811      FB0E0D00 
 811      01010101 
 812              	.LASF1:
 813 0000 6C6F6E67 		.ascii	"long long int\000"
 813      206C6F6E 
 813      6720696E 
 813      7400
 814              	.LASF13:
 815 000e 75696E74 		.ascii	"uint32\000"
 815      333200
 816              	.LASF20:
 817 0015 47656E65 		.ascii	"Generated_Source\\PSoC4\\cyfitter_cfg.c\000"
 817      72617465 
 817      645F536F 
 817      75726365 
 817      5C50536F 
 818              	.LASF0:
 819 003b 756E7369 		.ascii	"unsigned int\000"
 819      676E6564 
 819      20696E74 
ARM GAS  C:\Users\Ryan\AppData\Local\Temp\cce0cS8x.s 			page 22


 819      00
 820              	.LASF12:
 821 0048 75696E74 		.ascii	"uint8\000"
 821      3800
 822              	.LASF8:
 823 004e 6C6F6E67 		.ascii	"long unsigned int\000"
 823      20756E73 
 823      69676E65 
 823      6420696E 
 823      7400
 824              	.LASF18:
 825 0060 63796669 		.ascii	"cyfitter_cfg\000"
 825      74746572 
 825      5F636667 
 825      00
 826              	.LASF9:
 827 006d 6C6F6E67 		.ascii	"long long unsigned int\000"
 827      206C6F6E 
 827      6720756E 
 827      7369676E 
 827      65642069 
 828              	.LASF14:
 829 0084 666C6F61 		.ascii	"float\000"
 829      7400
 830              	.LASF17:
 831 008a 53657441 		.ascii	"SetAnalogRoutingPumps\000"
 831      6E616C6F 
 831      67526F75 
 831      74696E67 
 831      50756D70 
 832              	.LASF26:
 833 00a0 43795379 		.ascii	"CySysClkWriteImoFreq\000"
 833      73436C6B 
 833      57726974 
 833      65496D6F 
 833      46726571 
 834              	.LASF4:
 835 00b5 756E7369 		.ascii	"unsigned char\000"
 835      676E6564 
 835      20636861 
 835      7200
 836              	.LASF11:
 837 00c3 63686172 		.ascii	"char\000"
 837      00
 838              	.LASF7:
 839 00c8 6C6F6E67 		.ascii	"long int\000"
 839      20696E74 
 839      00
 840              	.LASF22:
 841 00d1 416E616C 		.ascii	"AnalogSetDefault\000"
 841      6F675365 
 841      74446566 
 841      61756C74 
 841      00
 842              	.LASF23:
 843 00e2 436C6F63 		.ascii	"ClockSetup\000"
 843      6B536574 
ARM GAS  C:\Users\Ryan\AppData\Local\Temp\cce0cS8x.s 			page 23


 843      757000
 844              	.LASF15:
 845 00ed 646F7562 		.ascii	"double\000"
 845      6C6500
 846              	.LASF16:
 847 00f4 72656733 		.ascii	"reg32\000"
 847      3200
 848              	.LASF6:
 849 00fa 73686F72 		.ascii	"short unsigned int\000"
 849      7420756E 
 849      7369676E 
 849      65642069 
 849      6E7400
 850              	.LASF3:
 851 010d 7369676E 		.ascii	"signed char\000"
 851      65642063 
 851      68617200 
 852              	.LASF2:
 853 0119 6C6F6E67 		.ascii	"long double\000"
 853      20646F75 
 853      626C6500 
 854              	.LASF24:
 855 0125 656E6162 		.ascii	"enabled\000"
 855      6C656400 
 856              	.LASF25:
 857 012d 72656756 		.ascii	"regValue\000"
 857      616C7565 
 857      00
 858              	.LASF21:
 859 0136 433A5C55 		.ascii	"C:\\Users\\Ryan\\ownCloud\\Projects\\EEforEveryone\\"
 859      73657273 
 859      5C527961 
 859      6E5C6F77 
 859      6E436C6F 
 860 0164 32303232 		.ascii	"2022\\2201_MOTOR\\sw\\4_PSoC\\2201_Motor\\2202_Step"
 860      5C323230 
 860      315F4D4F 
 860      544F525C 
 860      73775C34 
 861 0192 7065722E 		.ascii	"per.cydsn\000"
 861      63796473 
 861      6E00
 862              	.LASF5:
 863 019c 73686F72 		.ascii	"short int\000"
 863      7420696E 
 863      7400
 864              	.LASF19:
 865 01a6 474E5520 		.ascii	"GNU C11 5.4.1 20160609 (release) [ARM/embedded-5-br"
 865      43313120 
 865      352E342E 
 865      31203230 
 865      31363036 
 866 01d9 616E6368 		.ascii	"anch revision 237715] -mcpu=cortex-m0plus -mthumb -"
 866      20726576 
 866      6973696F 
 866      6E203233 
 866      37373135 
ARM GAS  C:\Users\Ryan\AppData\Local\Temp\cce0cS8x.s 			page 24


 867 020c 67202D4F 		.ascii	"g -Og -ffunction-sections -ffat-lto-objects\000"
 867      67202D66 
 867      66756E63 
 867      74696F6E 
 867      2D736563 
 868              	.LASF10:
 869 0238 73697A65 		.ascii	"sizetype\000"
 869      74797065 
 869      00
 870              		.ident	"GCC: (GNU Tools for ARM Embedded Processors) 5.4.1 20160609 (release) [ARM/embedded-5-bran
